2025-03-06 16:40:01,089 - INFO - INFO - 加载模型：EMBEDDING_SMELL_ZH: MODEL_PATH+"bge-small-zh"
2025-03-06 16:40:01,101 - INFO - INFO - 加载模型：EMBEDDING_SMELL_ZH: MODEL_PATH+"bge-small-zh"
2025-03-06 16:40:01,103 - INFO - INFO - 加载模型：EMBEDDING_SMELL_ZH: MODEL_PATH+"bge-small-zh"
2025-03-06 16:40:01,105 - INFO - INFO - 加载模型：EMBEDDING_SMELL_ZH: MODEL_PATH+"bge-small-zh"
2025-03-06 16:40:01,107 - INFO - INFO - 加载模型：EMBEDDING_SMELL_ZH: MODEL_PATH+"bge-small-zh"
2025-03-06 16:41:58,167 - INFO - INFO - 加载模型：EMBEDDING_SMELL_ZH: /Users/yinbenxin/git/model/+"bge-small-zh"
2025-03-06 16:41:58,178 - INFO - INFO - 加载模型：EMBEDDING_SMELL_ZH: /Users/yinbenxin/git/model/+"bge-small-zh"
2025-03-06 16:41:58,180 - INFO - INFO - 加载模型：EMBEDDING_SMELL_ZH: /Users/yinbenxin/git/model/+"bge-small-zh"
2025-03-06 16:41:58,182 - INFO - INFO - 加载模型：EMBEDDING_SMELL_ZH: /Users/yinbenxin/git/model/+"bge-small-zh"
2025-03-06 16:41:58,184 - INFO - INFO - 加载模型：EMBEDDING_SMELL_ZH: /Users/yinbenxin/git/model/+"bge-small-zh"
2025-03-06 16:42:29,353 - INFO - INFO - 加载模型：EMBEDDING_SMELL_ZH: /Users/yinbenxin/git/model/bge-small-zh
2025-03-06 16:42:29,728 - INFO - INFO - 加载模型完成
2025-03-06 16:42:29,952 - INFO - INFO - 相似度最高的类型: 姓名-->姓名
2025-03-06 16:42:30,213 - INFO - INFO - 相似度最高的类型: 电话号码-->电话号码
2025-03-06 16:42:30,229 - INFO - INFO - 相似度最高的类型: 出生日期-->出生日期
2025-03-06 16:42:30,244 - INFO - INFO - 相似度最高的类型: 地址-->地址
2025-03-06 16:42:30,260 - INFO - INFO - 相似度最高的类型: 省份-->省份
2025-03-06 16:42:30,275 - INFO - INFO - 相似度最高的类型: 城市-->城市
2025-03-06 16:42:30,289 - INFO - INFO - 相似度最高的类型: 街道名称-->街道名称
2025-03-06 16:42:30,304 - INFO - INFO - 相似度最高的类型: 公司-->公司
2025-03-06 16:42:30,319 - INFO - INFO - 相似度最高的类型: 工作-->工作
2025-03-06 16:42:30,334 - INFO - INFO - 相似度最高的类型: 电子邮件-->电子邮件
2025-03-06 16:42:30,350 - INFO - INFO - 相似度最高的类型: 域名-->域名
2025-03-06 16:42:30,583 - INFO - INFO - 相似度最高的类型: 信用卡号码-->信用卡号码
2025-03-06 16:42:30,598 - INFO - INFO - 相似度最高的类型: 车牌号码-->车牌号码
2025-03-06 16:42:30,614 - INFO - INFO - 相似度最高的类型: 密码-->密码
2025-03-06 16:42:30,629 - INFO - INFO - 相似度最高的类型: 区县-->区县
2025-03-06 16:42:30,644 - INFO - INFO - 相似度最高的类型: 纬度-->纬度
2025-03-06 16:42:30,659 - INFO - INFO - 相似度最高的类型: 经度-->经度
2025-03-06 16:42:30,674 - INFO - INFO - 相似度最高的类型: 日期-->日期
2025-03-06 16:42:30,689 - INFO - INFO - 相似度最高的类型: 时间-->时间
2025-03-06 16:42:30,690 - INFO - INFO - 加载模型：EMBEDDING_SMELL_ZH: /Users/yinbenxin/git/model/bge-small-zh
2025-03-06 16:42:30,764 - INFO - INFO - 加载模型完成
2025-03-06 16:42:30,788 - INFO - INFO - 相似度最高的类型: 姓名-->姓名
2025-03-06 16:42:30,804 - INFO - INFO - 相似度最高的类型: 姓名-->姓名
2025-03-06 16:42:30,804 - INFO - INFO - 加载模型：EMBEDDING_SMELL_ZH: /Users/yinbenxin/git/model/bge-small-zh
2025-03-06 16:42:30,859 - INFO - INFO - 加载模型完成
2025-03-06 16:42:30,882 - INFO - INFO - 相似度最高的类型: invalid_type-->密码
2025-03-06 16:42:30,883 - INFO - INFO - 加载模型：EMBEDDING_SMELL_ZH: /Users/yinbenxin/git/model/bge-small-zh
2025-03-06 16:42:30,939 - INFO - INFO - 加载模型完成
2025-03-06 16:42:30,962 - INFO - INFO - 相似度最高的类型: 民族-->民族
2025-03-06 16:42:30,978 - INFO - INFO - 相似度最高的类型: 宗教信仰-->宗教信仰
2025-03-06 16:42:30,994 - INFO - INFO - 相似度最高的类型: 政治身份-->政治身份
2025-03-06 16:42:31,009 - INFO - INFO - 相似度最高的类型: 政府部门-->政府部门
2025-03-06 16:42:31,010 - INFO - INFO - 加载模型：EMBEDDING_SMELL_ZH: /Users/yinbenxin/git/model/bge-small-zh
2025-03-06 16:42:31,066 - INFO - INFO - 加载模型完成
2025-03-06 16:42:31,090 - INFO - INFO - 相似度最高的类型: 姓名-->姓名
2025-03-06 16:42:47,568 - INFO - INFO - 加载模型：EMBEDDING_SMELL_ZH: /Users/yinbenxin/git/model/bge-small-zh
2025-03-06 16:42:47,698 - INFO - INFO - 加载模型完成
2025-03-06 16:42:47,933 - INFO - INFO - 相似度最高的类型: 姓名-->姓名
2025-03-06 16:42:47,979 - INFO - INFO - 相似度最高的类型: 电话号码-->电话号码
2025-03-06 16:42:47,995 - INFO - INFO - 相似度最高的类型: 出生日期-->出生日期
2025-03-06 16:42:48,011 - INFO - INFO - 相似度最高的类型: 地址-->地址
2025-03-06 16:42:48,026 - INFO - INFO - 相似度最高的类型: 省份-->省份
2025-03-06 16:42:48,041 - INFO - INFO - 相似度最高的类型: 城市-->城市
2025-03-06 16:42:48,056 - INFO - INFO - 相似度最高的类型: 街道名称-->街道名称
2025-03-06 16:42:48,071 - INFO - INFO - 相似度最高的类型: 公司-->公司
2025-03-06 16:42:48,086 - INFO - INFO - 相似度最高的类型: 工作-->工作
2025-03-06 16:42:48,101 - INFO - INFO - 相似度最高的类型: 电子邮件-->电子邮件
2025-03-06 16:42:48,117 - INFO - INFO - 相似度最高的类型: 域名-->域名
2025-03-06 16:42:48,158 - INFO - INFO - 相似度最高的类型: 信用卡号码-->信用卡号码
2025-03-06 16:42:48,173 - INFO - INFO - 相似度最高的类型: 车牌号码-->车牌号码
2025-03-06 16:42:48,189 - INFO - INFO - 相似度最高的类型: 密码-->密码
2025-03-06 16:42:48,204 - INFO - INFO - 相似度最高的类型: 区县-->区县
2025-03-06 16:42:48,218 - INFO - INFO - 相似度最高的类型: 纬度-->纬度
2025-03-06 16:42:48,233 - INFO - INFO - 相似度最高的类型: 经度-->经度
2025-03-06 16:42:48,248 - INFO - INFO - 相似度最高的类型: 日期-->日期
2025-03-06 16:42:48,265 - INFO - INFO - 相似度最高的类型: 时间-->时间
2025-03-06 16:42:48,267 - INFO - INFO - 加载模型：EMBEDDING_SMELL_ZH: /Users/yinbenxin/git/model/bge-small-zh
2025-03-06 16:42:48,335 - INFO - INFO - 加载模型完成
2025-03-06 16:42:48,360 - INFO - INFO - 相似度最高的类型: 姓名-->姓名
2025-03-06 16:42:48,377 - INFO - INFO - 相似度最高的类型: 姓名-->姓名
2025-03-06 16:42:48,377 - INFO - INFO - 加载模型：EMBEDDING_SMELL_ZH: /Users/yinbenxin/git/model/bge-small-zh
2025-03-06 16:42:48,437 - INFO - INFO - 加载模型完成
2025-03-06 16:42:48,462 - INFO - INFO - 相似度最高的类型: invalid_type-->密码
2025-03-06 16:42:48,462 - INFO - INFO - 加载模型：EMBEDDING_SMELL_ZH: /Users/yinbenxin/git/model/bge-small-zh
2025-03-06 16:42:48,516 - INFO - INFO - 加载模型完成
2025-03-06 16:42:48,540 - INFO - INFO - 相似度最高的类型: 民族-->民族
2025-03-06 16:42:48,555 - INFO - INFO - 相似度最高的类型: 宗教信仰-->宗教信仰
2025-03-06 16:42:48,571 - INFO - INFO - 相似度最高的类型: 政治身份-->政治身份
2025-03-06 16:42:48,587 - INFO - INFO - 相似度最高的类型: 政府部门-->政府部门
2025-03-06 16:42:48,588 - INFO - INFO - 加载模型：EMBEDDING_SMELL_ZH: /Users/yinbenxin/git/model/bge-small-zh
2025-03-06 16:42:48,643 - INFO - INFO - 加载模型完成
2025-03-06 16:42:48,667 - INFO - INFO - 相似度最高的类型: 姓名-->姓名
2025-03-06 16:44:54,900 - INFO - INFO - 加载模型：EMBEDDING_SMELL_ZH: /Users/yinbenxin/git/model/bge-small-zh
2025-03-06 16:44:55,210 - INFO - INFO - 加载模型完成
2025-03-06 16:44:55,428 - INFO - INFO - 相似度最高的类型: 姓名-->姓名
2025-03-06 16:44:55,471 - INFO - INFO - 相似度最高的类型: 电话号码-->电话号码
2025-03-06 16:44:55,487 - INFO - INFO - 相似度最高的类型: 出生日期-->出生日期
2025-03-06 16:44:55,502 - INFO - INFO - 相似度最高的类型: 地址-->地址
2025-03-06 16:44:55,518 - INFO - INFO - 相似度最高的类型: 省份-->省份
2025-03-06 16:44:55,536 - INFO - INFO - 相似度最高的类型: 城市-->城市
2025-03-06 16:44:55,551 - INFO - INFO - 相似度最高的类型: 街道名称-->街道名称
2025-03-06 16:44:55,566 - INFO - INFO - 相似度最高的类型: 公司-->公司
2025-03-06 16:44:55,582 - INFO - INFO - 相似度最高的类型: 工作-->工作
2025-03-06 16:44:55,598 - INFO - INFO - 相似度最高的类型: 电子邮件-->电子邮件
2025-03-06 16:44:55,617 - INFO - INFO - 相似度最高的类型: 域名-->域名
2025-03-06 16:44:55,661 - INFO - INFO - 相似度最高的类型: 信用卡号码-->信用卡号码
2025-03-06 16:44:55,677 - INFO - INFO - 相似度最高的类型: 车牌号码-->车牌号码
2025-03-06 16:44:55,692 - INFO - INFO - 相似度最高的类型: 密码-->密码
2025-03-06 16:44:55,707 - INFO - INFO - 相似度最高的类型: 区县-->区县
2025-03-06 16:44:55,723 - INFO - INFO - 相似度最高的类型: 纬度-->纬度
2025-03-06 16:44:55,738 - INFO - INFO - 相似度最高的类型: 经度-->经度
2025-03-06 16:44:55,753 - INFO - INFO - 相似度最高的类型: 日期-->日期
2025-03-06 16:44:55,769 - INFO - INFO - 相似度最高的类型: 时间-->时间
2025-03-06 16:44:55,770 - INFO - INFO - 加载模型：EMBEDDING_SMELL_ZH: /Users/yinbenxin/git/model/bge-small-zh
2025-03-06 16:44:55,851 - INFO - INFO - 加载模型完成
2025-03-06 16:44:55,874 - INFO - INFO - 相似度最高的类型: 姓名-->姓名
2025-03-06 16:44:55,889 - INFO - INFO - 相似度最高的类型: 姓名-->姓名
2025-03-06 16:44:55,890 - INFO - INFO - 加载模型：EMBEDDING_SMELL_ZH: /Users/yinbenxin/git/model/bge-small-zh
2025-03-06 16:44:55,951 - INFO - INFO - 加载模型完成
2025-03-06 16:44:55,975 - INFO - INFO - 相似度最高的类型: invalid_type-->密码
2025-03-06 16:44:55,977 - INFO - INFO - 加载模型：EMBEDDING_SMELL_ZH: /Users/yinbenxin/git/model/bge-small-zh
2025-03-06 16:44:56,038 - INFO - INFO - 加载模型完成
2025-03-06 16:44:56,061 - INFO - INFO - 相似度最高的类型: 民族-->民族
2025-03-06 16:44:56,076 - INFO - INFO - 相似度最高的类型: 宗教信仰-->宗教信仰
2025-03-06 16:44:56,091 - INFO - INFO - 相似度最高的类型: 政治身份-->政治身份
2025-03-06 16:44:56,106 - INFO - INFO - 相似度最高的类型: 政府部门-->政府部门
2025-03-06 16:44:56,107 - INFO - INFO - 加载模型：EMBEDDING_SMELL_ZH: /Users/yinbenxin/git/model/bge-small-zh
2025-03-06 16:44:56,164 - INFO - INFO - 加载模型完成
2025-03-06 16:44:56,188 - INFO - INFO - 相似度最高的类型: 人物-->工作
2025-03-06 16:45:06,768 - INFO - INFO - 加载模型：EMBEDDING_SMELL_ZH: /Users/yinbenxin/git/model/bge-small-zh
2025-03-06 16:45:06,904 - INFO - INFO - 加载模型完成
2025-03-06 16:45:07,130 - INFO - INFO - 相似度最高的类型: 姓名-->姓名
2025-03-06 16:45:07,175 - INFO - INFO - 相似度最高的类型: 电话号码-->电话号码
2025-03-06 16:45:07,191 - INFO - INFO - 相似度最高的类型: 出生日期-->出生日期
2025-03-06 16:45:07,206 - INFO - INFO - 相似度最高的类型: 地址-->地址
2025-03-06 16:45:07,222 - INFO - INFO - 相似度最高的类型: 省份-->省份
2025-03-06 16:45:07,237 - INFO - INFO - 相似度最高的类型: 城市-->城市
2025-03-06 16:45:07,252 - INFO - INFO - 相似度最高的类型: 街道名称-->街道名称
2025-03-06 16:45:07,267 - INFO - INFO - 相似度最高的类型: 公司-->公司
2025-03-06 16:45:07,282 - INFO - INFO - 相似度最高的类型: 工作-->工作
2025-03-06 16:45:07,298 - INFO - INFO - 相似度最高的类型: 电子邮件-->电子邮件
2025-03-06 16:45:07,313 - INFO - INFO - 相似度最高的类型: 域名-->域名
2025-03-06 16:45:07,356 - INFO - INFO - 相似度最高的类型: 信用卡号码-->信用卡号码
2025-03-06 16:45:07,371 - INFO - INFO - 相似度最高的类型: 车牌号码-->车牌号码
2025-03-06 16:45:07,387 - INFO - INFO - 相似度最高的类型: 密码-->密码
2025-03-06 16:45:07,402 - INFO - INFO - 相似度最高的类型: 区县-->区县
2025-03-06 16:45:07,417 - INFO - INFO - 相似度最高的类型: 纬度-->纬度
2025-03-06 16:45:07,431 - INFO - INFO - 相似度最高的类型: 经度-->经度
2025-03-06 16:45:07,446 - INFO - INFO - 相似度最高的类型: 日期-->日期
2025-03-06 16:45:07,461 - INFO - INFO - 相似度最高的类型: 时间-->时间
2025-03-06 16:45:07,462 - INFO - INFO - 加载模型：EMBEDDING_SMELL_ZH: /Users/yinbenxin/git/model/bge-small-zh
2025-03-06 16:45:07,534 - INFO - INFO - 加载模型完成
2025-03-06 16:45:07,559 - INFO - INFO - 相似度最高的类型: 姓名-->姓名
2025-03-06 16:45:07,574 - INFO - INFO - 相似度最高的类型: 姓名-->姓名
2025-03-06 16:45:07,574 - INFO - INFO - 加载模型：EMBEDDING_SMELL_ZH: /Users/yinbenxin/git/model/bge-small-zh
2025-03-06 16:45:07,637 - INFO - INFO - 加载模型完成
2025-03-06 16:45:07,661 - INFO - INFO - 相似度最高的类型: invalid_type-->密码
2025-03-06 16:45:07,661 - INFO - INFO - 加载模型：EMBEDDING_SMELL_ZH: /Users/yinbenxin/git/model/bge-small-zh
2025-03-06 16:45:07,719 - INFO - INFO - 加载模型完成
2025-03-06 16:45:07,743 - INFO - INFO - 相似度最高的类型: 民族-->民族
2025-03-06 16:45:07,759 - INFO - INFO - 相似度最高的类型: 宗教信仰-->宗教信仰
2025-03-06 16:45:07,774 - INFO - INFO - 相似度最高的类型: 政治身份-->政治身份
2025-03-06 16:45:07,789 - INFO - INFO - 相似度最高的类型: 政府部门-->政府部门
2025-03-06 16:45:07,790 - INFO - INFO - 加载模型：EMBEDDING_SMELL_ZH: /Users/yinbenxin/git/model/bge-small-zh
2025-03-06 16:45:07,844 - INFO - INFO - 加载模型完成
2025-03-06 16:45:07,868 - INFO - INFO - 相似度最高的类型: 人物-->工作
2025-03-06 16:45:45,248 - INFO - INFO - 加载模型：EMBEDDING_SMELL_ZH: /Users/yinbenxin/git/model/bge-small-zh
2025-03-06 16:45:45,422 - INFO - INFO - 加载模型完成
2025-03-06 16:45:45,643 - INFO - INFO - 相似度最高的类型: 姓名-->姓名
2025-03-06 16:45:45,692 - INFO - INFO - 相似度最高的类型: 电话号码-->电话号码
2025-03-06 16:45:45,708 - INFO - INFO - 相似度最高的类型: 出生日期-->出生日期
2025-03-06 16:45:45,723 - INFO - INFO - 相似度最高的类型: 地址-->地址
2025-03-06 16:45:45,739 - INFO - INFO - 相似度最高的类型: 省份-->省份
2025-03-06 16:45:45,754 - INFO - INFO - 相似度最高的类型: 城市-->城市
2025-03-06 16:45:45,769 - INFO - INFO - 相似度最高的类型: 街道名称-->街道名称
2025-03-06 16:45:45,785 - INFO - INFO - 相似度最高的类型: 公司-->公司
2025-03-06 16:45:45,800 - INFO - INFO - 相似度最高的类型: 工作-->工作
2025-03-06 16:45:45,815 - INFO - INFO - 相似度最高的类型: 电子邮件-->电子邮件
2025-03-06 16:45:45,830 - INFO - INFO - 相似度最高的类型: 域名-->域名
2025-03-06 16:45:45,876 - INFO - INFO - 相似度最高的类型: 信用卡号码-->信用卡号码
2025-03-06 16:45:45,893 - INFO - INFO - 相似度最高的类型: 车牌号码-->车牌号码
2025-03-06 16:45:45,909 - INFO - INFO - 相似度最高的类型: 密码-->密码
2025-03-06 16:45:45,925 - INFO - INFO - 相似度最高的类型: 区县-->区县
2025-03-06 16:45:45,941 - INFO - INFO - 相似度最高的类型: 纬度-->纬度
2025-03-06 16:45:45,957 - INFO - INFO - 相似度最高的类型: 经度-->经度
2025-03-06 16:45:45,972 - INFO - INFO - 相似度最高的类型: 日期-->日期
2025-03-06 16:45:45,989 - INFO - INFO - 相似度最高的类型: 时间-->时间
2025-03-06 16:45:45,990 - INFO - INFO - 加载模型：EMBEDDING_SMELL_ZH: /Users/yinbenxin/git/model/bge-small-zh
2025-03-06 16:45:46,052 - INFO - INFO - 加载模型完成
2025-03-06 16:45:46,076 - INFO - INFO - 相似度最高的类型: 姓名-->姓名
2025-03-06 16:45:46,091 - INFO - INFO - 相似度最高的类型: 姓名-->姓名
2025-03-06 16:45:46,092 - INFO - INFO - 加载模型：EMBEDDING_SMELL_ZH: /Users/yinbenxin/git/model/bge-small-zh
2025-03-06 16:45:46,147 - INFO - INFO - 加载模型完成
2025-03-06 16:45:46,171 - INFO - INFO - 相似度最高的类型: invalid_type-->密码
2025-03-06 16:45:46,172 - INFO - INFO - 加载模型：EMBEDDING_SMELL_ZH: /Users/yinbenxin/git/model/bge-small-zh
2025-03-06 16:45:46,232 - INFO - INFO - 加载模型完成
2025-03-06 16:45:46,256 - INFO - INFO - 相似度最高的类型: 民族-->民族
2025-03-06 16:45:46,272 - INFO - INFO - 相似度最高的类型: 宗教信仰-->宗教信仰
2025-03-06 16:45:46,288 - INFO - INFO - 相似度最高的类型: 政治身份-->政治身份
2025-03-06 16:45:46,303 - INFO - INFO - 相似度最高的类型: 政府部门-->政府部门
2025-03-06 16:45:46,304 - INFO - INFO - 加载模型：EMBEDDING_SMELL_ZH: /Users/yinbenxin/git/model/bge-small-zh
2025-03-06 16:45:46,357 - INFO - INFO - 加载模型完成
2025-03-06 16:45:46,380 - INFO - INFO - 相似度最高的类型: 人物-->工作
2025-03-06 16:45:59,956 - INFO - INFO - 加载模型：EMBEDDING_SMELL_ZH: /Users/yinbenxin/git/model/bge-small-zh
2025-03-06 16:46:00,087 - INFO - INFO - 加载模型完成
2025-03-06 16:46:00,271 - INFO - INFO - 相似度最高的类型: 姓名-->姓名
2025-03-06 16:46:00,314 - INFO - INFO - 相似度最高的类型: 电话号码-->电话号码
2025-03-06 16:46:00,329 - INFO - INFO - 相似度最高的类型: 出生日期-->出生日期
2025-03-06 16:46:00,345 - INFO - INFO - 相似度最高的类型: 地址-->地址
2025-03-06 16:46:00,360 - INFO - INFO - 相似度最高的类型: 省份-->省份
2025-03-06 16:46:00,375 - INFO - INFO - 相似度最高的类型: 城市-->城市
2025-03-06 16:46:00,390 - INFO - INFO - 相似度最高的类型: 街道名称-->街道名称
2025-03-06 16:46:00,405 - INFO - INFO - 相似度最高的类型: 公司-->公司
2025-03-06 16:46:00,420 - INFO - INFO - 相似度最高的类型: 工作-->工作
2025-03-06 16:46:00,436 - INFO - INFO - 相似度最高的类型: 电子邮件-->电子邮件
2025-03-06 16:46:00,451 - INFO - INFO - 相似度最高的类型: 域名-->域名
2025-03-06 16:46:00,492 - INFO - INFO - 相似度最高的类型: 信用卡号码-->信用卡号码
2025-03-06 16:46:00,508 - INFO - INFO - 相似度最高的类型: 车牌号码-->车牌号码
2025-03-06 16:46:00,524 - INFO - INFO - 相似度最高的类型: 密码-->密码
2025-03-06 16:46:00,540 - INFO - INFO - 相似度最高的类型: 区县-->区县
2025-03-06 16:46:00,556 - INFO - INFO - 相似度最高的类型: 纬度-->纬度
2025-03-06 16:46:00,571 - INFO - INFO - 相似度最高的类型: 经度-->经度
2025-03-06 16:46:00,586 - INFO - INFO - 相似度最高的类型: 日期-->日期
2025-03-06 16:46:00,601 - INFO - INFO - 相似度最高的类型: 时间-->时间
2025-03-06 16:46:00,602 - INFO - INFO - 加载模型：EMBEDDING_SMELL_ZH: /Users/yinbenxin/git/model/bge-small-zh
2025-03-06 16:46:00,659 - INFO - INFO - 加载模型完成
2025-03-06 16:46:00,684 - INFO - INFO - 相似度最高的类型: 姓名-->姓名
2025-03-06 16:46:00,700 - INFO - INFO - 相似度最高的类型: 姓名-->姓名
2025-03-06 16:46:00,701 - INFO - INFO - 加载模型：EMBEDDING_SMELL_ZH: /Users/yinbenxin/git/model/bge-small-zh
2025-03-06 16:46:00,764 - INFO - INFO - 加载模型完成
2025-03-06 16:46:00,788 - INFO - INFO - 相似度最高的类型: invalid_type-->密码
2025-03-06 16:46:00,789 - INFO - INFO - 加载模型：EMBEDDING_SMELL_ZH: /Users/yinbenxin/git/model/bge-small-zh
2025-03-06 16:46:00,851 - INFO - INFO - 加载模型完成
2025-03-06 16:46:00,876 - INFO - INFO - 相似度最高的类型: 民族-->民族
2025-03-06 16:46:00,892 - INFO - INFO - 相似度最高的类型: 宗教信仰-->宗教信仰
2025-03-06 16:46:00,908 - INFO - INFO - 相似度最高的类型: 政治身份-->政治身份
2025-03-06 16:46:00,923 - INFO - INFO - 相似度最高的类型: 政府部门-->政府部门
2025-03-06 16:46:00,925 - INFO - INFO - 加载模型：EMBEDDING_SMELL_ZH: /Users/yinbenxin/git/model/bge-small-zh
2025-03-06 16:46:00,984 - INFO - INFO - 加载模型完成
2025-03-06 16:46:01,008 - INFO - INFO - 相似度最高的类型: 姓名-->姓名
2025-03-06 16:48:41,405 - INFO - INFO - 加载模型：EMBEDDING_SMELL_ZH: /Users/yinbenxin/git/model/bge-small-zh
2025-03-06 16:48:41,612 - INFO - INFO - 加载模型完成
2025-03-06 16:48:41,890 - INFO - INFO - 相似度最高的类型: 姓名-->姓名
2025-03-06 16:48:41,938 - INFO - INFO - 相似度最高的类型: 电话号码-->电话号码
2025-03-06 16:48:41,955 - INFO - INFO - 相似度最高的类型: 出生日期-->出生日期
2025-03-06 16:48:41,973 - INFO - INFO - 相似度最高的类型: 地址-->地址
2025-03-06 16:48:41,988 - INFO - INFO - 相似度最高的类型: 省份-->省份
2025-03-06 16:48:42,003 - INFO - INFO - 相似度最高的类型: 城市-->城市
2025-03-06 16:48:42,018 - INFO - INFO - 相似度最高的类型: 街道名称-->街道名称
2025-03-06 16:48:42,033 - INFO - INFO - 相似度最高的类型: 公司-->公司
2025-03-06 16:48:42,049 - INFO - INFO - 相似度最高的类型: 工作-->工作
2025-03-06 16:48:42,064 - INFO - INFO - 相似度最高的类型: 电子邮件-->电子邮件
2025-03-06 16:48:42,079 - INFO - INFO - 相似度最高的类型: 域名-->域名
2025-03-06 16:48:42,123 - INFO - INFO - 相似度最高的类型: 信用卡号码-->信用卡号码
2025-03-06 16:48:42,140 - INFO - INFO - 相似度最高的类型: 车牌号码-->车牌号码
2025-03-06 16:48:42,156 - INFO - INFO - 相似度最高的类型: 密码-->密码
2025-03-06 16:48:42,173 - INFO - INFO - 相似度最高的类型: 区县-->区县
2025-03-06 16:48:42,203 - INFO - INFO - 相似度最高的类型: 纬度-->纬度
2025-03-06 16:48:42,218 - INFO - INFO - 相似度最高的类型: 经度-->经度
2025-03-06 16:48:42,234 - INFO - INFO - 相似度最高的类型: 日期-->日期
2025-03-06 16:48:42,249 - INFO - INFO - 相似度最高的类型: 时间-->时间
2025-03-06 16:48:42,250 - INFO - INFO - 加载模型：EMBEDDING_SMELL_ZH: /Users/yinbenxin/git/model/bge-small-zh
2025-03-06 16:48:42,326 - INFO - INFO - 加载模型完成
2025-03-06 16:48:42,354 - INFO - INFO - 相似度最高的类型: 姓名-->姓名
2025-03-06 16:48:42,371 - INFO - INFO - 相似度最高的类型: 姓名-->姓名
2025-03-06 16:48:42,372 - INFO - INFO - 加载模型：EMBEDDING_SMELL_ZH: /Users/yinbenxin/git/model/bge-small-zh
2025-03-06 16:48:42,433 - INFO - INFO - 加载模型完成
2025-03-06 16:48:42,460 - INFO - INFO - 相似度最高的类型: invalid_type-->密码
2025-03-06 16:48:42,461 - INFO - INFO - 加载模型：EMBEDDING_SMELL_ZH: /Users/yinbenxin/git/model/bge-small-zh
2025-03-06 16:48:42,515 - INFO - INFO - 加载模型完成
2025-03-06 16:48:42,540 - INFO - INFO - 相似度最高的类型: 民族-->民族
2025-03-06 16:48:42,561 - INFO - INFO - 相似度最高的类型: 宗教信仰-->宗教信仰
2025-03-06 16:48:42,589 - INFO - INFO - 相似度最高的类型: 政治身份-->政治身份
2025-03-06 16:48:42,607 - INFO - INFO - 相似度最高的类型: 政府部门-->政府部门
2025-03-06 16:48:42,608 - INFO - INFO - 加载模型：EMBEDDING_SMELL_ZH: /Users/yinbenxin/git/model/bge-small-zh
2025-03-06 16:48:42,673 - INFO - INFO - 加载模型完成
2025-03-06 16:48:42,699 - INFO - INFO - 相似度最高的类型: 工作-->工作
2025-03-06 16:49:16,630 - INFO - INFO - 加载模型：EMBEDDING_SMELL_ZH: /Users/yinbenxin/git/model/bge-small-zh
2025-03-06 16:49:16,765 - INFO - INFO - 加载模型完成
2025-03-06 16:49:16,952 - INFO - INFO - 相似度最高的类型: 姓名-->姓名
2025-03-06 16:49:16,997 - INFO - INFO - 相似度最高的类型: 电话号码-->电话号码
2025-03-06 16:49:17,013 - INFO - INFO - 相似度最高的类型: 出生日期-->出生日期
2025-03-06 16:49:17,030 - INFO - INFO - 相似度最高的类型: 地址-->地址
2025-03-06 16:49:17,046 - INFO - INFO - 相似度最高的类型: 省份-->省份
2025-03-06 16:49:17,061 - INFO - INFO - 相似度最高的类型: 城市-->城市
2025-03-06 16:49:17,076 - INFO - INFO - 相似度最高的类型: 街道名称-->街道名称
2025-03-06 16:49:17,091 - INFO - INFO - 相似度最高的类型: 公司-->公司
2025-03-06 16:49:17,106 - INFO - INFO - 相似度最高的类型: 工作-->工作
2025-03-06 16:49:17,122 - INFO - INFO - 相似度最高的类型: 电子邮件-->电子邮件
2025-03-06 16:49:17,137 - INFO - INFO - 相似度最高的类型: 域名-->域名
2025-03-06 16:49:17,180 - INFO - INFO - 相似度最高的类型: 信用卡号码-->信用卡号码
2025-03-06 16:49:17,196 - INFO - INFO - 相似度最高的类型: 车牌号码-->车牌号码
2025-03-06 16:49:17,211 - INFO - INFO - 相似度最高的类型: 密码-->密码
2025-03-06 16:49:17,226 - INFO - INFO - 相似度最高的类型: 区县-->区县
2025-03-06 16:49:17,241 - INFO - INFO - 相似度最高的类型: 纬度-->纬度
2025-03-06 16:49:17,256 - INFO - INFO - 相似度最高的类型: 经度-->经度
2025-03-06 16:49:17,271 - INFO - INFO - 相似度最高的类型: 日期-->日期
2025-03-06 16:49:17,286 - INFO - INFO - 相似度最高的类型: 时间-->时间
2025-03-06 16:49:17,287 - INFO - INFO - 加载模型：EMBEDDING_SMELL_ZH: /Users/yinbenxin/git/model/bge-small-zh
2025-03-06 16:49:17,347 - INFO - INFO - 加载模型完成
2025-03-06 16:49:17,371 - INFO - INFO - 相似度最高的类型: 姓名-->姓名
2025-03-06 16:49:17,386 - INFO - INFO - 相似度最高的类型: 姓名-->姓名
2025-03-06 16:49:17,387 - INFO - INFO - 加载模型：EMBEDDING_SMELL_ZH: /Users/yinbenxin/git/model/bge-small-zh
2025-03-06 16:49:17,445 - INFO - INFO - 加载模型完成
2025-03-06 16:49:17,470 - INFO - INFO - 相似度最高的类型: invalid_type-->密码
2025-03-06 16:49:17,471 - INFO - INFO - 加载模型：EMBEDDING_SMELL_ZH: /Users/yinbenxin/git/model/bge-small-zh
2025-03-06 16:49:17,532 - INFO - INFO - 加载模型完成
2025-03-06 16:49:17,556 - INFO - INFO - 相似度最高的类型: 民族-->民族
2025-03-06 16:49:17,572 - INFO - INFO - 相似度最高的类型: 宗教信仰-->宗教信仰
2025-03-06 16:49:17,588 - INFO - INFO - 相似度最高的类型: 政治身份-->政治身份
2025-03-06 16:49:17,603 - INFO - INFO - 相似度最高的类型: 政府部门-->政府部门
2025-03-06 16:49:17,604 - INFO - INFO - 加载模型：EMBEDDING_SMELL_ZH: /Users/yinbenxin/git/model/bge-small-zh
2025-03-06 16:49:17,661 - INFO - INFO - 加载模型完成
2025-03-06 16:49:17,684 - INFO - INFO - 相似度最高的类型: 教师-->工作
2025-03-06 16:51:40,585 - INFO - INFO - 加载模型：EMBEDDING_SMELL_ZH: /Users/yinbenxin/git/model/bge-small-zh
2025-03-06 16:51:40,791 - INFO - INFO - 加载模型完成
2025-03-06 16:51:41,014 - INFO - INFO - 相似度最高的类型: 姓名-->1.0000001192092896, 相似度:姓名
2025-03-06 16:51:41,058 - INFO - INFO - 相似度最高的类型: 电话号码-->1.0000001192092896, 相似度:电话号码
2025-03-06 16:51:41,074 - INFO - INFO - 相似度最高的类型: 出生日期-->1.0, 相似度:出生日期
2025-03-06 16:51:41,092 - INFO - INFO - 相似度最高的类型: 地址-->1.0, 相似度:地址
2025-03-06 16:51:41,108 - INFO - INFO - 相似度最高的类型: 省份-->1.0, 相似度:省份
2025-03-06 16:51:41,124 - INFO - INFO - 相似度最高的类型: 城市-->1.0, 相似度:城市
2025-03-06 16:51:41,140 - INFO - INFO - 相似度最高的类型: 街道名称-->1.0, 相似度:街道名称
2025-03-06 16:51:41,155 - INFO - INFO - 相似度最高的类型: 公司-->1.0000001192092896, 相似度:公司
2025-03-06 16:51:41,171 - INFO - INFO - 相似度最高的类型: 工作-->1.0000001192092896, 相似度:工作
2025-03-06 16:51:41,186 - INFO - INFO - 相似度最高的类型: 电子邮件-->1.0, 相似度:电子邮件
2025-03-06 16:51:41,201 - INFO - INFO - 相似度最高的类型: 域名-->1.0, 相似度:域名
2025-03-06 16:51:41,244 - INFO - INFO - 相似度最高的类型: 信用卡号码-->1.0, 相似度:信用卡号码
2025-03-06 16:51:41,260 - INFO - INFO - 相似度最高的类型: 车牌号码-->1.0000001192092896, 相似度:车牌号码
2025-03-06 16:51:41,276 - INFO - INFO - 相似度最高的类型: 密码-->1.0000001192092896, 相似度:密码
2025-03-06 16:51:41,291 - INFO - INFO - 相似度最高的类型: 区县-->1.0, 相似度:区县
2025-03-06 16:51:41,306 - INFO - INFO - 相似度最高的类型: 纬度-->1.0, 相似度:纬度
2025-03-06 16:51:41,321 - INFO - INFO - 相似度最高的类型: 经度-->1.0, 相似度:经度
2025-03-06 16:51:41,336 - INFO - INFO - 相似度最高的类型: 日期-->1.0000001192092896, 相似度:日期
2025-03-06 16:51:41,351 - INFO - INFO - 相似度最高的类型: 时间-->1.0000001192092896, 相似度:时间
2025-03-06 16:51:41,352 - INFO - INFO - 加载模型：EMBEDDING_SMELL_ZH: /Users/yinbenxin/git/model/bge-small-zh
2025-03-06 16:51:41,467 - INFO - INFO - 加载模型完成
2025-03-06 16:51:41,493 - INFO - INFO - 相似度最高的类型: 姓名-->1.0000001192092896, 相似度:姓名
2025-03-06 16:51:41,509 - INFO - INFO - 相似度最高的类型: 姓名-->1.0000001192092896, 相似度:姓名
2025-03-06 16:51:41,510 - INFO - INFO - 加载模型：EMBEDDING_SMELL_ZH: /Users/yinbenxin/git/model/bge-small-zh
2025-03-06 16:51:41,569 - INFO - INFO - 加载模型完成
2025-03-06 16:51:41,593 - INFO - INFO - 相似度最高的类型: invalid_type-->0.8009900450706482, 相似度:密码
2025-03-06 16:51:41,594 - INFO - INFO - 加载模型：EMBEDDING_SMELL_ZH: /Users/yinbenxin/git/model/bge-small-zh
2025-03-06 16:51:41,648 - INFO - INFO - 加载模型完成
2025-03-06 16:51:41,674 - INFO - INFO - 相似度最高的类型: 民族-->1.0, 相似度:民族
2025-03-06 16:51:41,689 - INFO - INFO - 相似度最高的类型: 宗教信仰-->1.0, 相似度:宗教信仰
2025-03-06 16:51:41,704 - INFO - INFO - 相似度最高的类型: 政治身份-->1.0, 相似度:政治身份
2025-03-06 16:51:41,719 - INFO - INFO - 相似度最高的类型: 政府部门-->1.0000001192092896, 相似度:政府部门
2025-03-06 16:51:41,720 - INFO - INFO - 加载模型：EMBEDDING_SMELL_ZH: /Users/yinbenxin/git/model/bge-small-zh
2025-03-06 16:51:41,789 - INFO - INFO - 加载模型完成
2025-03-06 16:51:41,813 - INFO - INFO - 相似度最高的类型: 教师-->0.8765618801116943, 相似度:工作
2025-03-06 16:53:19,506 - INFO - INFO - 加载模型：EMBEDDING_SMELL_ZH: /Users/yinbenxin/git/model/bge-small-zh
2025-03-06 16:53:19,638 - INFO - INFO - 加载模型完成
2025-03-06 16:53:19,858 - INFO - INFO - 相似度最高的类型: 姓名-->1.0000001192092896, 相似度:姓名
2025-03-06 16:53:19,901 - INFO - INFO - 相似度最高的类型: 电话号码-->1.0000001192092896, 相似度:电话号码
2025-03-06 16:53:19,916 - INFO - INFO - 相似度最高的类型: 出生日期-->1.0, 相似度:出生日期
2025-03-06 16:53:19,932 - INFO - INFO - 相似度最高的类型: 地址-->1.0, 相似度:地址
2025-03-06 16:53:19,947 - INFO - INFO - 相似度最高的类型: 省份-->1.0, 相似度:省份
2025-03-06 16:53:19,962 - INFO - INFO - 相似度最高的类型: 城市-->1.0, 相似度:城市
2025-03-06 16:53:19,977 - INFO - INFO - 相似度最高的类型: 街道名称-->1.0, 相似度:街道名称
2025-03-06 16:53:19,991 - INFO - INFO - 相似度最高的类型: 公司-->1.0000001192092896, 相似度:公司
2025-03-06 16:53:20,006 - INFO - INFO - 相似度最高的类型: 工作-->1.0000001192092896, 相似度:工作
2025-03-06 16:53:20,021 - INFO - INFO - 相似度最高的类型: 电子邮件-->1.0, 相似度:电子邮件
2025-03-06 16:53:20,037 - INFO - INFO - 相似度最高的类型: 域名-->1.0, 相似度:域名
2025-03-06 16:53:20,079 - INFO - INFO - 相似度最高的类型: 信用卡号码-->1.0, 相似度:信用卡号码
2025-03-06 16:53:20,094 - INFO - INFO - 相似度最高的类型: 车牌号码-->1.0000001192092896, 相似度:车牌号码
2025-03-06 16:53:20,109 - INFO - INFO - 相似度最高的类型: 密码-->1.0000001192092896, 相似度:密码
2025-03-06 16:53:20,124 - INFO - INFO - 相似度最高的类型: 区县-->1.0, 相似度:区县
2025-03-06 16:53:20,139 - INFO - INFO - 相似度最高的类型: 纬度-->1.0, 相似度:纬度
2025-03-06 16:53:20,154 - INFO - INFO - 相似度最高的类型: 经度-->1.0, 相似度:经度
2025-03-06 16:53:20,170 - INFO - INFO - 相似度最高的类型: 日期-->1.0000001192092896, 相似度:日期
2025-03-06 16:53:20,184 - INFO - INFO - 相似度最高的类型: 时间-->1.0000001192092896, 相似度:时间
2025-03-06 16:53:20,185 - INFO - INFO - 加载模型：EMBEDDING_SMELL_ZH: /Users/yinbenxin/git/model/bge-small-zh
2025-03-06 16:53:20,255 - INFO - INFO - 加载模型完成
2025-03-06 16:53:20,262 - INFO - INFO - 加载模型：EMBEDDING_SMELL_ZH: /Users/yinbenxin/git/model/bge-small-zh
2025-03-06 16:53:20,319 - INFO - INFO - 加载模型完成
2025-03-06 16:53:20,343 - INFO - INFO - 相似度最高的类型: invalid_type-->0.8009900450706482, 相似度:密码
2025-03-06 16:53:20,344 - INFO - INFO - 加载模型：EMBEDDING_SMELL_ZH: /Users/yinbenxin/git/model/bge-small-zh
2025-03-06 16:53:20,398 - INFO - INFO - 加载模型完成
2025-03-06 16:53:20,421 - INFO - INFO - 相似度最高的类型: 民族-->1.0, 相似度:民族
2025-03-06 16:53:20,437 - INFO - INFO - 相似度最高的类型: 宗教信仰-->1.0, 相似度:宗教信仰
2025-03-06 16:53:20,452 - INFO - INFO - 相似度最高的类型: 政治身份-->1.0, 相似度:政治身份
2025-03-06 16:53:20,467 - INFO - INFO - 相似度最高的类型: 政府部门-->1.0000001192092896, 相似度:政府部门
2025-03-06 16:53:20,468 - INFO - INFO - 加载模型：EMBEDDING_SMELL_ZH: /Users/yinbenxin/git/model/bge-small-zh
2025-03-06 16:53:20,522 - INFO - INFO - 加载模型完成
2025-03-06 16:53:20,545 - INFO - INFO - 相似度最高的类型: 教师-->0.8765618801116943, 相似度:工作
2025-03-06 16:53:43,455 - INFO - INFO - 加载模型：EMBEDDING_SMELL_ZH: /Users/yinbenxin/git/model/bge-small-zh
2025-03-06 16:53:43,589 - INFO - INFO - 加载模型完成
2025-03-06 16:53:43,777 - INFO - INFO - 相似度最高的类型: 姓名-->姓名, 相似度:1.0000001192092896
2025-03-06 16:53:43,819 - INFO - INFO - 相似度最高的类型: 电话号码-->电话号码, 相似度:1.0000001192092896
2025-03-06 16:53:43,834 - INFO - INFO - 相似度最高的类型: 出生日期-->出生日期, 相似度:1.0
2025-03-06 16:53:43,850 - INFO - INFO - 相似度最高的类型: 地址-->地址, 相似度:1.0
2025-03-06 16:53:43,865 - INFO - INFO - 相似度最高的类型: 省份-->省份, 相似度:1.0
2025-03-06 16:53:43,880 - INFO - INFO - 相似度最高的类型: 城市-->城市, 相似度:1.0
2025-03-06 16:53:43,895 - INFO - INFO - 相似度最高的类型: 街道名称-->街道名称, 相似度:1.0
2025-03-06 16:53:43,910 - INFO - INFO - 相似度最高的类型: 公司-->公司, 相似度:1.0000001192092896
2025-03-06 16:53:43,925 - INFO - INFO - 相似度最高的类型: 工作-->工作, 相似度:1.0000001192092896
2025-03-06 16:53:43,940 - INFO - INFO - 相似度最高的类型: 电子邮件-->电子邮件, 相似度:1.0
2025-03-06 16:53:43,956 - INFO - INFO - 相似度最高的类型: 域名-->域名, 相似度:1.0
2025-03-06 16:53:43,997 - INFO - INFO - 相似度最高的类型: 信用卡号码-->信用卡号码, 相似度:1.0
2025-03-06 16:53:44,013 - INFO - INFO - 相似度最高的类型: 车牌号码-->车牌号码, 相似度:1.0000001192092896
2025-03-06 16:53:44,028 - INFO - INFO - 相似度最高的类型: 密码-->密码, 相似度:1.0000001192092896
2025-03-06 16:53:44,044 - INFO - INFO - 相似度最高的类型: 区县-->区县, 相似度:1.0
2025-03-06 16:53:44,059 - INFO - INFO - 相似度最高的类型: 纬度-->纬度, 相似度:1.0
2025-03-06 16:53:44,075 - INFO - INFO - 相似度最高的类型: 经度-->经度, 相似度:1.0
2025-03-06 16:53:44,091 - INFO - INFO - 相似度最高的类型: 日期-->日期, 相似度:1.0000001192092896
2025-03-06 16:53:44,106 - INFO - INFO - 相似度最高的类型: 时间-->时间, 相似度:1.0000001192092896
2025-03-06 16:53:44,107 - INFO - INFO - 加载模型：EMBEDDING_SMELL_ZH: /Users/yinbenxin/git/model/bge-small-zh
2025-03-06 16:53:44,178 - INFO - INFO - 加载模型完成
2025-03-06 16:53:44,185 - INFO - INFO - 加载模型：EMBEDDING_SMELL_ZH: /Users/yinbenxin/git/model/bge-small-zh
2025-03-06 16:53:44,246 - INFO - INFO - 加载模型完成
2025-03-06 16:53:44,271 - INFO - INFO - 相似度最高的类型: invalid_type-->密码, 相似度:0.8009900450706482
2025-03-06 16:53:44,271 - INFO - INFO - 加载模型：EMBEDDING_SMELL_ZH: /Users/yinbenxin/git/model/bge-small-zh
2025-03-06 16:53:44,334 - INFO - INFO - 加载模型完成
2025-03-06 16:53:44,359 - INFO - INFO - 相似度最高的类型: 民族-->民族, 相似度:1.0
2025-03-06 16:53:44,374 - INFO - INFO - 相似度最高的类型: 宗教信仰-->宗教信仰, 相似度:1.0
2025-03-06 16:53:44,390 - INFO - INFO - 相似度最高的类型: 政治身份-->政治身份, 相似度:1.0
2025-03-06 16:53:44,405 - INFO - INFO - 相似度最高的类型: 政府部门-->政府部门, 相似度:1.0000001192092896
2025-03-06 16:53:44,406 - INFO - INFO - 加载模型：EMBEDDING_SMELL_ZH: /Users/yinbenxin/git/model/bge-small-zh
2025-03-06 16:53:44,460 - INFO - INFO - 加载模型完成
2025-03-06 16:53:44,483 - INFO - INFO - 相似度最高的类型: 教师-->工作, 相似度:0.8765618801116943
2025-03-06 16:54:03,240 - INFO - INFO - 加载模型：EMBEDDING_SMELL_ZH: /Users/yinbenxin/git/model/bge-small-zh
2025-03-06 16:54:03,373 - INFO - INFO - 加载模型完成
2025-03-06 16:54:03,560 - INFO - INFO - 相似度最高的类型: 姓名-->姓名, 相似度:1.0000001192092896
2025-03-06 16:54:03,605 - INFO - INFO - 相似度最高的类型: 电话号码-->电话号码, 相似度:1.0000001192092896
2025-03-06 16:54:03,620 - INFO - INFO - 相似度最高的类型: 出生日期-->出生日期, 相似度:1.0
2025-03-06 16:54:03,635 - INFO - INFO - 相似度最高的类型: 地址-->地址, 相似度:1.0
2025-03-06 16:54:03,651 - INFO - INFO - 相似度最高的类型: 省份-->省份, 相似度:1.0
2025-03-06 16:54:03,666 - INFO - INFO - 相似度最高的类型: 城市-->城市, 相似度:1.0
2025-03-06 16:54:03,681 - INFO - INFO - 相似度最高的类型: 街道名称-->街道名称, 相似度:1.0
2025-03-06 16:54:03,696 - INFO - INFO - 相似度最高的类型: 公司-->公司, 相似度:1.0000001192092896
2025-03-06 16:54:03,711 - INFO - INFO - 相似度最高的类型: 工作-->工作, 相似度:1.0000001192092896
2025-03-06 16:54:03,727 - INFO - INFO - 相似度最高的类型: 电子邮件-->电子邮件, 相似度:1.0
2025-03-06 16:54:03,742 - INFO - INFO - 相似度最高的类型: 域名-->域名, 相似度:1.0
2025-03-06 16:54:03,787 - INFO - INFO - 相似度最高的类型: 信用卡号码-->信用卡号码, 相似度:1.0
2025-03-06 16:54:03,804 - INFO - INFO - 相似度最高的类型: 车牌号码-->车牌号码, 相似度:1.0000001192092896
2025-03-06 16:54:03,820 - INFO - INFO - 相似度最高的类型: 密码-->密码, 相似度:1.0000001192092896
2025-03-06 16:54:03,836 - INFO - INFO - 相似度最高的类型: 区县-->区县, 相似度:1.0
2025-03-06 16:54:03,851 - INFO - INFO - 相似度最高的类型: 纬度-->纬度, 相似度:1.0
2025-03-06 16:54:03,866 - INFO - INFO - 相似度最高的类型: 经度-->经度, 相似度:1.0
2025-03-06 16:54:03,882 - INFO - INFO - 相似度最高的类型: 日期-->日期, 相似度:1.0000001192092896
2025-03-06 16:54:03,897 - INFO - INFO - 相似度最高的类型: 时间-->时间, 相似度:1.0000001192092896
2025-03-06 16:54:03,898 - INFO - INFO - 加载模型：EMBEDDING_SMELL_ZH: /Users/yinbenxin/git/model/bge-small-zh
2025-03-06 16:54:03,954 - INFO - INFO - 加载模型完成
2025-03-06 16:54:03,961 - INFO - INFO - 加载模型：EMBEDDING_SMELL_ZH: /Users/yinbenxin/git/model/bge-small-zh
2025-03-06 16:54:04,018 - INFO - INFO - 加载模型完成
2025-03-06 16:54:04,042 - INFO - INFO - 相似度最高的类型: invalid_type-->密码, 相似度:0.8009900450706482
2025-03-06 16:54:04,043 - INFO - INFO - 加载模型：EMBEDDING_SMELL_ZH: /Users/yinbenxin/git/model/bge-small-zh
2025-03-06 16:54:04,096 - INFO - INFO - 加载模型完成
2025-03-06 16:54:04,121 - INFO - INFO - 相似度最高的类型: 民族-->民族, 相似度:1.0
2025-03-06 16:54:04,137 - INFO - INFO - 相似度最高的类型: 宗教信仰-->宗教信仰, 相似度:1.0
2025-03-06 16:54:04,154 - INFO - INFO - 相似度最高的类型: 政治身份-->政治身份, 相似度:1.0
2025-03-06 16:54:04,170 - INFO - INFO - 相似度最高的类型: 政府部门-->政府部门, 相似度:1.0000001192092896
2025-03-06 16:54:04,171 - INFO - INFO - 加载模型：EMBEDDING_SMELL_ZH: /Users/yinbenxin/git/model/bge-small-zh
2025-03-06 16:54:04,224 - INFO - INFO - 加载模型完成
2025-03-06 16:54:04,254 - INFO - INFO - 相似度最高的类型: 教师-->工作, 相似度:0.8765618801116943
2025-03-06 16:54:12,518 - INFO - INFO - 加载模型：EMBEDDING_SMELL_ZH: /Users/yinbenxin/git/model/bge-small-zh
2025-03-06 16:54:12,650 - INFO - INFO - 加载模型完成
2025-03-06 16:54:12,836 - INFO - INFO - 相似度最高的类型: 姓名-->姓名, 相似度:1.0000001192092896
2025-03-06 16:54:12,878 - INFO - INFO - 相似度最高的类型: 电话号码-->电话号码, 相似度:1.0000001192092896
2025-03-06 16:54:12,894 - INFO - INFO - 相似度最高的类型: 出生日期-->出生日期, 相似度:1.0
2025-03-06 16:54:12,909 - INFO - INFO - 相似度最高的类型: 地址-->地址, 相似度:1.0
2025-03-06 16:54:12,925 - INFO - INFO - 相似度最高的类型: 省份-->省份, 相似度:1.0
2025-03-06 16:54:12,940 - INFO - INFO - 相似度最高的类型: 城市-->城市, 相似度:1.0
2025-03-06 16:54:12,954 - INFO - INFO - 相似度最高的类型: 街道名称-->街道名称, 相似度:1.0
2025-03-06 16:54:12,970 - INFO - INFO - 相似度最高的类型: 公司-->公司, 相似度:1.0000001192092896
2025-03-06 16:54:12,985 - INFO - INFO - 相似度最高的类型: 工作-->工作, 相似度:1.0000001192092896
2025-03-06 16:54:13,000 - INFO - INFO - 相似度最高的类型: 电子邮件-->电子邮件, 相似度:1.0
2025-03-06 16:54:13,015 - INFO - INFO - 相似度最高的类型: 域名-->域名, 相似度:1.0
2025-03-06 16:54:13,056 - INFO - INFO - 相似度最高的类型: 信用卡号码-->信用卡号码, 相似度:1.0
2025-03-06 16:54:13,072 - INFO - INFO - 相似度最高的类型: 车牌号码-->车牌号码, 相似度:1.0000001192092896
2025-03-06 16:54:13,087 - INFO - INFO - 相似度最高的类型: 密码-->密码, 相似度:1.0000001192092896
2025-03-06 16:54:13,102 - INFO - INFO - 相似度最高的类型: 区县-->区县, 相似度:1.0
2025-03-06 16:54:13,117 - INFO - INFO - 相似度最高的类型: 纬度-->纬度, 相似度:1.0
2025-03-06 16:54:13,132 - INFO - INFO - 相似度最高的类型: 经度-->经度, 相似度:1.0
2025-03-06 16:54:13,148 - INFO - INFO - 相似度最高的类型: 日期-->日期, 相似度:1.0000001192092896
2025-03-06 16:54:13,163 - INFO - INFO - 相似度最高的类型: 时间-->时间, 相似度:1.0000001192092896
2025-03-06 16:54:13,164 - INFO - INFO - 加载模型：EMBEDDING_SMELL_ZH: /Users/yinbenxin/git/model/bge-small-zh
2025-03-06 16:54:13,263 - INFO - INFO - 加载模型完成
2025-03-06 16:54:13,270 - INFO - INFO - 加载模型：EMBEDDING_SMELL_ZH: /Users/yinbenxin/git/model/bge-small-zh
2025-03-06 16:54:13,323 - INFO - INFO - 加载模型完成
2025-03-06 16:54:13,346 - INFO - INFO - 相似度最高的类型: invalid_type-->密码, 相似度:0.8009900450706482
2025-03-06 16:54:13,347 - INFO - INFO - 加载模型：EMBEDDING_SMELL_ZH: /Users/yinbenxin/git/model/bge-small-zh
2025-03-06 16:54:13,399 - INFO - INFO - 加载模型完成
2025-03-06 16:54:13,423 - INFO - INFO - 相似度最高的类型: 民族-->民族, 相似度:1.0
2025-03-06 16:54:13,439 - INFO - INFO - 相似度最高的类型: 宗教信仰-->宗教信仰, 相似度:1.0
2025-03-06 16:54:13,454 - INFO - INFO - 相似度最高的类型: 政治身份-->政治身份, 相似度:1.0
2025-03-06 16:54:13,469 - INFO - INFO - 相似度最高的类型: 政府部门-->政府部门, 相似度:1.0000001192092896
2025-03-06 16:54:13,470 - INFO - INFO - 加载模型：EMBEDDING_SMELL_ZH: /Users/yinbenxin/git/model/bge-small-zh
2025-03-06 16:54:13,522 - INFO - INFO - 加载模型完成
2025-03-06 16:54:13,546 - INFO - INFO - 相似度最高的类型: 教师-->工作, 相似度:0.8765618801116943
2025-03-06 16:59:43,802 - INFO - INFO - Embedding模型加载中, 模型路径: /Users/yinbenxin/git/model/Conan-embedding-v1"
2025-03-06 17:04:50,744 - INFO - INFO - Embedding模型加载完成, 模型路径: /Users/yinbenxin/git/model/Conan-embedding-v1"
2025-03-06 17:04:50,746 - INFO - INFO - 信息抽取模型加载中, 模型路径: /Users/yinbenxin/git/model/uie-medium
2025-03-06 17:04:52,231 - INFO - INFO - 信息抽取模型加载完成, 模型路径: /Users/yinbenxin/git/model/uie-medium
2025-03-06 17:04:52,231 - INFO - INFO - MaskService initialized, embedding model: SentenceTransformer(
  (0): Transformer({'max_seq_length': 512, 'do_lower_case': False}) with Transformer model: BertModel 
  (1): Pooling({'word_embedding_dimension': 1024, 'pooling_mode_cls_token': False, 'pooling_mode_mean_tokens': True, 'pooling_mode_max_tokens': False, 'pooling_mode_mean_sqrt_len_tokens': False, 'pooling_mode_weightedmean_tokens': False, 'pooling_mode_lasttoken': False, 'include_prompt': True})
  (2): Dense({'in_features': 1024, 'out_features': 1792, 'bias': True, 'activation_function': 'torch.nn.modules.linear.Identity'})
)
2025-03-06 17:04:52,284 - INFO - INFO - 加载模型：EMBEDDING_SMELL_ZH: /Users/yinbenxin/git/model/bge-small-zh
2025-03-06 17:04:52,421 - INFO - INFO - 加载模型完成
2025-03-06 17:04:52,558 - INFO - INFO - Rerank模型加载中
2025-03-06 17:05:14,206 - INFO - INFO - Rerank模型加载完成, 模型路径: /Users/yinbenxin/git/model/gte-multilingual-reranker-base
2025-03-06 17:05:14,365 - INFO - INFO - 信息抽取模型加载中, 模型路径: /Users/yinbenxin/git/model/uie-medium
2025-03-06 17:05:15,669 - INFO - INFO - 信息抽取模型加载完成, 模型路径: /Users/yinbenxin/git/model/uie-medium
2025-03-06 17:05:15,669 - INFO - INFO - MaskService initialized, embedding model: None
2025-03-06 17:05:15,673 - INFO - INFO - 加载模型：EMBEDDING_SMELL_ZH: /Users/yinbenxin/git/model/bge-small-zh
2025-03-06 17:05:16,157 - INFO - INFO - 加载模型完成
2025-03-06 17:18:36,658 - INFO - INFO - Received request: {'text': '2024年2月17日，李明在北京参加了第十届世界人工智能峰会。该活动由国际人工智能协会主办，并在国家会议中心举行。', 'mask_type': 'aes', 'mask_model': 'paddle', 'mask_field': ['日期', '姓名', '职业', '地区', '外国人名', '时间']}, task_id: bface18c-166b-43eb-a38a-1c2a7ff80a1c, text: 2024年2月17日，李明在北京参加了第..., mask_type: aes, mask_model: paddle, mask_field: ['日期', '姓名', '职业', '地区', '外国人名', '时间'], force_convert: None
2025-03-06 17:18:36,689 - INFO - INFO - 添加任务到队列: bface18c-166b-43eb-a38a-1c2a7ff80a1c, 类型: mask
2025-03-06 17:18:37,567 - INFO - INFO - 从队列获取任务: bface18c-166b-43eb-a38a-1c2a7ff80a1c, 任务类型: mask
2025-03-06 17:18:37,571 - INFO - INFO - 开始处理Mask任务 bface18c-166b-43eb-a38a-1c2a7ff80a1c, 文本长度: 57字符, 脱敏类型: aes, 模型: paddle
2025-03-06 17:18:37,571 - INFO - INFO - 指定脱敏字段: ['日期', '姓名', '职业', '地区', '外国人名', '时间']
2025-03-06 17:18:37,572 - INFO - INFO - 开始处理Embedding任务 bface18c-166b-43eb-a38a-1c2a7ff80a1c, 文本长度: 57字符
2025-03-06 17:18:40,073 - INFO - INFO - Mask任务 bface18c-166b-43eb-a38a-1c2a7ff80a1c 处理完成
2025-03-06 17:18:40,073 - INFO - INFO - 完成任务处理: bface18c-166b-43eb-a38a-1c2a7ff80a1c
2025-03-06 17:18:40,078 - INFO - INFO - Received request: {'text': '2024年2月17日，李明在北京参加了第十届世界人工智能峰会。该活动由国际人工智能协会主办，并在国家会议中心举行。', 'mask_type': 'asterisk', 'mask_model': 'paddle', 'mask_field': ['日期', '姓名', '职业', '地区', '外国人名', '时间']}, task_id: 744755c3-2553-4b29-8996-8b8540711620, text: 2024年2月17日，李明在北京参加了第..., mask_type: asterisk, mask_model: paddle, mask_field: ['日期', '姓名', '职业', '地区', '外国人名', '时间'], force_convert: None
2025-03-06 17:18:40,079 - INFO - INFO - 添加任务到队列: 744755c3-2553-4b29-8996-8b8540711620, 类型: mask
2025-03-06 17:18:41,074 - INFO - INFO - 从队列获取任务: 744755c3-2553-4b29-8996-8b8540711620, 任务类型: mask
2025-03-06 17:18:41,081 - INFO - INFO - 开始处理Mask任务 744755c3-2553-4b29-8996-8b8540711620, 文本长度: 57字符, 脱敏类型: asterisk, 模型: paddle
2025-03-06 17:18:41,081 - INFO - INFO - 指定脱敏字段: ['日期', '姓名', '职业', '地区', '外国人名', '时间']
2025-03-06 17:18:41,082 - INFO - INFO - 开始处理Embedding任务 744755c3-2553-4b29-8996-8b8540711620, 文本长度: 57字符
2025-03-06 17:18:43,510 - INFO - INFO - Mask任务 744755c3-2553-4b29-8996-8b8540711620 处理完成
2025-03-06 17:18:43,510 - INFO - INFO - 完成任务处理: 744755c3-2553-4b29-8996-8b8540711620
2025-03-06 17:18:43,520 - INFO - INFO - Received request: {'text': '2024年2月17日，李明在北京参加了第十届世界人工智能峰会。该活动由国际人工智能协会主办，并在国家会议中心举行。', 'mask_type': 'delete', 'mask_model': 'paddle', 'mask_field': ['日期', '姓名', '职业', '地区', '外国人名', '时间']}, task_id: 15843d67-c809-4081-a6b7-fe03905d6d27, text: 2024年2月17日，李明在北京参加了第..., mask_type: delete, mask_model: paddle, mask_field: ['日期', '姓名', '职业', '地区', '外国人名', '时间'], force_convert: None
2025-03-06 17:18:43,521 - INFO - INFO - 添加任务到队列: 15843d67-c809-4081-a6b7-fe03905d6d27, 类型: mask
2025-03-06 17:18:44,511 - INFO - INFO - 从队列获取任务: 15843d67-c809-4081-a6b7-fe03905d6d27, 任务类型: mask
2025-03-06 17:18:44,516 - INFO - INFO - 开始处理Mask任务 15843d67-c809-4081-a6b7-fe03905d6d27, 文本长度: 57字符, 脱敏类型: delete, 模型: paddle
2025-03-06 17:18:44,516 - INFO - INFO - 指定脱敏字段: ['日期', '姓名', '职业', '地区', '外国人名', '时间']
2025-03-06 17:18:44,516 - INFO - INFO - 开始处理Embedding任务 15843d67-c809-4081-a6b7-fe03905d6d27, 文本长度: 57字符
2025-03-06 17:18:47,388 - INFO - INFO - Mask任务 15843d67-c809-4081-a6b7-fe03905d6d27 处理完成
2025-03-06 17:18:47,388 - INFO - INFO - 完成任务处理: 15843d67-c809-4081-a6b7-fe03905d6d27
2025-03-06 17:18:47,394 - INFO - INFO - Received request: {'text': '2024年2月17日，李明在北京参加了第十届世界人工智能峰会。该活动由国际人工智能协会主办，并在国家会议中心举行。', 'mask_type': 'similar', 'mask_model': 'paddle', 'mask_field': ['日期', '姓名', '职业', '地区', '外国人名', '时间'], 'force_convert': [['北京', '上海'], ['人工智能', 'AI']]}, task_id: f1f0104c-73cf-4891-9374-9b5155635924, text: 2024年2月17日，李明在北京参加了第..., mask_type: similar, mask_model: paddle, mask_field: ['日期', '姓名', '职业', '地区', '外国人名', '时间'], force_convert: [['北京', '上海'], ['人工智能', 'AI']]
2025-03-06 17:18:47,395 - INFO - INFO - 添加任务到队列: f1f0104c-73cf-4891-9374-9b5155635924, 类型: mask
2025-03-06 17:18:48,389 - INFO - INFO - 从队列获取任务: f1f0104c-73cf-4891-9374-9b5155635924, 任务类型: mask
2025-03-06 17:18:48,396 - INFO - INFO - 开始处理Mask任务 f1f0104c-73cf-4891-9374-9b5155635924, 文本长度: 57字符, 脱敏类型: similar, 模型: paddle
2025-03-06 17:18:48,397 - INFO - INFO - 指定脱敏字段: ['日期', '姓名', '职业', '地区', '外国人名', '时间']
2025-03-06 17:18:48,397 - INFO - INFO - 强制转换映射: [['北京', '上海'], ['人工智能', 'AI']]
2025-03-06 17:18:48,397 - INFO - INFO - 开始处理Embedding任务 f1f0104c-73cf-4891-9374-9b5155635924, 文本长度: 57字符
2025-03-06 17:18:50,768 - INFO - INFO - 处理任务 f1f0104c-73cf-4891-9374-9b5155635924 时发生错误: 'Faker' object is not callable
2025-03-06 17:18:50,768 - INFO - INFO - 完成任务处理: f1f0104c-73cf-4891-9374-9b5155635924
2025-03-06 17:18:50,773 - INFO - INFO - Received request: {'text': '2024年2月17日，李明在北京参加了第十届世界人工智能峰会。该活动由国际人工智能协会主办，并在国家会议中心举行。', 'mask_type': 'invalid_type', 'mask_model': 'paddle', 'mask_field': ['日期', '姓名', '职业', '地区', '外国人名', '时间']}, task_id: ed617a37-a916-4e39-bf1d-33ca57390565, text: 2024年2月17日，李明在北京参加了第..., mask_type: invalid_type, mask_model: paddle, mask_field: ['日期', '姓名', '职业', '地区', '外国人名', '时间'], force_convert: None
2025-03-06 17:18:50,774 - INFO - INFO - 添加任务到队列: ed617a37-a916-4e39-bf1d-33ca57390565, 类型: mask
2025-03-06 17:18:51,769 - INFO - INFO - 从队列获取任务: ed617a37-a916-4e39-bf1d-33ca57390565, 任务类型: mask
2025-03-06 17:18:51,775 - INFO - INFO - 开始处理Mask任务 ed617a37-a916-4e39-bf1d-33ca57390565, 文本长度: 57字符, 脱敏类型: invalid_type, 模型: paddle
2025-03-06 17:18:51,775 - INFO - INFO - 指定脱敏字段: ['日期', '姓名', '职业', '地区', '外国人名', '时间']
2025-03-06 17:18:51,775 - INFO - INFO - 开始处理Embedding任务 ed617a37-a916-4e39-bf1d-33ca57390565, 文本长度: 57字符
2025-03-06 17:18:54,148 - INFO - INFO - 处理任务 ed617a37-a916-4e39-bf1d-33ca57390565 时发生错误: 不支持的脱敏类型：invalid_type
2025-03-06 17:18:54,148 - INFO - INFO - 完成任务处理: ed617a37-a916-4e39-bf1d-33ca57390565
2025-03-06 17:18:54,153 - INFO - INFO - Received request: {'text': '2024年2月17日，李明在北京参加了第十届世界人工智能峰会。该活动由国际人工智能协会主办，并在国家会议中心举行。', 'mask_type': 'md5', 'mask_model': 'paddle', 'mask_field': ['日期', '姓名', '职业', '地区', '外国人名', '时间']}, task_id: 924e07b1-4e60-4ddd-a1bf-8e8535052c84, text: 2024年2月17日，李明在北京参加了第..., mask_type: md5, mask_model: paddle, mask_field: ['日期', '姓名', '职业', '地区', '外国人名', '时间'], force_convert: None
2025-03-06 17:18:54,155 - INFO - INFO - 添加任务到队列: 924e07b1-4e60-4ddd-a1bf-8e8535052c84, 类型: mask
2025-03-06 17:18:55,150 - INFO - INFO - 从队列获取任务: 924e07b1-4e60-4ddd-a1bf-8e8535052c84, 任务类型: mask
2025-03-06 17:18:55,155 - INFO - INFO - 开始处理Mask任务 924e07b1-4e60-4ddd-a1bf-8e8535052c84, 文本长度: 57字符, 脱敏类型: md5, 模型: paddle
2025-03-06 17:18:55,156 - INFO - INFO - 指定脱敏字段: ['日期', '姓名', '职业', '地区', '外国人名', '时间']
2025-03-06 17:18:55,156 - INFO - INFO - 开始处理Embedding任务 924e07b1-4e60-4ddd-a1bf-8e8535052c84, 文本长度: 57字符
2025-03-06 17:18:57,516 - INFO - INFO - Mask任务 924e07b1-4e60-4ddd-a1bf-8e8535052c84 处理完成
2025-03-06 17:18:57,517 - INFO - INFO - 完成任务处理: 924e07b1-4e60-4ddd-a1bf-8e8535052c84
2025-03-06 17:18:57,526 - INFO - INFO - Received request: {'text': '2024年2月17日，李明在北京参加了第十届世界人工智能峰会。该活动由国际人工智能协会主办，并在国家会议中心举行。', 'mask_type': 'sha256', 'mask_model': 'paddle', 'mask_field': ['日期', '姓名', '职业', '地区', '外国人名', '时间']}, task_id: 994bc413-58d3-4eb2-aa4b-8852c05a2b4a, text: 2024年2月17日，李明在北京参加了第..., mask_type: sha256, mask_model: paddle, mask_field: ['日期', '姓名', '职业', '地区', '外国人名', '时间'], force_convert: None
2025-03-06 17:18:57,528 - INFO - INFO - 添加任务到队列: 994bc413-58d3-4eb2-aa4b-8852c05a2b4a, 类型: mask
2025-03-06 17:18:58,518 - INFO - INFO - 从队列获取任务: 994bc413-58d3-4eb2-aa4b-8852c05a2b4a, 任务类型: mask
2025-03-06 17:18:58,525 - INFO - INFO - 开始处理Mask任务 994bc413-58d3-4eb2-aa4b-8852c05a2b4a, 文本长度: 57字符, 脱敏类型: sha256, 模型: paddle
2025-03-06 17:18:58,525 - INFO - INFO - 指定脱敏字段: ['日期', '姓名', '职业', '地区', '外国人名', '时间']
2025-03-06 17:18:58,525 - INFO - INFO - 开始处理Embedding任务 994bc413-58d3-4eb2-aa4b-8852c05a2b4a, 文本长度: 57字符
2025-03-06 17:19:00,968 - INFO - INFO - Mask任务 994bc413-58d3-4eb2-aa4b-8852c05a2b4a 处理完成
2025-03-06 17:19:00,969 - INFO - INFO - 完成任务处理: 994bc413-58d3-4eb2-aa4b-8852c05a2b4a
2025-03-06 17:19:00,974 - INFO - INFO - Received request: {'text': '2024年2月17日，李明在北京参加了第十届世界人工智能峰会。该活动由国际人工智能协会主办，并在国家会议中心举行。', 'mask_type': 'similar', 'mask_model': 'paddle', 'mask_field': ['日期', '姓名', '职业', '地区', '外国人名', '时间']}, task_id: b074150f-22b5-402b-b7e9-96dff7ada468, text: 2024年2月17日，李明在北京参加了第..., mask_type: similar, mask_model: paddle, mask_field: ['日期', '姓名', '职业', '地区', '外国人名', '时间'], force_convert: None
2025-03-06 17:19:00,974 - INFO - INFO - 添加任务到队列: b074150f-22b5-402b-b7e9-96dff7ada468, 类型: mask
2025-03-06 17:19:01,970 - INFO - INFO - 从队列获取任务: b074150f-22b5-402b-b7e9-96dff7ada468, 任务类型: mask
2025-03-06 17:19:01,973 - INFO - INFO - 开始处理Mask任务 b074150f-22b5-402b-b7e9-96dff7ada468, 文本长度: 57字符, 脱敏类型: similar, 模型: paddle
2025-03-06 17:19:01,973 - INFO - INFO - 指定脱敏字段: ['日期', '姓名', '职业', '地区', '外国人名', '时间']
2025-03-06 17:19:01,974 - INFO - INFO - 开始处理Embedding任务 b074150f-22b5-402b-b7e9-96dff7ada468, 文本长度: 57字符
2025-03-06 17:19:04,345 - INFO - INFO - 处理任务 b074150f-22b5-402b-b7e9-96dff7ada468 时发生错误: 'Faker' object is not callable
2025-03-06 17:19:04,345 - INFO - INFO - 完成任务处理: b074150f-22b5-402b-b7e9-96dff7ada468
2025-03-06 17:19:04,352 - INFO - INFO - Received request: {'text': '2024年2月17日，李明在北京参加了第十届世界人工智能峰会。该活动由国际人工智能协会主办，并在国家会议中心举行。', 'mask_type': 'type_replace', 'mask_model': 'paddle', 'mask_field': ['日期', '姓名', '职业', '地区', '外国人名', '时间']}, task_id: 728155ea-3f19-46c3-aab3-f597fa7724ae, text: 2024年2月17日，李明在北京参加了第..., mask_type: type_replace, mask_model: paddle, mask_field: ['日期', '姓名', '职业', '地区', '外国人名', '时间'], force_convert: None
2025-03-06 17:19:04,353 - INFO - INFO - 添加任务到队列: 728155ea-3f19-46c3-aab3-f597fa7724ae, 类型: mask
2025-03-06 17:19:05,347 - INFO - INFO - 从队列获取任务: 728155ea-3f19-46c3-aab3-f597fa7724ae, 任务类型: mask
2025-03-06 17:19:05,354 - INFO - INFO - 开始处理Mask任务 728155ea-3f19-46c3-aab3-f597fa7724ae, 文本长度: 57字符, 脱敏类型: type_replace, 模型: paddle
2025-03-06 17:19:05,354 - INFO - INFO - 指定脱敏字段: ['日期', '姓名', '职业', '地区', '外国人名', '时间']
2025-03-06 17:19:05,354 - INFO - INFO - 开始处理Embedding任务 728155ea-3f19-46c3-aab3-f597fa7724ae, 文本长度: 57字符
2025-03-06 17:19:07,939 - INFO - INFO - Mask任务 728155ea-3f19-46c3-aab3-f597fa7724ae 处理完成
2025-03-06 17:19:07,940 - INFO - INFO - 完成任务处理: 728155ea-3f19-46c3-aab3-f597fa7724ae
2025-03-06 17:22:08,747 - INFO - INFO - Embedding模型加载中, 模型路径: /Users/yinbenxin/git/model/Conan-embedding-v1"
2025-03-06 17:22:11,857 - INFO - INFO - Embedding模型加载完成, 模型路径: /Users/yinbenxin/git/model/Conan-embedding-v1"
2025-03-06 17:22:11,859 - INFO - INFO - 信息抽取模型加载中, 模型路径: /Users/yinbenxin/git/model/uie-medium
2025-03-06 17:22:13,031 - INFO - INFO - 信息抽取模型加载完成, 模型路径: /Users/yinbenxin/git/model/uie-medium
2025-03-06 17:22:13,031 - INFO - INFO - MaskService initialized, embedding model: SentenceTransformer(
  (0): Transformer({'max_seq_length': 512, 'do_lower_case': False}) with Transformer model: BertModel 
  (1): Pooling({'word_embedding_dimension': 1024, 'pooling_mode_cls_token': False, 'pooling_mode_mean_tokens': True, 'pooling_mode_max_tokens': False, 'pooling_mode_mean_sqrt_len_tokens': False, 'pooling_mode_weightedmean_tokens': False, 'pooling_mode_lasttoken': False, 'include_prompt': True})
  (2): Dense({'in_features': 1024, 'out_features': 1792, 'bias': True, 'activation_function': 'torch.nn.modules.linear.Identity'})
)
2025-03-06 17:22:13,050 - INFO - INFO - 加载模型：EMBEDDING_SMELL_ZH: /Users/yinbenxin/git/model/bge-small-zh
2025-03-06 17:22:13,174 - INFO - INFO - 加载模型完成
2025-03-06 17:22:13,386 - INFO - INFO - Rerank模型加载中
2025-03-06 17:22:15,852 - INFO - INFO - Rerank模型加载完成, 模型路径: /Users/yinbenxin/git/model/gte-multilingual-reranker-base
2025-03-06 17:22:15,908 - INFO - INFO - 信息抽取模型加载中, 模型路径: /Users/yinbenxin/git/model/uie-medium
2025-03-06 17:22:16,760 - INFO - INFO - 信息抽取模型加载完成, 模型路径: /Users/yinbenxin/git/model/uie-medium
2025-03-06 17:22:16,760 - INFO - INFO - MaskService initialized, embedding model: None
2025-03-06 17:22:16,761 - INFO - INFO - 加载模型：EMBEDDING_SMELL_ZH: /Users/yinbenxin/git/model/bge-small-zh
2025-03-06 17:22:17,276 - INFO - INFO - 加载模型完成
2025-03-06 17:22:21,637 - INFO - INFO - Embedding模型加载中, 模型路径: /Users/yinbenxin/git/model/Conan-embedding-v1"
2025-03-06 17:22:23,867 - INFO - INFO - Embedding模型加载完成, 模型路径: /Users/yinbenxin/git/model/Conan-embedding-v1"
2025-03-06 17:22:23,867 - INFO - INFO - 信息抽取模型加载中, 模型路径: /Users/yinbenxin/git/model/uie-medium
2025-03-06 17:22:25,047 - INFO - INFO - 信息抽取模型加载完成, 模型路径: /Users/yinbenxin/git/model/uie-medium
2025-03-06 17:22:25,047 - INFO - INFO - MaskService initialized, embedding model: SentenceTransformer(
  (0): Transformer({'max_seq_length': 512, 'do_lower_case': False}) with Transformer model: BertModel 
  (1): Pooling({'word_embedding_dimension': 1024, 'pooling_mode_cls_token': False, 'pooling_mode_mean_tokens': True, 'pooling_mode_max_tokens': False, 'pooling_mode_mean_sqrt_len_tokens': False, 'pooling_mode_weightedmean_tokens': False, 'pooling_mode_lasttoken': False, 'include_prompt': True})
  (2): Dense({'in_features': 1024, 'out_features': 1792, 'bias': True, 'activation_function': 'torch.nn.modules.linear.Identity'})
)
2025-03-06 17:22:25,067 - INFO - INFO - 加载模型：EMBEDDING_SMELL_ZH: /Users/yinbenxin/git/model/bge-small-zh
2025-03-06 17:22:25,156 - INFO - INFO - 加载模型完成
2025-03-06 17:22:25,269 - INFO - INFO - Rerank模型加载中
2025-03-06 17:22:26,943 - INFO - INFO - Rerank模型加载完成, 模型路径: /Users/yinbenxin/git/model/gte-multilingual-reranker-base
2025-03-06 17:22:26,977 - INFO - INFO - 信息抽取模型加载中, 模型路径: /Users/yinbenxin/git/model/uie-medium
2025-03-06 17:22:27,785 - INFO - INFO - 信息抽取模型加载完成, 模型路径: /Users/yinbenxin/git/model/uie-medium
2025-03-06 17:22:27,785 - INFO - INFO - MaskService initialized, embedding model: None
2025-03-06 17:22:27,786 - INFO - INFO - 加载模型：EMBEDDING_SMELL_ZH: /Users/yinbenxin/git/model/bge-small-zh
2025-03-06 17:22:28,055 - INFO - INFO - 加载模型完成
2025-03-06 17:22:28,084 - INFO - INFO - Received request: {'text': '2024年2月17日，李明在北京参加了第十届世界人工智能峰会。该活动由国际人工智能协会主办，并在国家会议中心举行。', 'mask_type': 'aes', 'mask_model': 'paddle', 'mask_field': ['日期', '姓名', '职业', '地区', '外国人名', '时间']}, task_id: b8e7b759-1d69-4876-9265-29d3987f938a, text: 2024年2月17日，李明在北京参加了第..., mask_type: aes, mask_model: paddle, mask_field: ['日期', '姓名', '职业', '地区', '外国人名', '时间'], force_convert: None
2025-03-06 17:22:28,090 - INFO - INFO - 添加任务到队列: b8e7b759-1d69-4876-9265-29d3987f938a, 类型: mask
2025-03-06 17:22:29,079 - INFO - INFO - 从队列获取任务: b8e7b759-1d69-4876-9265-29d3987f938a, 任务类型: mask
2025-03-06 17:22:29,088 - INFO - INFO - 开始处理Mask任务 b8e7b759-1d69-4876-9265-29d3987f938a, 文本长度: 57字符, 脱敏类型: aes, 模型: paddle
2025-03-06 17:22:29,089 - INFO - INFO - 指定脱敏字段: ['日期', '姓名', '职业', '地区', '外国人名', '时间']
2025-03-06 17:22:29,089 - INFO - INFO - 开始处理Embedding任务 b8e7b759-1d69-4876-9265-29d3987f938a, 文本长度: 57字符
2025-03-06 17:22:31,676 - INFO - INFO - Mask任务 b8e7b759-1d69-4876-9265-29d3987f938a 处理完成
2025-03-06 17:22:31,676 - INFO - INFO - 完成任务处理: b8e7b759-1d69-4876-9265-29d3987f938a
2025-03-06 17:22:31,681 - INFO - INFO - Received request: {'text': '2024年2月17日，李明在北京参加了第十届世界人工智能峰会。该活动由国际人工智能协会主办，并在国家会议中心举行。', 'mask_type': 'asterisk', 'mask_model': 'paddle', 'mask_field': ['日期', '姓名', '职业', '地区', '外国人名', '时间']}, task_id: faca083a-a664-4f73-a8fd-9b2e46c6142f, text: 2024年2月17日，李明在北京参加了第..., mask_type: asterisk, mask_model: paddle, mask_field: ['日期', '姓名', '职业', '地区', '外国人名', '时间'], force_convert: None
2025-03-06 17:22:31,682 - INFO - INFO - 添加任务到队列: faca083a-a664-4f73-a8fd-9b2e46c6142f, 类型: mask
2025-03-06 17:22:32,677 - INFO - INFO - 从队列获取任务: faca083a-a664-4f73-a8fd-9b2e46c6142f, 任务类型: mask
2025-03-06 17:22:32,684 - INFO - INFO - 开始处理Mask任务 faca083a-a664-4f73-a8fd-9b2e46c6142f, 文本长度: 57字符, 脱敏类型: asterisk, 模型: paddle
2025-03-06 17:22:32,684 - INFO - INFO - 指定脱敏字段: ['日期', '姓名', '职业', '地区', '外国人名', '时间']
2025-03-06 17:22:32,684 - INFO - INFO - 开始处理Embedding任务 faca083a-a664-4f73-a8fd-9b2e46c6142f, 文本长度: 57字符
2025-03-06 17:22:35,088 - INFO - INFO - Mask任务 faca083a-a664-4f73-a8fd-9b2e46c6142f 处理完成
2025-03-06 17:22:35,088 - INFO - INFO - 完成任务处理: faca083a-a664-4f73-a8fd-9b2e46c6142f
2025-03-06 17:22:35,093 - INFO - INFO - Received request: {'text': '2024年2月17日，李明在北京参加了第十届世界人工智能峰会。该活动由国际人工智能协会主办，并在国家会议中心举行。', 'mask_type': 'delete', 'mask_model': 'paddle', 'mask_field': ['日期', '姓名', '职业', '地区', '外国人名', '时间']}, task_id: eee86edb-34b1-4967-94aa-ac225ec6b11c, text: 2024年2月17日，李明在北京参加了第..., mask_type: delete, mask_model: paddle, mask_field: ['日期', '姓名', '职业', '地区', '外国人名', '时间'], force_convert: None
2025-03-06 17:22:35,094 - INFO - INFO - 添加任务到队列: eee86edb-34b1-4967-94aa-ac225ec6b11c, 类型: mask
2025-03-06 17:22:36,089 - INFO - INFO - 从队列获取任务: eee86edb-34b1-4967-94aa-ac225ec6b11c, 任务类型: mask
2025-03-06 17:22:36,096 - INFO - INFO - 开始处理Mask任务 eee86edb-34b1-4967-94aa-ac225ec6b11c, 文本长度: 57字符, 脱敏类型: delete, 模型: paddle
2025-03-06 17:22:36,096 - INFO - INFO - 指定脱敏字段: ['日期', '姓名', '职业', '地区', '外国人名', '时间']
2025-03-06 17:22:36,096 - INFO - INFO - 开始处理Embedding任务 eee86edb-34b1-4967-94aa-ac225ec6b11c, 文本长度: 57字符
2025-03-06 17:22:38,459 - INFO - INFO - Mask任务 eee86edb-34b1-4967-94aa-ac225ec6b11c 处理完成
2025-03-06 17:22:38,459 - INFO - INFO - 完成任务处理: eee86edb-34b1-4967-94aa-ac225ec6b11c
2025-03-06 17:22:38,464 - INFO - INFO - Received request: {'text': '2024年2月17日，李明在北京参加了第十届世界人工智能峰会。该活动由国际人工智能协会主办，并在国家会议中心举行。', 'mask_type': 'similar', 'mask_model': 'paddle', 'mask_field': ['日期', '姓名', '职业', '地区', '外国人名', '时间'], 'force_convert': [['北京', '上海'], ['人工智能', 'AI']]}, task_id: f676fffc-d1f5-491c-9e5e-04bf15da66f0, text: 2024年2月17日，李明在北京参加了第..., mask_type: similar, mask_model: paddle, mask_field: ['日期', '姓名', '职业', '地区', '外国人名', '时间'], force_convert: [['北京', '上海'], ['人工智能', 'AI']]
2025-03-06 17:22:38,465 - INFO - INFO - 添加任务到队列: f676fffc-d1f5-491c-9e5e-04bf15da66f0, 类型: mask
2025-03-06 17:22:39,460 - INFO - INFO - 从队列获取任务: f676fffc-d1f5-491c-9e5e-04bf15da66f0, 任务类型: mask
2025-03-06 17:22:39,466 - INFO - INFO - 开始处理Mask任务 f676fffc-d1f5-491c-9e5e-04bf15da66f0, 文本长度: 57字符, 脱敏类型: similar, 模型: paddle
2025-03-06 17:22:39,467 - INFO - INFO - 指定脱敏字段: ['日期', '姓名', '职业', '地区', '外国人名', '时间']
2025-03-06 17:22:39,467 - INFO - INFO - 强制转换映射: [['北京', '上海'], ['人工智能', 'AI']]
2025-03-06 17:22:39,467 - INFO - INFO - 开始处理Embedding任务 f676fffc-d1f5-491c-9e5e-04bf15da66f0, 文本长度: 57字符
2025-03-06 17:22:41,959 - INFO - INFO - 相似度最高的类型: 外国人名-->姓名, 相似度:0.8769354224205017
2025-03-06 17:22:42,012 - INFO - INFO - 相似度最高的类型: 时间-->时间, 相似度:1.0000001192092896
2025-03-06 17:22:42,031 - INFO - INFO - 相似度最高的类型: 姓名-->姓名, 相似度:1.0000001192092896
2025-03-06 17:22:42,047 - INFO - INFO - 相似度最高的类型: 日期-->日期, 相似度:1.0000001192092896
2025-03-06 17:22:42,064 - INFO - INFO - 相似度最高的类型: 地区-->省份, 相似度:0.9061164855957031
2025-03-06 17:22:42,065 - INFO - INFO - Mask任务 f676fffc-d1f5-491c-9e5e-04bf15da66f0 处理完成
2025-03-06 17:22:42,065 - INFO - INFO - 完成任务处理: f676fffc-d1f5-491c-9e5e-04bf15da66f0
2025-03-06 17:22:42,070 - INFO - INFO - Received request: {'text': '2024年2月17日，李明在北京参加了第十届世界人工智能峰会。该活动由国际人工智能协会主办，并在国家会议中心举行。', 'mask_type': 'invalid_type', 'mask_model': 'paddle', 'mask_field': ['日期', '姓名', '职业', '地区', '外国人名', '时间']}, task_id: 6d378243-dac9-4057-8bcd-0ad4c19ac27c, text: 2024年2月17日，李明在北京参加了第..., mask_type: invalid_type, mask_model: paddle, mask_field: ['日期', '姓名', '职业', '地区', '外国人名', '时间'], force_convert: None
2025-03-06 17:22:42,071 - INFO - INFO - 添加任务到队列: 6d378243-dac9-4057-8bcd-0ad4c19ac27c, 类型: mask
2025-03-06 17:22:43,066 - INFO - INFO - 从队列获取任务: 6d378243-dac9-4057-8bcd-0ad4c19ac27c, 任务类型: mask
2025-03-06 17:22:43,069 - INFO - INFO - 开始处理Mask任务 6d378243-dac9-4057-8bcd-0ad4c19ac27c, 文本长度: 57字符, 脱敏类型: invalid_type, 模型: paddle
2025-03-06 17:22:43,069 - INFO - INFO - 指定脱敏字段: ['日期', '姓名', '职业', '地区', '外国人名', '时间']
2025-03-06 17:22:43,069 - INFO - INFO - 开始处理Embedding任务 6d378243-dac9-4057-8bcd-0ad4c19ac27c, 文本长度: 57字符
2025-03-06 17:22:45,412 - INFO - INFO - 处理任务 6d378243-dac9-4057-8bcd-0ad4c19ac27c 时发生错误: 不支持的脱敏类型：invalid_type
2025-03-06 17:22:45,413 - INFO - INFO - 完成任务处理: 6d378243-dac9-4057-8bcd-0ad4c19ac27c
2025-03-06 17:22:45,417 - INFO - INFO - Received request: {'text': '2024年2月17日，李明在北京参加了第十届世界人工智能峰会。该活动由国际人工智能协会主办，并在国家会议中心举行。', 'mask_type': 'md5', 'mask_model': 'paddle', 'mask_field': ['日期', '姓名', '职业', '地区', '外国人名', '时间']}, task_id: 581f1a10-91d3-4d00-9817-a5b99be8d4ce, text: 2024年2月17日，李明在北京参加了第..., mask_type: md5, mask_model: paddle, mask_field: ['日期', '姓名', '职业', '地区', '外国人名', '时间'], force_convert: None
2025-03-06 17:22:45,419 - INFO - INFO - 添加任务到队列: 581f1a10-91d3-4d00-9817-a5b99be8d4ce, 类型: mask
2025-03-06 17:22:46,414 - INFO - INFO - 从队列获取任务: 581f1a10-91d3-4d00-9817-a5b99be8d4ce, 任务类型: mask
2025-03-06 17:22:46,418 - INFO - INFO - 开始处理Mask任务 581f1a10-91d3-4d00-9817-a5b99be8d4ce, 文本长度: 57字符, 脱敏类型: md5, 模型: paddle
2025-03-06 17:22:46,418 - INFO - INFO - 指定脱敏字段: ['日期', '姓名', '职业', '地区', '外国人名', '时间']
2025-03-06 17:22:46,419 - INFO - INFO - 开始处理Embedding任务 581f1a10-91d3-4d00-9817-a5b99be8d4ce, 文本长度: 57字符
2025-03-06 17:22:48,772 - INFO - INFO - Mask任务 581f1a10-91d3-4d00-9817-a5b99be8d4ce 处理完成
2025-03-06 17:22:48,772 - INFO - INFO - 完成任务处理: 581f1a10-91d3-4d00-9817-a5b99be8d4ce
2025-03-06 17:22:48,779 - INFO - INFO - Received request: {'text': '2024年2月17日，李明在北京参加了第十届世界人工智能峰会。该活动由国际人工智能协会主办，并在国家会议中心举行。', 'mask_type': 'sha256', 'mask_model': 'paddle', 'mask_field': ['日期', '姓名', '职业', '地区', '外国人名', '时间']}, task_id: 8ca688c8-dc64-41cb-ac4f-a263034aaf8b, text: 2024年2月17日，李明在北京参加了第..., mask_type: sha256, mask_model: paddle, mask_field: ['日期', '姓名', '职业', '地区', '外国人名', '时间'], force_convert: None
2025-03-06 17:22:48,780 - INFO - INFO - 添加任务到队列: 8ca688c8-dc64-41cb-ac4f-a263034aaf8b, 类型: mask
2025-03-06 17:22:49,773 - INFO - INFO - 从队列获取任务: 8ca688c8-dc64-41cb-ac4f-a263034aaf8b, 任务类型: mask
2025-03-06 17:22:49,779 - INFO - INFO - 开始处理Mask任务 8ca688c8-dc64-41cb-ac4f-a263034aaf8b, 文本长度: 57字符, 脱敏类型: sha256, 模型: paddle
2025-03-06 17:22:49,779 - INFO - INFO - 指定脱敏字段: ['日期', '姓名', '职业', '地区', '外国人名', '时间']
2025-03-06 17:22:49,779 - INFO - INFO - 开始处理Embedding任务 8ca688c8-dc64-41cb-ac4f-a263034aaf8b, 文本长度: 57字符
2025-03-06 17:22:52,130 - INFO - INFO - Mask任务 8ca688c8-dc64-41cb-ac4f-a263034aaf8b 处理完成
2025-03-06 17:22:52,131 - INFO - INFO - 完成任务处理: 8ca688c8-dc64-41cb-ac4f-a263034aaf8b
2025-03-06 17:22:52,135 - INFO - INFO - Received request: {'text': '2024年2月17日，李明在北京参加了第十届世界人工智能峰会。该活动由国际人工智能协会主办，并在国家会议中心举行。', 'mask_type': 'similar', 'mask_model': 'paddle', 'mask_field': ['日期', '姓名', '职业', '地区', '外国人名', '时间']}, task_id: d34b7fc7-f0a1-48f1-b510-502371fa1949, text: 2024年2月17日，李明在北京参加了第..., mask_type: similar, mask_model: paddle, mask_field: ['日期', '姓名', '职业', '地区', '外国人名', '时间'], force_convert: None
2025-03-06 17:22:52,137 - INFO - INFO - 添加任务到队列: d34b7fc7-f0a1-48f1-b510-502371fa1949, 类型: mask
2025-03-06 17:22:53,132 - INFO - INFO - 从队列获取任务: d34b7fc7-f0a1-48f1-b510-502371fa1949, 任务类型: mask
2025-03-06 17:22:53,138 - INFO - INFO - 开始处理Mask任务 d34b7fc7-f0a1-48f1-b510-502371fa1949, 文本长度: 57字符, 脱敏类型: similar, 模型: paddle
2025-03-06 17:22:53,138 - INFO - INFO - 指定脱敏字段: ['日期', '姓名', '职业', '地区', '外国人名', '时间']
2025-03-06 17:22:53,138 - INFO - INFO - 开始处理Embedding任务 d34b7fc7-f0a1-48f1-b510-502371fa1949, 文本长度: 57字符
2025-03-06 17:22:55,550 - INFO - INFO - 相似度最高的类型: 外国人名-->姓名, 相似度:0.8769354224205017
2025-03-06 17:22:55,568 - INFO - INFO - 相似度最高的类型: 时间-->时间, 相似度:1.0000001192092896
2025-03-06 17:22:55,584 - INFO - INFO - 相似度最高的类型: 姓名-->姓名, 相似度:1.0000001192092896
2025-03-06 17:22:55,603 - INFO - INFO - 相似度最高的类型: 日期-->日期, 相似度:1.0000001192092896
2025-03-06 17:22:55,619 - INFO - INFO - 相似度最高的类型: 地区-->省份, 相似度:0.9061164855957031
2025-03-06 17:22:55,622 - INFO - INFO - Mask任务 d34b7fc7-f0a1-48f1-b510-502371fa1949 处理完成
2025-03-06 17:22:55,623 - INFO - INFO - 完成任务处理: d34b7fc7-f0a1-48f1-b510-502371fa1949
2025-03-06 17:22:55,628 - INFO - INFO - Received request: {'text': '2024年2月17日，李明在北京参加了第十届世界人工智能峰会。该活动由国际人工智能协会主办，并在国家会议中心举行。', 'mask_type': 'type_replace', 'mask_model': 'paddle', 'mask_field': ['日期', '姓名', '职业', '地区', '外国人名', '时间']}, task_id: 262bf400-a0cf-45d1-b086-14c63a491a6e, text: 2024年2月17日，李明在北京参加了第..., mask_type: type_replace, mask_model: paddle, mask_field: ['日期', '姓名', '职业', '地区', '外国人名', '时间'], force_convert: None
2025-03-06 17:22:55,628 - INFO - INFO - 添加任务到队列: 262bf400-a0cf-45d1-b086-14c63a491a6e, 类型: mask
2025-03-06 17:22:56,624 - INFO - INFO - 从队列获取任务: 262bf400-a0cf-45d1-b086-14c63a491a6e, 任务类型: mask
2025-03-06 17:22:56,630 - INFO - INFO - 开始处理Mask任务 262bf400-a0cf-45d1-b086-14c63a491a6e, 文本长度: 57字符, 脱敏类型: type_replace, 模型: paddle
2025-03-06 17:22:56,630 - INFO - INFO - 指定脱敏字段: ['日期', '姓名', '职业', '地区', '外国人名', '时间']
2025-03-06 17:22:56,631 - INFO - INFO - 开始处理Embedding任务 262bf400-a0cf-45d1-b086-14c63a491a6e, 文本长度: 57字符
2025-03-06 17:22:58,992 - INFO - INFO - Mask任务 262bf400-a0cf-45d1-b086-14c63a491a6e 处理完成
2025-03-06 17:22:58,992 - INFO - INFO - 完成任务处理: 262bf400-a0cf-45d1-b086-14c63a491a6e
