2025-03-10 15:45:35,633 - INFO - INFO - Received request: {'text': '2024年2月17日，李明在北京参加了第十届世界人工智能峰会。该活动由国际人工智能协会主办，并在国家会议中心举行。', 'mask_type': 'similar', 'mask_model': 'paddle', 'mask_field': ['日期', '姓名', '职业', '地区', '外国人名'], 'force_convert': [['北京', '上海'], ['人工智能', 'AI']], 'handle': 'http://localhost:61916/callback'}, task_id: 47159a7b-0588-4892-ad3d-93aaafddba1c, text: 2024年2月17日，李明在北京参加了第..., mask_type: similar, mask_model: paddle, mask_field: ['日期', '姓名', '职业', '地区', '外国人名'], force_convert: [['北京', '上海'], ['人工智能', 'AI']]
2025-03-10 15:45:35,633 - INFO - INFO - 添加任务到队列: 47159a7b-0588-4892-ad3d-93aaafddba1c, 类型: mask
2025-03-10 15:45:36,076 - INFO - INFO - 从队列获取任务: 47159a7b-0588-4892-ad3d-93aaafddba1c, 任务类型: mask
2025-03-10 15:45:36,077 - INFO - INFO - 开始处理Mask任务 47159a7b-0588-4892-ad3d-93aaafddba1c, 文本长度: 57字符, 脱敏类型: similar, 模型: paddle, handle: http://localhost:61916/callback
2025-03-10 15:45:36,077 - INFO - INFO - 指定脱敏字段: ['日期', '姓名', '职业', '地区', '外国人名']
2025-03-10 15:45:36,077 - INFO - INFO - 强制转换映射: [['北京', '上海'], ['人工智能', 'AI']]
2025-03-10 15:45:38,149 - INFO - INFO - 相似度最高的类型: 姓名-->姓名, 相似度:1.0000001192092896
2025-03-10 15:45:38,167 - INFO - INFO - 相似度最高的类型: 地区-->省份, 相似度:0.9061164855957031
2025-03-10 15:45:38,182 - INFO - INFO - 相似度最高的类型: 外国人名-->姓名, 相似度:0.8769354224205017
2025-03-10 15:45:38,200 - INFO - INFO - 相似度最高的类型: 日期-->日期, 相似度:1.0000001192092896
2025-03-10 15:45:38,200 - INFO - INFO - Mask任务 47159a7b-0588-4892-ad3d-93aaafddba1c 处理完成
2025-03-10 15:45:38,202 - INFO - INFO - 完成任务处理: 47159a7b-0588-4892-ad3d-93aaafddba1c
2025-03-10 15:45:38,656 - INFO - INFO - Received request: {'text': '2024年2月17日，李明在北京参加了第十届世界人工智能峰会。该活动由国际人工智能协会主办，并在国家会议中心举行。', 'mask_type': 'similar', 'mask_model': 'paddle', 'mask_field': ['日期', '姓名', '职业', '地区', '外国人名'], 'handle': 'http://invalid-url:12345/callback'}, task_id: 66715003-8544-4cab-908c-b4251cf8cbc3, text: 2024年2月17日，李明在北京参加了第..., mask_type: similar, mask_model: paddle, mask_field: ['日期', '姓名', '职业', '地区', '外国人名'], force_convert: None
2025-03-10 15:45:38,657 - INFO - INFO - 添加任务到队列: 66715003-8544-4cab-908c-b4251cf8cbc3, 类型: mask
2025-03-10 15:45:39,203 - INFO - INFO - 从队列获取任务: 66715003-8544-4cab-908c-b4251cf8cbc3, 任务类型: mask
2025-03-10 15:45:39,204 - INFO - INFO - 开始处理Mask任务 66715003-8544-4cab-908c-b4251cf8cbc3, 文本长度: 57字符, 脱敏类型: similar, 模型: paddle, handle: http://invalid-url:12345/callback
2025-03-10 15:45:39,204 - INFO - INFO - 指定脱敏字段: ['日期', '姓名', '职业', '地区', '外国人名']
2025-03-10 15:45:41,297 - INFO - INFO - 相似度最高的类型: 姓名-->姓名, 相似度:1.0000001192092896
2025-03-10 15:45:41,314 - INFO - INFO - 相似度最高的类型: 地区-->省份, 相似度:0.9061164855957031
2025-03-10 15:45:41,332 - INFO - INFO - 相似度最高的类型: 外国人名-->姓名, 相似度:0.8769354224205017
2025-03-10 15:45:41,348 - INFO - INFO - 相似度最高的类型: 日期-->日期, 相似度:1.0000001192092896
2025-03-10 15:45:41,348 - INFO - INFO - Mask任务 66715003-8544-4cab-908c-b4251cf8cbc3 处理完成
2025-03-10 15:45:41,350 - INFO - ERROR - 返回结果到接口 http://invalid-url:12345/callback 时发生错误: Cannot connect to host invalid-url:12345 ssl:default [nodename nor servname provided, or not known]
2025-03-10 15:45:41,351 - INFO - INFO - 完成任务处理: 66715003-8544-4cab-908c-b4251cf8cbc3
2025-03-10 15:45:43,680 - INFO - INFO - Received request: {'text': '2024年2月17日，李明在北京参加了第十届世界人工智能峰会。该活动由国际人工智能协会主办，并在国家会议中心举行。', 'mask_type': 'similar', 'mask_model': 'paddle', 'mask_field': ['日期', '姓名', '职业', '地区', '外国人名'], 'handle': 'http://localhost:61916/callback'}, task_id: 61fa316a-fee0-43a7-961e-c26cf09cb748, text: 2024年2月17日，李明在北京参加了第..., mask_type: similar, mask_model: paddle, mask_field: ['日期', '姓名', '职业', '地区', '外国人名'], force_convert: None
2025-03-10 15:45:43,681 - INFO - INFO - 添加任务到队列: 61fa316a-fee0-43a7-961e-c26cf09cb748, 类型: mask
2025-03-10 15:45:44,354 - INFO - INFO - 从队列获取任务: 61fa316a-fee0-43a7-961e-c26cf09cb748, 任务类型: mask
2025-03-10 15:45:44,355 - INFO - INFO - 开始处理Mask任务 61fa316a-fee0-43a7-961e-c26cf09cb748, 文本长度: 57字符, 脱敏类型: similar, 模型: paddle, handle: http://localhost:61916/callback
2025-03-10 15:45:44,355 - INFO - INFO - 指定脱敏字段: ['日期', '姓名', '职业', '地区', '外国人名']
2025-03-10 15:45:46,399 - INFO - INFO - 相似度最高的类型: 姓名-->姓名, 相似度:1.0000001192092896
2025-03-10 15:45:46,416 - INFO - INFO - 相似度最高的类型: 地区-->省份, 相似度:0.9061164855957031
2025-03-10 15:45:46,434 - INFO - INFO - 相似度最高的类型: 外国人名-->姓名, 相似度:0.8769354224205017
2025-03-10 15:45:46,450 - INFO - INFO - 相似度最高的类型: 日期-->日期, 相似度:1.0000001192092896
2025-03-10 15:45:46,450 - INFO - INFO - Mask任务 61fa316a-fee0-43a7-961e-c26cf09cb748 处理完成
2025-03-10 15:45:46,452 - INFO - INFO - 完成任务处理: 61fa316a-fee0-43a7-961e-c26cf09cb748
2025-03-10 15:47:22,884 - INFO - INFO - Embedding模型加载中, 模型路径: /Users/yinbenxin/git/model/Conan-embedding-v1"
2025-03-10 15:47:26,509 - INFO - INFO - Embedding模型加载完成, 模型路径: /Users/yinbenxin/git/model/Conan-embedding-v1"
2025-03-10 15:47:26,509 - INFO - INFO - 信息抽取模型加载中, 模型路径: /Users/yinbenxin/git/model/uie-medium
2025-03-10 15:47:27,726 - INFO - INFO - 信息抽取模型加载完成, 模型路径: /Users/yinbenxin/git/model/uie-medium
2025-03-10 15:47:27,726 - INFO - INFO - MaskService initialized, embedding model: None
2025-03-10 15:47:27,752 - INFO - INFO - 加载模型：EMBEDDING_SMELL_ZH: /Users/yinbenxin/git/model/bge-small-zh
2025-03-10 15:47:27,891 - INFO - INFO - 加载模型完成
2025-03-10 15:47:28,031 - INFO - INFO - Rerank模型加载中
2025-03-10 15:47:30,034 - INFO - INFO - Rerank模型加载完成, 模型路径: /Users/yinbenxin/git/model/gte-multilingual-reranker-base
2025-03-10 15:47:30,039 - INFO - INFO - 信息抽取模型加载中, 模型路径: /Users/yinbenxin/git/model/uie-medium
2025-03-10 15:47:30,832 - INFO - INFO - 信息抽取模型加载完成, 模型路径: /Users/yinbenxin/git/model/uie-medium
2025-03-10 15:47:30,832 - INFO - INFO - MaskService initialized, embedding model: None
2025-03-10 15:47:30,832 - INFO - INFO - 加载模型：EMBEDDING_SMELL_ZH: /Users/yinbenxin/git/model/bge-small-zh
2025-03-10 15:47:31,120 - INFO - INFO - 加载模型完成
2025-03-10 15:47:35,448 - INFO - INFO - Embedding模型加载中, 模型路径: /Users/yinbenxin/git/model/Conan-embedding-v1"
2025-03-10 15:47:42,094 - INFO - INFO - Embedding模型加载中, 模型路径: /Users/yinbenxin/git/model/Conan-embedding-v1"
2025-03-10 15:47:45,378 - INFO - INFO - Embedding模型加载完成, 模型路径: /Users/yinbenxin/git/model/Conan-embedding-v1"
2025-03-10 15:47:45,378 - INFO - INFO - 信息抽取模型加载中, 模型路径: /Users/yinbenxin/git/model/uie-medium
2025-03-10 15:47:46,647 - INFO - INFO - 信息抽取模型加载完成, 模型路径: /Users/yinbenxin/git/model/uie-medium
2025-03-10 15:47:46,647 - INFO - INFO - MaskService initialized, embedding model: None
2025-03-10 15:47:46,671 - INFO - INFO - 加载模型：EMBEDDING_SMELL_ZH: /Users/yinbenxin/git/model/bge-small-zh
2025-03-10 15:47:46,763 - INFO - INFO - 加载模型完成
2025-03-10 15:47:46,879 - INFO - INFO - Rerank模型加载中
2025-03-10 15:47:48,907 - INFO - INFO - Rerank模型加载完成, 模型路径: /Users/yinbenxin/git/model/gte-multilingual-reranker-base
2025-03-10 15:47:48,918 - INFO - INFO - 信息抽取模型加载中, 模型路径: /Users/yinbenxin/git/model/uie-medium
2025-03-10 15:47:49,716 - INFO - INFO - 信息抽取模型加载完成, 模型路径: /Users/yinbenxin/git/model/uie-medium
2025-03-10 15:47:49,716 - INFO - INFO - MaskService initialized, embedding model: None
2025-03-10 15:47:49,717 - INFO - INFO - 加载模型：EMBEDDING_SMELL_ZH: /Users/yinbenxin/git/model/bge-small-zh
2025-03-10 15:47:49,890 - INFO - INFO - 加载模型完成
2025-03-10 15:47:58,801 - INFO - INFO - Embedding模型加载中, 模型路径: /Users/yinbenxin/git/model/Conan-embedding-v1"
2025-03-10 15:48:02,375 - INFO - INFO - Embedding模型加载完成, 模型路径: /Users/yinbenxin/git/model/Conan-embedding-v1"
2025-03-10 15:48:02,375 - INFO - INFO - 信息抽取模型加载中, 模型路径: /Users/yinbenxin/git/model/uie-medium
2025-03-10 15:48:03,608 - INFO - INFO - 信息抽取模型加载完成, 模型路径: /Users/yinbenxin/git/model/uie-medium
2025-03-10 15:48:03,608 - INFO - INFO - MaskService initialized, embedding model: None
2025-03-10 15:48:03,628 - INFO - INFO - 加载模型：EMBEDDING_SMELL_ZH: /Users/yinbenxin/git/model/bge-small-zh
2025-03-10 15:48:03,718 - INFO - INFO - 加载模型完成
2025-03-10 15:48:03,844 - INFO - INFO - Rerank模型加载中
2025-03-10 15:48:05,578 - INFO - INFO - Rerank模型加载完成, 模型路径: /Users/yinbenxin/git/model/gte-multilingual-reranker-base
2025-03-10 15:48:05,582 - INFO - INFO - 信息抽取模型加载中, 模型路径: /Users/yinbenxin/git/model/uie-medium
2025-03-10 15:48:06,372 - INFO - INFO - 信息抽取模型加载完成, 模型路径: /Users/yinbenxin/git/model/uie-medium
2025-03-10 15:48:06,372 - INFO - INFO - MaskService initialized, embedding model: None
2025-03-10 15:48:06,373 - INFO - INFO - 加载模型：EMBEDDING_SMELL_ZH: /Users/yinbenxin/git/model/bge-small-zh
2025-03-10 15:48:06,729 - INFO - INFO - 加载模型完成
2025-03-10 15:48:29,361 - INFO - INFO - Embedding模型加载中, 模型路径: /Users/yinbenxin/git/model/Conan-embedding-v1"
2025-03-10 15:48:32,209 - INFO - INFO - Embedding模型加载完成, 模型路径: /Users/yinbenxin/git/model/Conan-embedding-v1"
2025-03-10 15:48:32,209 - INFO - INFO - 信息抽取模型加载中, 模型路径: /Users/yinbenxin/git/model/uie-medium
2025-03-10 15:48:33,319 - INFO - INFO - 信息抽取模型加载完成, 模型路径: /Users/yinbenxin/git/model/uie-medium
2025-03-10 15:48:33,319 - INFO - INFO - MaskService initialized, embedding model: None
2025-03-10 15:48:33,338 - INFO - INFO - 加载模型：EMBEDDING_SMELL_ZH: /Users/yinbenxin/git/model/bge-small-zh
2025-03-10 15:48:33,404 - INFO - INFO - 加载模型完成
2025-03-10 15:48:33,516 - INFO - INFO - Rerank模型加载中
2025-03-10 15:48:35,379 - INFO - INFO - Rerank模型加载完成, 模型路径: /Users/yinbenxin/git/model/gte-multilingual-reranker-base
2025-03-10 15:48:35,385 - INFO - INFO - 信息抽取模型加载中, 模型路径: /Users/yinbenxin/git/model/uie-medium
2025-03-10 15:48:36,195 - INFO - INFO - 信息抽取模型加载完成, 模型路径: /Users/yinbenxin/git/model/uie-medium
2025-03-10 15:48:36,195 - INFO - INFO - MaskService initialized, embedding model: None
2025-03-10 15:48:36,196 - INFO - INFO - 加载模型：EMBEDDING_SMELL_ZH: /Users/yinbenxin/git/model/bge-small-zh
2025-03-10 15:48:36,415 - INFO - INFO - 加载模型完成
2025-03-10 15:48:40,627 - INFO - INFO - Embedding模型加载中, 模型路径: /Users/yinbenxin/git/model/Conan-embedding-v1"
2025-03-10 15:48:43,296 - INFO - INFO - Embedding模型加载完成, 模型路径: /Users/yinbenxin/git/model/Conan-embedding-v1"
2025-03-10 15:48:43,296 - INFO - INFO - 信息抽取模型加载中, 模型路径: /Users/yinbenxin/git/model/uie-medium
2025-03-10 15:48:44,450 - INFO - INFO - 信息抽取模型加载完成, 模型路径: /Users/yinbenxin/git/model/uie-medium
2025-03-10 15:48:44,450 - INFO - INFO - MaskService initialized, embedding model: None
2025-03-10 15:48:44,469 - INFO - INFO - 加载模型：EMBEDDING_SMELL_ZH: /Users/yinbenxin/git/model/bge-small-zh
2025-03-10 15:48:44,522 - INFO - INFO - 加载模型完成
2025-03-10 15:48:44,660 - INFO - INFO - Rerank模型加载中
2025-03-10 15:48:46,592 - INFO - INFO - Rerank模型加载完成, 模型路径: /Users/yinbenxin/git/model/gte-multilingual-reranker-base
2025-03-10 15:48:46,597 - INFO - INFO - 信息抽取模型加载中, 模型路径: /Users/yinbenxin/git/model/uie-medium
2025-03-10 15:48:47,399 - INFO - INFO - 信息抽取模型加载完成, 模型路径: /Users/yinbenxin/git/model/uie-medium
2025-03-10 15:48:47,399 - INFO - INFO - MaskService initialized, embedding model: None
2025-03-10 15:48:47,400 - INFO - INFO - 加载模型：EMBEDDING_SMELL_ZH: /Users/yinbenxin/git/model/bge-small-zh
2025-03-10 15:48:47,611 - INFO - INFO - 加载模型完成
2025-03-10 15:49:03,422 - INFO - INFO - Received request: {'text': '2024年2月17日，李明在北京参加了第十届世界人工智能峰会。该活动由国际人工智能协会主办，并在国家会议中心举行。', 'mask_type': 'similar', 'mask_model': 'paddle', 'mask_field': ['日期', '姓名', '职业', '地区', '外国人名'], 'force_convert': [['北京', '上海'], ['人工智能', 'AI']], 'handle': 'http://localhost:62558/callback'}, task_id: 33aef1b5-37e1-4bd9-b278-aca68936801c, text: 2024年2月17日，李明在北京参加了第..., mask_type: similar, mask_model: paddle, mask_field: ['日期', '姓名', '职业', '地区', '外国人名'], force_convert: [['北京', '上海'], ['人工智能', 'AI']]
2025-03-10 15:49:03,423 - INFO - INFO - 添加任务到队列: 33aef1b5-37e1-4bd9-b278-aca68936801c, 类型: mask
2025-03-10 15:49:03,648 - INFO - INFO - 从队列获取任务: 33aef1b5-37e1-4bd9-b278-aca68936801c, 任务类型: mask
2025-03-10 15:49:03,649 - INFO - INFO - 开始处理Mask任务 33aef1b5-37e1-4bd9-b278-aca68936801c, 文本长度: 57字符, 脱敏类型: similar, 模型: paddle, handle: http://localhost:62558/callback
2025-03-10 15:49:03,649 - INFO - INFO - 指定脱敏字段: ['日期', '姓名', '职业', '地区', '外国人名']
2025-03-10 15:49:03,649 - INFO - INFO - 强制转换映射: [['北京', '上海'], ['人工智能', 'AI']]
2025-03-10 15:49:05,761 - INFO - INFO - 相似度最高的类型: 日期-->日期, 相似度:1.0000001192092896
2025-03-10 15:49:05,777 - INFO - INFO - 相似度最高的类型: 地区-->省份, 相似度:0.9061164855957031
2025-03-10 15:49:05,826 - INFO - INFO - 相似度最高的类型: 外国人名-->姓名, 相似度:0.8769354224205017
2025-03-10 15:49:05,842 - INFO - INFO - 相似度最高的类型: 姓名-->姓名, 相似度:1.0000001192092896
2025-03-10 15:49:05,842 - INFO - INFO - Mask任务 33aef1b5-37e1-4bd9-b278-aca68936801c 处理完成
2025-03-10 15:49:05,846 - INFO - INFO - 完成任务处理: 33aef1b5-37e1-4bd9-b278-aca68936801c
2025-03-10 15:49:06,439 - INFO - INFO - Received request: {'text': '2024年2月17日，李明在北京参加了第十届世界人工智能峰会。该活动由国际人工智能协会主办，并在国家会议中心举行。', 'mask_type': 'similar', 'mask_model': 'paddle', 'mask_field': ['日期', '姓名', '职业', '地区', '外国人名'], 'handle': 'http://invalid-url:12345/callback'}, task_id: ad4fdb29-29f8-4573-8830-92a82d43c21b, text: 2024年2月17日，李明在北京参加了第..., mask_type: similar, mask_model: paddle, mask_field: ['日期', '姓名', '职业', '地区', '外国人名'], force_convert: None
2025-03-10 15:49:06,439 - INFO - INFO - 添加任务到队列: ad4fdb29-29f8-4573-8830-92a82d43c21b, 类型: mask
2025-03-10 15:49:06,847 - INFO - INFO - 从队列获取任务: ad4fdb29-29f8-4573-8830-92a82d43c21b, 任务类型: mask
2025-03-10 15:49:06,847 - INFO - INFO - 开始处理Mask任务 ad4fdb29-29f8-4573-8830-92a82d43c21b, 文本长度: 57字符, 脱敏类型: similar, 模型: paddle, handle: http://invalid-url:12345/callback
2025-03-10 15:49:06,847 - INFO - INFO - 指定脱敏字段: ['日期', '姓名', '职业', '地区', '外国人名']
2025-03-10 15:49:08,923 - INFO - INFO - 相似度最高的类型: 日期-->日期, 相似度:1.0000001192092896
2025-03-10 15:49:08,951 - INFO - INFO - 相似度最高的类型: 地区-->省份, 相似度:0.9061164855957031
2025-03-10 15:49:08,969 - INFO - INFO - 相似度最高的类型: 外国人名-->姓名, 相似度:0.8769354224205017
2025-03-10 15:49:08,985 - INFO - INFO - 相似度最高的类型: 姓名-->姓名, 相似度:1.0000001192092896
2025-03-10 15:49:08,985 - INFO - INFO - Mask任务 ad4fdb29-29f8-4573-8830-92a82d43c21b 处理完成
2025-03-10 15:49:08,990 - INFO - ERROR - 返回结果到接口 http://invalid-url:12345/callback 时发生错误: Cannot connect to host invalid-url:12345 ssl:default [nodename nor servname provided, or not known]
2025-03-10 15:49:08,990 - INFO - INFO - 完成任务处理: ad4fdb29-29f8-4573-8830-92a82d43c21b
2025-03-10 15:49:11,452 - INFO - INFO - Received request: {'text': '2024年2月17日，李明在北京参加了第十届世界人工智能峰会。该活动由国际人工智能协会主办，并在国家会议中心举行。', 'mask_type': 'similar', 'mask_model': 'paddle', 'mask_field': ['日期', '姓名', '职业', '地区', '外国人名'], 'handle': 'http://localhost:62558/callback'}, task_id: da346f5b-ea3f-4ede-b5d8-967336f77cec, text: 2024年2月17日，李明在北京参加了第..., mask_type: similar, mask_model: paddle, mask_field: ['日期', '姓名', '职业', '地区', '外国人名'], force_convert: None
2025-03-10 15:49:11,453 - INFO - INFO - 添加任务到队列: da346f5b-ea3f-4ede-b5d8-967336f77cec, 类型: mask
2025-03-10 15:49:11,993 - INFO - INFO - 从队列获取任务: da346f5b-ea3f-4ede-b5d8-967336f77cec, 任务类型: mask
2025-03-10 15:49:11,993 - INFO - INFO - 开始处理Mask任务 da346f5b-ea3f-4ede-b5d8-967336f77cec, 文本长度: 57字符, 脱敏类型: similar, 模型: paddle, handle: http://localhost:62558/callback
2025-03-10 15:49:11,993 - INFO - INFO - 指定脱敏字段: ['日期', '姓名', '职业', '地区', '外国人名']
2025-03-10 15:49:14,060 - INFO - INFO - 相似度最高的类型: 日期-->日期, 相似度:1.0000001192092896
2025-03-10 15:49:14,079 - INFO - INFO - 相似度最高的类型: 地区-->省份, 相似度:0.9061164855957031
2025-03-10 15:49:14,095 - INFO - INFO - 相似度最高的类型: 外国人名-->姓名, 相似度:0.8769354224205017
2025-03-10 15:49:14,113 - INFO - INFO - 相似度最高的类型: 姓名-->姓名, 相似度:1.0000001192092896
2025-03-10 15:49:14,113 - INFO - INFO - Mask任务 da346f5b-ea3f-4ede-b5d8-967336f77cec 处理完成
2025-03-10 15:49:14,114 - INFO - INFO - 完成任务处理: da346f5b-ea3f-4ede-b5d8-967336f77cec
2025-03-10 15:57:09,399 - INFO - INFO - Embedding模型加载中, 模型路径: /Users/yinbenxin/git/model/Conan-embedding-v1"
2025-03-10 15:57:12,145 - INFO - INFO - Embedding模型加载完成, 模型路径: /Users/yinbenxin/git/model/Conan-embedding-v1"
2025-03-10 15:57:12,145 - INFO - INFO - 信息抽取模型加载中, 模型路径: /Users/yinbenxin/git/model/uie-medium
2025-03-10 15:57:13,231 - INFO - INFO - 信息抽取模型加载完成, 模型路径: /Users/yinbenxin/git/model/uie-medium
2025-03-10 15:57:13,231 - INFO - INFO - MaskService initialized, embedding model: None
2025-03-10 15:57:13,250 - INFO - INFO - 加载模型：EMBEDDING_SMELL_ZH: /Users/yinbenxin/git/model/bge-small-zh
2025-03-10 15:57:13,357 - INFO - INFO - 加载模型完成
2025-03-10 15:57:13,479 - INFO - INFO - Rerank模型加载中
2025-03-10 15:57:15,310 - INFO - INFO - Rerank模型加载完成, 模型路径: /Users/yinbenxin/git/model/gte-multilingual-reranker-base
2025-03-10 15:57:15,315 - INFO - INFO - 信息抽取模型加载中, 模型路径: /Users/yinbenxin/git/model/uie-medium
2025-03-10 15:57:16,111 - INFO - INFO - 信息抽取模型加载完成, 模型路径: /Users/yinbenxin/git/model/uie-medium
2025-03-10 15:57:16,111 - INFO - INFO - MaskService initialized, embedding model: None
2025-03-10 15:57:16,111 - INFO - INFO - 加载模型：EMBEDDING_SMELL_ZH: /Users/yinbenxin/git/model/bge-small-zh
2025-03-10 15:57:16,318 - INFO - INFO - 加载模型完成
2025-03-10 16:01:42,580 - INFO - INFO - Embedding模型加载中, 模型路径: /Users/yinbenxin/git/model/Conan-embedding-v1"
2025-03-10 16:01:45,990 - INFO - INFO - Embedding模型加载完成, 模型路径: /Users/yinbenxin/git/model/Conan-embedding-v1"
2025-03-10 16:01:45,990 - INFO - INFO - 信息抽取模型加载中, 模型路径: /Users/yinbenxin/git/model/uie-medium
2025-03-10 16:01:47,277 - INFO - INFO - 信息抽取模型加载完成, 模型路径: /Users/yinbenxin/git/model/uie-medium
2025-03-10 16:01:47,277 - INFO - INFO - MaskService initialized, embedding model: None
2025-03-10 16:01:47,300 - INFO - INFO - 加载模型：EMBEDDING_SMELL_ZH: /Users/yinbenxin/git/model/bge-small-zh
2025-03-10 16:01:47,435 - INFO - INFO - 加载模型完成
2025-03-10 16:01:47,609 - INFO - INFO - Rerank模型加载中
2025-03-10 16:01:49,635 - INFO - INFO - Rerank模型加载完成, 模型路径: /Users/yinbenxin/git/model/gte-multilingual-reranker-base
2025-03-10 16:01:49,640 - INFO - INFO - 信息抽取模型加载中, 模型路径: /Users/yinbenxin/git/model/uie-medium
2025-03-10 16:01:50,450 - INFO - INFO - 信息抽取模型加载完成, 模型路径: /Users/yinbenxin/git/model/uie-medium
2025-03-10 16:01:50,450 - INFO - INFO - MaskService initialized, embedding model: None
2025-03-10 16:01:50,451 - INFO - INFO - 加载模型：EMBEDDING_SMELL_ZH: /Users/yinbenxin/git/model/bge-small-zh
2025-03-10 16:01:50,784 - INFO - INFO - 加载模型完成
2025-03-10 16:02:38,817 - INFO - INFO - Embedding模型加载中, 模型路径: /Users/yinbenxin/git/model/Conan-embedding-v1"
2025-03-10 16:02:43,794 - INFO - INFO - Embedding模型加载中, 模型路径: /Users/yinbenxin/git/model/Conan-embedding-v1"
2025-03-10 16:02:46,395 - INFO - INFO - Embedding模型加载完成, 模型路径: /Users/yinbenxin/git/model/Conan-embedding-v1"
2025-03-10 16:02:46,395 - INFO - INFO - 信息抽取模型加载中, 模型路径: /Users/yinbenxin/git/model/uie-medium
2025-03-10 16:02:47,523 - INFO - INFO - 信息抽取模型加载完成, 模型路径: /Users/yinbenxin/git/model/uie-medium
2025-03-10 16:02:47,523 - INFO - INFO - MaskService initialized, embedding model: None
2025-03-10 16:02:47,543 - INFO - INFO - 加载模型：EMBEDDING_SMELL_ZH: /Users/yinbenxin/git/model/bge-small-zh
2025-03-10 16:02:47,648 - INFO - INFO - 加载模型完成
2025-03-10 16:02:47,781 - INFO - INFO - Rerank模型加载中
2025-03-10 16:02:49,668 - INFO - INFO - Rerank模型加载完成, 模型路径: /Users/yinbenxin/git/model/gte-multilingual-reranker-base
2025-03-10 16:02:49,677 - INFO - INFO - 信息抽取模型加载中, 模型路径: /Users/yinbenxin/git/model/uie-medium
2025-03-10 16:02:50,519 - INFO - INFO - 信息抽取模型加载完成, 模型路径: /Users/yinbenxin/git/model/uie-medium
2025-03-10 16:02:50,519 - INFO - INFO - MaskService initialized, embedding model: None
2025-03-10 16:02:50,520 - INFO - INFO - 加载模型：EMBEDDING_SMELL_ZH: /Users/yinbenxin/git/model/bge-small-zh
2025-03-10 16:02:50,866 - INFO - INFO - 加载模型完成
2025-03-10 16:02:55,116 - INFO - INFO - Embedding模型加载中, 模型路径: /Users/yinbenxin/git/model/Conan-embedding-v1"
2025-03-10 16:02:57,452 - INFO - INFO - Embedding模型加载完成, 模型路径: /Users/yinbenxin/git/model/Conan-embedding-v1"
2025-03-10 16:02:57,453 - INFO - INFO - 信息抽取模型加载中, 模型路径: /Users/yinbenxin/git/model/uie-medium
2025-03-10 16:02:58,439 - INFO - INFO - 信息抽取模型加载完成, 模型路径: /Users/yinbenxin/git/model/uie-medium
2025-03-10 16:02:58,439 - INFO - INFO - MaskService initialized, embedding model: None
2025-03-10 16:02:58,459 - INFO - INFO - 加载模型：EMBEDDING_SMELL_ZH: /Users/yinbenxin/git/model/bge-small-zh
2025-03-10 16:02:58,537 - INFO - INFO - 加载模型完成
2025-03-10 16:02:58,658 - INFO - INFO - Rerank模型加载中
2025-03-10 16:03:00,426 - INFO - INFO - Rerank模型加载完成, 模型路径: /Users/yinbenxin/git/model/gte-multilingual-reranker-base
2025-03-10 16:03:00,438 - INFO - INFO - 信息抽取模型加载中, 模型路径: /Users/yinbenxin/git/model/uie-medium
2025-03-10 16:03:01,259 - INFO - INFO - 信息抽取模型加载完成, 模型路径: /Users/yinbenxin/git/model/uie-medium
2025-03-10 16:03:01,259 - INFO - INFO - MaskService initialized, embedding model: None
2025-03-10 16:03:01,260 - INFO - INFO - 加载模型：EMBEDDING_SMELL_ZH: /Users/yinbenxin/git/model/bge-small-zh
2025-03-10 16:03:01,425 - INFO - INFO - 加载模型完成
2025-03-10 16:03:17,626 - INFO - INFO - Embedding模型加载中, 模型路径: /Users/yinbenxin/git/model/Conan-embedding-v1"
2025-03-10 16:03:20,131 - INFO - INFO - Embedding模型加载完成, 模型路径: /Users/yinbenxin/git/model/Conan-embedding-v1"
2025-03-10 16:03:20,132 - INFO - INFO - 信息抽取模型加载中, 模型路径: /Users/yinbenxin/git/model/uie-medium
2025-03-10 16:03:21,153 - INFO - INFO - 信息抽取模型加载完成, 模型路径: /Users/yinbenxin/git/model/uie-medium
2025-03-10 16:03:21,153 - INFO - INFO - MaskService initialized, embedding model: None
2025-03-10 16:03:21,172 - INFO - INFO - 加载模型：EMBEDDING_SMELL_ZH: /Users/yinbenxin/git/model/bge-small-zh
2025-03-10 16:03:21,224 - INFO - INFO - 加载模型完成
2025-03-10 16:03:21,338 - INFO - INFO - Rerank模型加载中
2025-03-10 16:03:22,618 - INFO - INFO - Rerank模型加载完成, 模型路径: /Users/yinbenxin/git/model/gte-multilingual-reranker-base
2025-03-10 16:03:22,626 - INFO - INFO - 信息抽取模型加载中, 模型路径: /Users/yinbenxin/git/model/uie-medium
2025-03-10 16:03:23,518 - INFO - INFO - 信息抽取模型加载完成, 模型路径: /Users/yinbenxin/git/model/uie-medium
2025-03-10 16:03:23,518 - INFO - INFO - MaskService initialized, embedding model: None
2025-03-10 16:03:23,519 - INFO - INFO - 加载模型：EMBEDDING_SMELL_ZH: /Users/yinbenxin/git/model/bge-small-zh
2025-03-10 16:03:23,726 - INFO - INFO - 加载模型完成
2025-03-10 16:03:27,964 - INFO - INFO - Embedding模型加载中, 模型路径: /Users/yinbenxin/git/model/Conan-embedding-v1"
2025-03-10 16:03:30,059 - INFO - INFO - Embedding模型加载完成, 模型路径: /Users/yinbenxin/git/model/Conan-embedding-v1"
2025-03-10 16:03:30,060 - INFO - INFO - 信息抽取模型加载中, 模型路径: /Users/yinbenxin/git/model/uie-medium
2025-03-10 16:03:31,074 - INFO - INFO - 信息抽取模型加载完成, 模型路径: /Users/yinbenxin/git/model/uie-medium
2025-03-10 16:03:31,074 - INFO - INFO - MaskService initialized, embedding model: None
2025-03-10 16:03:31,090 - INFO - INFO - 加载模型：EMBEDDING_SMELL_ZH: /Users/yinbenxin/git/model/bge-small-zh
2025-03-10 16:03:31,162 - INFO - INFO - 加载模型完成
2025-03-10 16:03:31,287 - INFO - INFO - Rerank模型加载中
2025-03-10 16:03:32,867 - INFO - INFO - Rerank模型加载完成, 模型路径: /Users/yinbenxin/git/model/gte-multilingual-reranker-base
2025-03-10 16:03:32,873 - INFO - INFO - 信息抽取模型加载中, 模型路径: /Users/yinbenxin/git/model/uie-medium
2025-03-10 16:03:33,689 - INFO - INFO - 信息抽取模型加载完成, 模型路径: /Users/yinbenxin/git/model/uie-medium
2025-03-10 16:03:33,689 - INFO - INFO - MaskService initialized, embedding model: None
2025-03-10 16:03:33,690 - INFO - INFO - 加载模型：EMBEDDING_SMELL_ZH: /Users/yinbenxin/git/model/bge-small-zh
2025-03-10 16:03:33,879 - INFO - INFO - 加载模型完成
2025-03-10 16:03:37,889 - INFO - INFO - Embedding模型加载中, 模型路径: /Users/yinbenxin/git/model/Conan-embedding-v1"
2025-03-10 16:03:40,487 - INFO - INFO - Embedding模型加载完成, 模型路径: /Users/yinbenxin/git/model/Conan-embedding-v1"
2025-03-10 16:03:40,487 - INFO - INFO - 信息抽取模型加载中, 模型路径: /Users/yinbenxin/git/model/uie-medium
2025-03-10 16:03:41,623 - INFO - INFO - 信息抽取模型加载完成, 模型路径: /Users/yinbenxin/git/model/uie-medium
2025-03-10 16:03:41,624 - INFO - INFO - MaskService initialized, embedding model: None
2025-03-10 16:03:41,644 - INFO - INFO - 加载模型：EMBEDDING_SMELL_ZH: /Users/yinbenxin/git/model/bge-small-zh
2025-03-10 16:03:41,700 - INFO - INFO - 加载模型完成
2025-03-10 16:03:41,816 - INFO - INFO - Rerank模型加载中
2025-03-10 16:03:43,131 - INFO - INFO - Rerank模型加载完成, 模型路径: /Users/yinbenxin/git/model/gte-multilingual-reranker-base
2025-03-10 16:03:43,136 - INFO - INFO - 信息抽取模型加载中, 模型路径: /Users/yinbenxin/git/model/uie-medium
2025-03-10 16:03:43,936 - INFO - INFO - 信息抽取模型加载完成, 模型路径: /Users/yinbenxin/git/model/uie-medium
2025-03-10 16:03:43,936 - INFO - INFO - MaskService initialized, embedding model: None
2025-03-10 16:03:43,938 - INFO - INFO - 加载模型：EMBEDDING_SMELL_ZH: /Users/yinbenxin/git/model/bge-small-zh
2025-03-10 16:03:44,109 - INFO - INFO - 加载模型完成
2025-03-10 16:03:55,562 - INFO - INFO - Received request: {'text': '2024年2月17日，李明在北京参加了第十届世界人工智能峰会。该活动由国际人工智能协会主办，并在国家会议中心举行。', 'mask_type': 'similar', 'mask_model': 'paddle', 'mask_field': ['日期', '姓名', '职业', '地区', '外国人名'], 'force_convert': [['北京', '上海'], ['人工智能', 'AI']], 'handle': 'http://localhost:8888/callback'}, task_id: 6444eb69-d3ad-480e-9778-8dd4cccd7ecd, text: 2024年2月17日，李明在北京参加了第..., mask_type: similar, mask_model: paddle, mask_field: ['日期', '姓名', '职业', '地区', '外国人名'], force_convert: [['北京', '上海'], ['人工智能', 'AI']]
2025-03-10 16:03:55,562 - INFO - INFO - 添加任务到队列: 6444eb69-d3ad-480e-9778-8dd4cccd7ecd, 类型: mask
2025-03-10 16:03:56,140 - INFO - INFO - 从队列获取任务: 6444eb69-d3ad-480e-9778-8dd4cccd7ecd, 任务类型: mask
2025-03-10 16:03:56,140 - INFO - INFO - 开始处理Mask任务 6444eb69-d3ad-480e-9778-8dd4cccd7ecd, 文本长度: 57字符, 脱敏类型: similar, 模型: paddle, handle: http://localhost:8888/callback
2025-03-10 16:03:56,141 - INFO - INFO - 指定脱敏字段: ['日期', '姓名', '职业', '地区', '外国人名']
2025-03-10 16:03:56,141 - INFO - INFO - 强制转换映射: [['北京', '上海'], ['人工智能', 'AI']]
2025-03-10 16:03:58,234 - INFO - INFO - 相似度最高的类型: 地区-->省份, 相似度:0.9061164855957031
2025-03-10 16:03:58,252 - INFO - INFO - 相似度最高的类型: 日期-->日期, 相似度:1.0000001192092896
2025-03-10 16:03:58,300 - INFO - INFO - 相似度最高的类型: 外国人名-->姓名, 相似度:0.8769354224205017
2025-03-10 16:03:58,316 - INFO - INFO - 相似度最高的类型: 姓名-->姓名, 相似度:1.0000001192092896
2025-03-10 16:03:58,317 - INFO - INFO - Mask任务 6444eb69-d3ad-480e-9778-8dd4cccd7ecd 处理完成
2025-03-10 16:03:58,318 - INFO - ERROR - 返回结果到接口 http://localhost:8888/callback 时发生错误: Cannot connect to host localhost:8888 ssl:default [Multiple exceptions: [Errno 61] Connect call failed ('127.0.0.1', 8888), [Errno 61] Connect call failed ('::1', 8888, 0, 0)]
2025-03-10 16:03:58,318 - INFO - INFO - 完成任务处理: 6444eb69-d3ad-480e-9778-8dd4cccd7ecd
2025-03-10 16:04:25,697 - INFO - INFO - Received request: {'text': '2024年2月17日，李明在北京参加了第十届世界人工智能峰会。该活动由国际人工智能协会主办，并在国家会议中心举行。', 'mask_type': 'similar', 'mask_model': 'paddle', 'mask_field': ['日期', '姓名', '职业', '地区', '外国人名'], 'handle': 'http://invalid-url:12345/callback'}, task_id: 339d8576-dfbe-4c6f-9a0e-7fa6eb721d10, text: 2024年2月17日，李明在北京参加了第..., mask_type: similar, mask_model: paddle, mask_field: ['日期', '姓名', '职业', '地区', '外国人名'], force_convert: None
2025-03-10 16:04:25,699 - INFO - INFO - 添加任务到队列: 339d8576-dfbe-4c6f-9a0e-7fa6eb721d10, 类型: mask
2025-03-10 16:04:26,345 - INFO - INFO - 从队列获取任务: 339d8576-dfbe-4c6f-9a0e-7fa6eb721d10, 任务类型: mask
2025-03-10 16:04:26,346 - INFO - INFO - 开始处理Mask任务 339d8576-dfbe-4c6f-9a0e-7fa6eb721d10, 文本长度: 57字符, 脱敏类型: similar, 模型: paddle, handle: http://invalid-url:12345/callback
2025-03-10 16:04:26,346 - INFO - INFO - 指定脱敏字段: ['日期', '姓名', '职业', '地区', '外国人名']
2025-03-10 16:04:28,344 - INFO - INFO - 相似度最高的类型: 地区-->省份, 相似度:0.9061164855957031
2025-03-10 16:04:28,362 - INFO - INFO - 相似度最高的类型: 日期-->日期, 相似度:1.0000001192092896
2025-03-10 16:04:28,381 - INFO - INFO - 相似度最高的类型: 外国人名-->姓名, 相似度:0.8769354224205017
2025-03-10 16:04:28,397 - INFO - INFO - 相似度最高的类型: 姓名-->姓名, 相似度:1.0000001192092896
2025-03-10 16:04:28,397 - INFO - INFO - Mask任务 339d8576-dfbe-4c6f-9a0e-7fa6eb721d10 处理完成
2025-03-10 16:04:28,401 - INFO - ERROR - 返回结果到接口 http://invalid-url:12345/callback 时发生错误: Cannot connect to host invalid-url:12345 ssl:default [nodename nor servname provided, or not known]
2025-03-10 16:04:28,402 - INFO - INFO - 完成任务处理: 339d8576-dfbe-4c6f-9a0e-7fa6eb721d10
2025-03-10 16:04:30,714 - INFO - INFO - Received request: {'text': '2024年2月17日，李明在北京参加了第十届世界人工智能峰会。该活动由国际人工智能协会主办，并在国家会议中心举行。', 'mask_type': 'similar', 'mask_model': 'paddle', 'mask_field': ['日期', '姓名', '职业', '地区', '外国人名'], 'handle': 'http://localhost:8888/callback'}, task_id: 093f68f6-fa33-4843-be02-0f09da847f19, text: 2024年2月17日，李明在北京参加了第..., mask_type: similar, mask_model: paddle, mask_field: ['日期', '姓名', '职业', '地区', '外国人名'], force_convert: None
2025-03-10 16:04:30,715 - INFO - INFO - 添加任务到队列: 093f68f6-fa33-4843-be02-0f09da847f19, 类型: mask
2025-03-10 16:04:31,405 - INFO - INFO - 从队列获取任务: 093f68f6-fa33-4843-be02-0f09da847f19, 任务类型: mask
2025-03-10 16:04:31,405 - INFO - INFO - 开始处理Mask任务 093f68f6-fa33-4843-be02-0f09da847f19, 文本长度: 57字符, 脱敏类型: similar, 模型: paddle, handle: http://localhost:8888/callback
2025-03-10 16:04:31,405 - INFO - INFO - 指定脱敏字段: ['日期', '姓名', '职业', '地区', '外国人名']
2025-03-10 16:04:33,435 - INFO - INFO - 相似度最高的类型: 地区-->省份, 相似度:0.9061164855957031
2025-03-10 16:04:33,453 - INFO - INFO - 相似度最高的类型: 日期-->日期, 相似度:1.0000001192092896
2025-03-10 16:04:33,469 - INFO - INFO - 相似度最高的类型: 外国人名-->姓名, 相似度:0.8769354224205017
2025-03-10 16:04:33,486 - INFO - INFO - 相似度最高的类型: 姓名-->姓名, 相似度:1.0000001192092896
2025-03-10 16:04:33,486 - INFO - INFO - Mask任务 093f68f6-fa33-4843-be02-0f09da847f19 处理完成
2025-03-10 16:04:33,487 - INFO - ERROR - 返回结果到接口 http://localhost:8888/callback 时发生错误: Cannot connect to host localhost:8888 ssl:default [Multiple exceptions: [Errno 61] Connect call failed ('127.0.0.1', 8888), [Errno 61] Connect call failed ('::1', 8888, 0, 0)]
2025-03-10 16:04:33,487 - INFO - INFO - 完成任务处理: 093f68f6-fa33-4843-be02-0f09da847f19
2025-03-10 16:06:12,728 - INFO - INFO - Embedding模型加载中, 模型路径: /Users/yinbenxin/git/model/Conan-embedding-v1"
2025-03-10 16:06:15,327 - INFO - INFO - Embedding模型加载完成, 模型路径: /Users/yinbenxin/git/model/Conan-embedding-v1"
2025-03-10 16:06:15,327 - INFO - INFO - 信息抽取模型加载中, 模型路径: /Users/yinbenxin/git/model/uie-medium
2025-03-10 16:06:16,595 - INFO - INFO - 信息抽取模型加载完成, 模型路径: /Users/yinbenxin/git/model/uie-medium
2025-03-10 16:06:16,595 - INFO - INFO - MaskService initialized, embedding model: None
2025-03-10 16:06:16,614 - INFO - INFO - 加载模型：EMBEDDING_SMELL_ZH: /Users/yinbenxin/git/model/bge-small-zh
2025-03-10 16:06:16,694 - INFO - INFO - 加载模型完成
2025-03-10 16:06:16,811 - INFO - INFO - Rerank模型加载中
2025-03-10 16:06:18,654 - INFO - INFO - Rerank模型加载完成, 模型路径: /Users/yinbenxin/git/model/gte-multilingual-reranker-base
2025-03-10 16:06:18,667 - INFO - INFO - 信息抽取模型加载中, 模型路径: /Users/yinbenxin/git/model/uie-medium
2025-03-10 16:06:19,532 - INFO - INFO - 信息抽取模型加载完成, 模型路径: /Users/yinbenxin/git/model/uie-medium
2025-03-10 16:06:19,532 - INFO - INFO - MaskService initialized, embedding model: None
2025-03-10 16:06:19,534 - INFO - INFO - 加载模型：EMBEDDING_SMELL_ZH: /Users/yinbenxin/git/model/bge-small-zh
2025-03-10 16:06:19,777 - INFO - INFO - 加载模型完成
2025-03-10 16:06:19,806 - INFO - INFO - Received request: {'text': '2024年2月17日，李明在北京参加了第十届世界人工智能峰会。该活动由国际人工智能协会主办，并在国家会议中心举行。', 'mask_type': 'similar', 'mask_model': 'paddle', 'mask_field': ['日期', '姓名', '职业', '地区', '外国人名'], 'force_convert': [['北京', '上海'], ['人工智能', 'AI']], 'handle': 'http://localhost:64623/callback'}, task_id: b4f599c1-9276-4180-9310-01e25c162022, text: 2024年2月17日，李明在北京参加了第..., mask_type: similar, mask_model: paddle, mask_field: ['日期', '姓名', '职业', '地区', '外国人名'], force_convert: [['北京', '上海'], ['人工智能', 'AI']]
2025-03-10 16:06:19,806 - INFO - INFO - 添加任务到队列: b4f599c1-9276-4180-9310-01e25c162022, 类型: mask
2025-03-10 16:06:20,801 - INFO - INFO - 从队列获取任务: b4f599c1-9276-4180-9310-01e25c162022, 任务类型: mask
2025-03-10 16:06:20,801 - INFO - INFO - 开始处理Mask任务 b4f599c1-9276-4180-9310-01e25c162022, 文本长度: 57字符, 脱敏类型: similar, 模型: paddle, handle: http://localhost:64623/callback
2025-03-10 16:06:20,801 - INFO - INFO - 指定脱敏字段: ['日期', '姓名', '职业', '地区', '外国人名']
2025-03-10 16:06:20,801 - INFO - INFO - 强制转换映射: [['北京', '上海'], ['人工智能', 'AI']]
2025-03-10 16:06:23,013 - INFO - INFO - 相似度最高的类型: 外国人名-->姓名, 相似度:0.8769354224205017
2025-03-10 16:06:23,063 - INFO - INFO - 相似度最高的类型: 姓名-->姓名, 相似度:1.0000001192092896
2025-03-10 16:06:23,080 - INFO - INFO - 相似度最高的类型: 日期-->日期, 相似度:1.0000001192092896
2025-03-10 16:06:23,096 - INFO - INFO - 相似度最高的类型: 地区-->省份, 相似度:0.9061164855957031
2025-03-10 16:06:23,096 - INFO - INFO - Mask任务 b4f599c1-9276-4180-9310-01e25c162022 处理完成
2025-03-10 16:06:23,100 - INFO - INFO - 完成任务处理: b4f599c1-9276-4180-9310-01e25c162022
2025-03-10 16:06:23,826 - INFO - INFO - Received request: {'text': '2024年2月17日，李明在北京参加了第十届世界人工智能峰会。该活动由国际人工智能协会主办，并在国家会议中心举行。', 'mask_type': 'similar', 'mask_model': 'paddle', 'mask_field': ['日期', '姓名', '职业', '地区', '外国人名'], 'handle': 'http://invalid-url:12345/callback'}, task_id: fe923149-abbc-4a63-877a-08a7844c431a, text: 2024年2月17日，李明在北京参加了第..., mask_type: similar, mask_model: paddle, mask_field: ['日期', '姓名', '职业', '地区', '外国人名'], force_convert: None
2025-03-10 16:06:23,826 - INFO - INFO - 添加任务到队列: fe923149-abbc-4a63-877a-08a7844c431a, 类型: mask
2025-03-10 16:06:24,101 - INFO - INFO - 从队列获取任务: fe923149-abbc-4a63-877a-08a7844c431a, 任务类型: mask
2025-03-10 16:06:24,101 - INFO - INFO - 开始处理Mask任务 fe923149-abbc-4a63-877a-08a7844c431a, 文本长度: 57字符, 脱敏类型: similar, 模型: paddle, handle: http://invalid-url:12345/callback
2025-03-10 16:06:24,101 - INFO - INFO - 指定脱敏字段: ['日期', '姓名', '职业', '地区', '外国人名']
2025-03-10 16:06:26,149 - INFO - INFO - 相似度最高的类型: 外国人名-->姓名, 相似度:0.8769354224205017
2025-03-10 16:06:26,168 - INFO - INFO - 相似度最高的类型: 姓名-->姓名, 相似度:1.0000001192092896
2025-03-10 16:06:26,186 - INFO - INFO - 相似度最高的类型: 日期-->日期, 相似度:1.0000001192092896
2025-03-10 16:06:26,202 - INFO - INFO - 相似度最高的类型: 地区-->省份, 相似度:0.9061164855957031
2025-03-10 16:06:26,202 - INFO - INFO - Mask任务 fe923149-abbc-4a63-877a-08a7844c431a 处理完成
2025-03-10 16:06:26,207 - INFO - ERROR - 返回结果到接口 http://invalid-url:12345/callback 时发生错误: Cannot connect to host invalid-url:12345 ssl:default [nodename nor servname provided, or not known]
2025-03-10 16:06:26,207 - INFO - INFO - 完成任务处理: fe923149-abbc-4a63-877a-08a7844c431a
2025-03-10 16:06:28,847 - INFO - INFO - Received request: {'text': '2024年2月17日，李明在北京参加了第十届世界人工智能峰会。该活动由国际人工智能协会主办，并在国家会议中心举行。', 'mask_type': 'similar', 'mask_model': 'paddle', 'mask_field': ['日期', '姓名', '职业', '地区', '外国人名'], 'handle': 'http://localhost:64623/callback'}, task_id: 55fb0d37-bb0e-4cdf-b28d-00955f80f419, text: 2024年2月17日，李明在北京参加了第..., mask_type: similar, mask_model: paddle, mask_field: ['日期', '姓名', '职业', '地区', '外国人名'], force_convert: None
2025-03-10 16:06:28,848 - INFO - INFO - 添加任务到队列: 55fb0d37-bb0e-4cdf-b28d-00955f80f419, 类型: mask
2025-03-10 16:06:29,209 - INFO - INFO - 从队列获取任务: 55fb0d37-bb0e-4cdf-b28d-00955f80f419, 任务类型: mask
2025-03-10 16:06:29,210 - INFO - INFO - 开始处理Mask任务 55fb0d37-bb0e-4cdf-b28d-00955f80f419, 文本长度: 57字符, 脱敏类型: similar, 模型: paddle, handle: http://localhost:64623/callback
2025-03-10 16:06:29,210 - INFO - INFO - 指定脱敏字段: ['日期', '姓名', '职业', '地区', '外国人名']
2025-03-10 16:06:31,336 - INFO - INFO - 相似度最高的类型: 外国人名-->姓名, 相似度:0.8769354224205017
2025-03-10 16:06:31,355 - INFO - INFO - 相似度最高的类型: 姓名-->姓名, 相似度:1.0000001192092896
2025-03-10 16:06:31,373 - INFO - INFO - 相似度最高的类型: 日期-->日期, 相似度:1.0000001192092896
2025-03-10 16:06:31,400 - INFO - INFO - 相似度最高的类型: 地区-->省份, 相似度:0.9061164855957031
2025-03-10 16:06:31,401 - INFO - INFO - Mask任务 55fb0d37-bb0e-4cdf-b28d-00955f80f419 处理完成
2025-03-10 16:06:31,403 - INFO - INFO - 完成任务处理: 55fb0d37-bb0e-4cdf-b28d-00955f80f419
2025-03-10 16:08:27,909 - INFO - INFO - Embedding模型加载中, 模型路径: /Users/yinbenxin/git/model/Conan-embedding-v1"
2025-03-10 16:08:30,749 - INFO - INFO - Embedding模型加载完成, 模型路径: /Users/yinbenxin/git/model/Conan-embedding-v1"
2025-03-10 16:08:30,750 - INFO - INFO - 信息抽取模型加载中, 模型路径: /Users/yinbenxin/git/model/uie-medium
2025-03-10 16:08:31,887 - INFO - INFO - 信息抽取模型加载完成, 模型路径: /Users/yinbenxin/git/model/uie-medium
2025-03-10 16:08:31,887 - INFO - INFO - MaskService initialized, embedding model: None
2025-03-10 16:08:31,907 - INFO - INFO - 加载模型：EMBEDDING_SMELL_ZH: /Users/yinbenxin/git/model/bge-small-zh
2025-03-10 16:08:31,962 - INFO - INFO - 加载模型完成
2025-03-10 16:08:32,085 - INFO - INFO - Rerank模型加载中
2025-03-10 16:08:35,377 - INFO - INFO - Embedding模型加载中, 模型路径: /Users/yinbenxin/git/model/Conan-embedding-v1"
2025-03-10 16:09:07,271 - INFO - INFO - Embedding模型加载中, 模型路径: /Users/yinbenxin/git/model/Conan-embedding-v1"
2025-03-10 16:09:10,717 - INFO - INFO - Embedding模型加载中, 模型路径: /Users/yinbenxin/git/model/Conan-embedding-v1"
2025-03-10 16:09:12,752 - INFO - INFO - Embedding模型加载完成, 模型路径: /Users/yinbenxin/git/model/Conan-embedding-v1"
2025-03-10 16:09:12,752 - INFO - INFO - 信息抽取模型加载中, 模型路径: /Users/yinbenxin/git/model/uie-medium
2025-03-10 16:09:13,804 - INFO - INFO - 信息抽取模型加载完成, 模型路径: /Users/yinbenxin/git/model/uie-medium
2025-03-10 16:09:13,804 - INFO - INFO - MaskService initialized, embedding model: None
2025-03-10 16:09:13,823 - INFO - INFO - 加载模型：EMBEDDING_SMELL_ZH: /Users/yinbenxin/git/model/bge-small-zh
2025-03-10 16:09:13,875 - INFO - INFO - 加载模型完成
2025-03-10 16:09:13,987 - INFO - INFO - Rerank模型加载中
2025-03-10 16:09:15,801 - INFO - INFO - Rerank模型加载完成, 模型路径: /Users/yinbenxin/git/model/gte-multilingual-reranker-base
2025-03-10 16:09:15,813 - INFO - INFO - 信息抽取模型加载中, 模型路径: /Users/yinbenxin/git/model/uie-medium
2025-03-10 16:09:16,604 - INFO - INFO - 信息抽取模型加载完成, 模型路径: /Users/yinbenxin/git/model/uie-medium
2025-03-10 16:09:16,604 - INFO - INFO - MaskService initialized, embedding model: None
2025-03-10 16:09:16,605 - INFO - INFO - 加载模型：EMBEDDING_SMELL_ZH: /Users/yinbenxin/git/model/bge-small-zh
2025-03-10 16:09:16,791 - INFO - INFO - 加载模型完成
2025-03-10 16:09:24,279 - INFO - INFO - Embedding模型加载中, 模型路径: /Users/yinbenxin/git/model/Conan-embedding-v1"
2025-03-10 16:09:26,926 - INFO - INFO - Embedding模型加载完成, 模型路径: /Users/yinbenxin/git/model/Conan-embedding-v1"
2025-03-10 16:09:26,926 - INFO - INFO - 信息抽取模型加载中, 模型路径: /Users/yinbenxin/git/model/uie-medium
2025-03-10 16:09:27,913 - INFO - INFO - 信息抽取模型加载完成, 模型路径: /Users/yinbenxin/git/model/uie-medium
2025-03-10 16:09:27,913 - INFO - INFO - MaskService initialized, embedding model: None
2025-03-10 16:09:27,932 - INFO - INFO - 加载模型：EMBEDDING_SMELL_ZH: /Users/yinbenxin/git/model/bge-small-zh
2025-03-10 16:09:27,985 - INFO - INFO - 加载模型完成
2025-03-10 16:09:28,106 - INFO - INFO - Rerank模型加载中
2025-03-10 16:09:29,839 - INFO - INFO - Rerank模型加载完成, 模型路径: /Users/yinbenxin/git/model/gte-multilingual-reranker-base
2025-03-10 16:09:29,850 - INFO - INFO - 信息抽取模型加载中, 模型路径: /Users/yinbenxin/git/model/uie-medium
2025-03-10 16:09:30,647 - INFO - INFO - 信息抽取模型加载完成, 模型路径: /Users/yinbenxin/git/model/uie-medium
2025-03-10 16:09:30,647 - INFO - INFO - MaskService initialized, embedding model: None
2025-03-10 16:09:30,648 - INFO - INFO - 加载模型：EMBEDDING_SMELL_ZH: /Users/yinbenxin/git/model/bge-small-zh
2025-03-10 16:09:30,835 - INFO - INFO - 加载模型完成
2025-03-10 16:09:34,950 - INFO - INFO - Embedding模型加载中, 模型路径: /Users/yinbenxin/git/model/Conan-embedding-v1"
2025-03-10 16:09:37,310 - INFO - INFO - Embedding模型加载完成, 模型路径: /Users/yinbenxin/git/model/Conan-embedding-v1"
2025-03-10 16:09:37,310 - INFO - INFO - 信息抽取模型加载中, 模型路径: /Users/yinbenxin/git/model/uie-medium
2025-03-10 16:09:38,304 - INFO - INFO - 信息抽取模型加载完成, 模型路径: /Users/yinbenxin/git/model/uie-medium
2025-03-10 16:09:38,305 - INFO - INFO - MaskService initialized, embedding model: None
2025-03-10 16:09:38,328 - INFO - INFO - 加载模型：EMBEDDING_SMELL_ZH: /Users/yinbenxin/git/model/bge-small-zh
2025-03-10 16:09:38,384 - INFO - INFO - 加载模型完成
2025-03-10 16:09:38,497 - INFO - INFO - Rerank模型加载中
2025-03-10 16:09:40,306 - INFO - INFO - Rerank模型加载完成, 模型路径: /Users/yinbenxin/git/model/gte-multilingual-reranker-base
2025-03-10 16:09:40,312 - INFO - INFO - 信息抽取模型加载中, 模型路径: /Users/yinbenxin/git/model/uie-medium
2025-03-10 16:09:41,098 - INFO - INFO - 信息抽取模型加载完成, 模型路径: /Users/yinbenxin/git/model/uie-medium
2025-03-10 16:09:41,098 - INFO - INFO - MaskService initialized, embedding model: None
2025-03-10 16:09:41,099 - INFO - INFO - 加载模型：EMBEDDING_SMELL_ZH: /Users/yinbenxin/git/model/bge-small-zh
2025-03-10 16:09:41,282 - INFO - INFO - 加载模型完成
2025-03-10 16:11:04,520 - INFO - INFO - Embedding模型加载中, 模型路径: /Users/yinbenxin/git/model/Conan-embedding-v1"
2025-03-10 16:11:07,301 - INFO - INFO - Embedding模型加载完成, 模型路径: /Users/yinbenxin/git/model/Conan-embedding-v1"
2025-03-10 16:11:07,302 - INFO - INFO - 信息抽取模型加载中, 模型路径: /Users/yinbenxin/git/model/uie-medium
2025-03-10 16:11:08,439 - INFO - INFO - 信息抽取模型加载完成, 模型路径: /Users/yinbenxin/git/model/uie-medium
2025-03-10 16:11:08,439 - INFO - INFO - MaskService initialized, embedding model: None
2025-03-10 16:11:08,463 - INFO - INFO - 加载模型：EMBEDDING_SMELL_ZH: /Users/yinbenxin/git/model/bge-small-zh
2025-03-10 16:11:08,536 - INFO - INFO - 加载模型完成
2025-03-10 16:11:08,650 - INFO - INFO - Rerank模型加载中
2025-03-10 16:11:12,600 - INFO - INFO - Embedding模型加载中, 模型路径: /Users/yinbenxin/git/model/Conan-embedding-v1"
2025-03-10 16:11:16,777 - INFO - INFO - Embedding模型加载中, 模型路径: /Users/yinbenxin/git/model/Conan-embedding-v1"
2025-03-10 16:11:19,566 - INFO - INFO - Embedding模型加载完成, 模型路径: /Users/yinbenxin/git/model/Conan-embedding-v1"
2025-03-10 16:11:19,566 - INFO - INFO - 信息抽取模型加载中, 模型路径: /Users/yinbenxin/git/model/uie-medium
2025-03-10 16:11:20,710 - INFO - INFO - 信息抽取模型加载完成, 模型路径: /Users/yinbenxin/git/model/uie-medium
2025-03-10 16:11:20,710 - INFO - INFO - MaskService initialized, embedding model: None
2025-03-10 16:11:20,738 - INFO - INFO - 加载模型：EMBEDDING_SMELL_ZH: /Users/yinbenxin/git/model/bge-small-zh
2025-03-10 16:11:20,828 - INFO - INFO - 加载模型完成
2025-03-10 16:11:20,952 - INFO - INFO - Rerank模型加载中
2025-03-10 16:11:22,918 - INFO - INFO - Rerank模型加载完成, 模型路径: /Users/yinbenxin/git/model/gte-multilingual-reranker-base
2025-03-10 16:11:22,927 - INFO - INFO - 信息抽取模型加载中, 模型路径: /Users/yinbenxin/git/model/uie-medium
2025-03-10 16:11:23,736 - INFO - INFO - 信息抽取模型加载完成, 模型路径: /Users/yinbenxin/git/model/uie-medium
2025-03-10 16:11:23,737 - INFO - INFO - MaskService initialized, embedding model: None
2025-03-10 16:11:23,738 - INFO - INFO - 加载模型：EMBEDDING_SMELL_ZH: /Users/yinbenxin/git/model/bge-small-zh
2025-03-10 16:11:23,928 - INFO - INFO - 加载模型完成
2025-03-10 16:14:17,343 - INFO - INFO - Embedding模型加载中, 模型路径: /Users/yinbenxin/git/model/Conan-embedding-v1"
2025-03-10 16:14:19,539 - INFO - INFO - Embedding模型加载完成, 模型路径: /Users/yinbenxin/git/model/Conan-embedding-v1"
2025-03-10 16:14:19,540 - INFO - INFO - 信息抽取模型加载中, 模型路径: /Users/yinbenxin/git/model/uie-medium
2025-03-10 16:14:21,147 - INFO - INFO - 信息抽取模型加载完成, 模型路径: /Users/yinbenxin/git/model/uie-medium
2025-03-10 16:14:21,147 - INFO - INFO - MaskService initialized, embedding model: None
2025-03-10 16:14:21,166 - INFO - INFO - 加载模型：EMBEDDING_SMELL_ZH: /Users/yinbenxin/git/model/bge-small-zh
2025-03-10 16:14:21,255 - INFO - INFO - 加载模型完成
2025-03-10 16:14:21,409 - INFO - INFO - Rerank模型加载中
2025-03-10 16:14:23,204 - INFO - INFO - Rerank模型加载完成, 模型路径: /Users/yinbenxin/git/model/gte-multilingual-reranker-base
2025-03-10 16:14:23,213 - INFO - INFO - 信息抽取模型加载中, 模型路径: /Users/yinbenxin/git/model/uie-medium
2025-03-10 16:14:24,046 - INFO - INFO - 信息抽取模型加载完成, 模型路径: /Users/yinbenxin/git/model/uie-medium
2025-03-10 16:14:24,046 - INFO - INFO - MaskService initialized, embedding model: None
2025-03-10 16:14:24,047 - INFO - INFO - 加载模型：EMBEDDING_SMELL_ZH: /Users/yinbenxin/git/model/bge-small-zh
2025-03-10 16:14:24,216 - INFO - INFO - 加载模型完成
2025-03-10 16:17:12,721 - INFO - INFO - Embedding模型加载中, 模型路径: /Users/yinbenxin/git/model/Conan-embedding-v1"
2025-03-10 16:17:15,600 - INFO - INFO - Embedding模型加载完成, 模型路径: /Users/yinbenxin/git/model/Conan-embedding-v1"
2025-03-10 16:17:15,601 - INFO - INFO - 信息抽取模型加载中, 模型路径: /Users/yinbenxin/git/model/uie-medium
2025-03-10 16:17:16,634 - INFO - INFO - 信息抽取模型加载完成, 模型路径: /Users/yinbenxin/git/model/uie-medium
2025-03-10 16:17:16,634 - INFO - INFO - MaskService initialized, embedding model: None
2025-03-10 16:17:16,652 - INFO - INFO - 加载模型：EMBEDDING_SMELL_ZH: /Users/yinbenxin/git/model/bge-small-zh
2025-03-10 16:17:16,773 - INFO - INFO - 加载模型完成
2025-03-10 16:17:16,890 - INFO - INFO - Rerank模型加载中
2025-03-10 16:17:18,754 - INFO - INFO - Rerank模型加载完成, 模型路径: /Users/yinbenxin/git/model/gte-multilingual-reranker-base
2025-03-10 16:17:18,770 - INFO - INFO - 信息抽取模型加载中, 模型路径: /Users/yinbenxin/git/model/uie-medium
2025-03-10 16:17:19,577 - INFO - INFO - 信息抽取模型加载完成, 模型路径: /Users/yinbenxin/git/model/uie-medium
2025-03-10 16:17:19,577 - INFO - INFO - MaskService initialized, embedding model: None
2025-03-10 16:17:19,579 - INFO - INFO - 加载模型：EMBEDDING_SMELL_ZH: /Users/yinbenxin/git/model/bge-small-zh
2025-03-10 16:17:19,754 - INFO - INFO - 加载模型完成
2025-03-10 16:23:32,842 - INFO - INFO - Embedding模型加载中, 模型路径: /Users/yinbenxin/git/model/Conan-embedding-v1"
2025-03-10 16:23:36,139 - INFO - INFO - Embedding模型加载完成, 模型路径: /Users/yinbenxin/git/model/Conan-embedding-v1"
2025-03-10 16:23:36,139 - INFO - INFO - 信息抽取模型加载中, 模型路径: /Users/yinbenxin/git/model/uie-medium
2025-03-10 16:23:37,412 - INFO - INFO - 信息抽取模型加载完成, 模型路径: /Users/yinbenxin/git/model/uie-medium
2025-03-10 16:23:37,412 - INFO - INFO - MaskService initialized, embedding model: None
2025-03-10 16:23:37,435 - INFO - INFO - 加载模型：EMBEDDING_SMELL_ZH: /Users/yinbenxin/git/model/bge-small-zh
2025-03-10 16:23:37,559 - INFO - INFO - 加载模型完成
2025-03-10 16:23:37,740 - INFO - INFO - Rerank模型加载中
2025-03-10 16:23:39,637 - INFO - INFO - Rerank模型加载完成, 模型路径: /Users/yinbenxin/git/model/gte-multilingual-reranker-base
2025-03-10 16:23:39,643 - INFO - INFO - 信息抽取模型加载中, 模型路径: /Users/yinbenxin/git/model/uie-medium
2025-03-10 16:23:40,429 - INFO - INFO - 信息抽取模型加载完成, 模型路径: /Users/yinbenxin/git/model/uie-medium
2025-03-10 16:23:40,430 - INFO - INFO - MaskService initialized, embedding model: None
2025-03-10 16:23:40,430 - INFO - INFO - 加载模型：EMBEDDING_SMELL_ZH: /Users/yinbenxin/git/model/bge-small-zh
2025-03-10 16:23:40,803 - INFO - INFO - 加载模型完成
2025-03-10 16:24:38,551 - INFO - INFO - Embedding模型加载中, 模型路径: /Users/yinbenxin/git/model/Conan-embedding-v1"
2025-03-10 16:24:41,260 - INFO - INFO - Embedding模型加载完成, 模型路径: /Users/yinbenxin/git/model/Conan-embedding-v1"
2025-03-10 16:24:41,260 - INFO - INFO - 信息抽取模型加载中, 模型路径: /Users/yinbenxin/git/model/uie-medium
2025-03-10 16:24:42,540 - INFO - INFO - 信息抽取模型加载完成, 模型路径: /Users/yinbenxin/git/model/uie-medium
2025-03-10 16:24:42,541 - INFO - INFO - MaskService initialized, embedding model: None
2025-03-10 16:24:42,564 - INFO - INFO - 加载模型：EMBEDDING_SMELL_ZH: /Users/yinbenxin/git/model/bge-small-zh
2025-03-10 16:24:42,677 - INFO - INFO - 加载模型完成
2025-03-10 16:24:42,796 - INFO - INFO - Rerank模型加载中
2025-03-10 16:24:44,756 - INFO - INFO - Rerank模型加载完成, 模型路径: /Users/yinbenxin/git/model/gte-multilingual-reranker-base
2025-03-10 16:24:44,762 - INFO - INFO - 信息抽取模型加载中, 模型路径: /Users/yinbenxin/git/model/uie-medium
2025-03-10 16:24:45,753 - INFO - INFO - 信息抽取模型加载完成, 模型路径: /Users/yinbenxin/git/model/uie-medium
2025-03-10 16:24:45,753 - INFO - INFO - MaskService initialized, embedding model: None
2025-03-10 16:24:45,754 - INFO - INFO - 加载模型：EMBEDDING_SMELL_ZH: /Users/yinbenxin/git/model/bge-small-zh
2025-03-10 16:24:46,130 - INFO - INFO - 加载模型完成
