2025-02-26 16:12:26,312 - INFO - INFO - 添加任务到队列: 39478836-4b88-4d73-9425-4df3d4bc93b4, 类型: embedding
2025-02-26 16:12:26,319 - INFO - INFO - 获取任务状态 task_id: 39478836-4b88-4d73-9425-4df3d4bc93b4, status: pending, text: 2edca33b-dad9-49c3-a441-e5672d6b1429
2025-02-26 16:12:26,539 - INFO - INFO - 从队列获取任务: 39478836-4b88-4d73-9425-4df3d4bc93b4, 类型: embedding
2025-02-26 16:12:46,559 - INFO - INFO - 完成任务处理: 39478836-4b88-4d73-9425-4df3d4bc93b4
2025-02-26 16:12:46,563 - INFO - INFO - 获取任务状态 task_id: 39478836-4b88-4d73-9425-4df3d4bc93b4, status: completed, text: 2edca33b-dad9-49c3-a441-e5672d6b1429
2025-02-26 16:40:12,337 - INFO - INFO - 添加任务到队列: 798c85c9-f6e4-45fd-a9f2-feadbf2e1304, 类型: mask
2025-02-26 16:40:12,876 - INFO - INFO - 从队列获取任务: 798c85c9-f6e4-45fd-a9f2-feadbf2e1304, 类型: mask
2025-02-26 16:40:27,030 - INFO - INFO - 完成任务处理: 798c85c9-f6e4-45fd-a9f2-feadbf2e1304
2025-02-26 16:46:11,623 - INFO - INFO - 添加任务到队列: b9548181-6674-43d5-bac6-66b916f3bb9a, 类型: mask
2025-02-26 16:46:12,435 - INFO - INFO - 从队列获取任务: b9548181-6674-43d5-bac6-66b916f3bb9a, 类型: mask
2025-02-26 16:46:26,253 - INFO - INFO - 完成任务处理: b9548181-6674-43d5-bac6-66b916f3bb9a
2025-02-26 16:46:26,259 - INFO - INFO - 添加任务到队列: eacf48e3-d589-44f4-adf1-7f6176b7cd99, 类型: mask
2025-02-26 16:46:26,260 - INFO - INFO - 添加任务到队列: 4fdec4e6-0191-4e1d-b88b-409d2d916dd1, 类型: mask
2025-02-26 16:46:27,255 - INFO - INFO - 从队列获取任务: eacf48e3-d589-44f4-adf1-7f6176b7cd99, 类型: mask
2025-02-26 16:46:40,507 - INFO - INFO - 完成任务处理: eacf48e3-d589-44f4-adf1-7f6176b7cd99
2025-02-26 16:46:40,508 - INFO - INFO - 从队列获取任务: 4fdec4e6-0191-4e1d-b88b-409d2d916dd1, 类型: mask
2025-02-26 16:46:53,818 - INFO - INFO - 完成任务处理: 4fdec4e6-0191-4e1d-b88b-409d2d916dd1
2025-02-26 16:48:30,017 - INFO - INFO - 添加任务到队列: 5c86e913-0b21-4308-b7c6-39f9d3b98152, 类型: mask
2025-02-26 16:48:31,005 - INFO - INFO - 从队列获取任务: 5c86e913-0b21-4308-b7c6-39f9d3b98152, 类型: mask
2025-02-26 16:48:44,480 - INFO - INFO - 完成任务处理: 5c86e913-0b21-4308-b7c6-39f9d3b98152
2025-02-26 16:59:00,091 - INFO - INFO - 添加任务到队列: e12fc432-a506-4c37-ad25-a3e43a92b090, 类型: mask
2025-02-26 16:59:01,078 - INFO - INFO - 从队列获取任务: e12fc432-a506-4c37-ad25-a3e43a92b090, 类型: mask
2025-02-26 16:59:14,268 - INFO - INFO - 处理任务 e12fc432-a506-4c37-ad25-a3e43a92b090 时发生错误: 不支持的脱敏类型：AES
2025-02-26 16:59:14,269 - INFO - INFO - 完成任务处理: e12fc432-a506-4c37-ad25-a3e43a92b090
2025-02-26 17:59:20,330 - INFO - INFO - 添加任务到队列: a5ff31a5-4b8a-40ef-a24c-113590d70265, 类型: embedding
2025-02-26 17:59:20,336 - INFO - INFO - 获取任务状态 task_id: a5ff31a5-4b8a-40ef-a24c-113590d70265, status: pending, text: 2edca33b-dad9-49c3-a441-e5672d6b1429
2025-02-26 17:59:21,159 - INFO - INFO - 从队列获取任务: a5ff31a5-4b8a-40ef-a24c-113590d70265, 类型: embedding
2025-02-26 17:59:41,178 - INFO - INFO - 完成任务处理: a5ff31a5-4b8a-40ef-a24c-113590d70265
2025-02-26 17:59:41,189 - INFO - INFO - 获取任务状态 task_id: a5ff31a5-4b8a-40ef-a24c-113590d70265, status: completed, text: 2edca33b-dad9-49c3-a441-e5672d6b1429
2025-02-26 18:12:24,005 - INFO - INFO - 添加任务到队列: 139cce02-35a3-4aae-b4cf-c20fe2759805, 类型: embedding
2025-02-26 18:12:24,011 - INFO - INFO - 获取任务状态 task_id: 139cce02-35a3-4aae-b4cf-c20fe2759805, status: pending, text: 2edca33b-dad9-49c3-a441-e5672d6b1429
2025-02-26 18:12:24,990 - INFO - INFO - 从队列获取任务: 139cce02-35a3-4aae-b4cf-c20fe2759805, 类型: embedding
2025-02-26 18:12:45,011 - INFO - INFO - 完成任务处理: 139cce02-35a3-4aae-b4cf-c20fe2759805
2025-02-26 18:12:45,017 - INFO - INFO - 获取任务状态 task_id: 139cce02-35a3-4aae-b4cf-c20fe2759805, status: completed, text: 2edca33b-dad9-49c3-a441-e5672d6b1429
2025-02-26 18:12:45,025 - INFO - INFO - 添加任务到队列: 9ae84c31-fe73-4b48-8da8-fad259a5e268, 类型: mask
2025-02-26 18:12:46,013 - INFO - INFO - 从队列获取任务: 9ae84c31-fe73-4b48-8da8-fad259a5e268, 类型: mask
2025-02-26 18:12:58,968 - INFO - INFO - 处理任务 9ae84c31-fe73-4b48-8da8-fad259a5e268 时发生错误: 不支持的脱敏类型：AES
2025-02-26 18:12:58,968 - INFO - INFO - 完成任务处理: 9ae84c31-fe73-4b48-8da8-fad259a5e268
2025-02-26 18:17:33,697 - INFO - INFO - 添加任务到队列: 2e2f23d6-eca9-4f04-b86f-1a7327869641, 类型: mask
2025-02-26 18:17:34,680 - INFO - INFO - 从队列获取任务: 2e2f23d6-eca9-4f04-b86f-1a7327869641, 类型: mask
2025-02-26 18:17:47,749 - INFO - INFO - 完成任务处理: 2e2f23d6-eca9-4f04-b86f-1a7327869641
2025-02-26 18:19:35,649 - INFO - INFO - 添加任务到队列: 54bae645-d1ba-43b3-9e39-07e639563f25, 类型: mask
2025-02-26 18:19:36,638 - INFO - INFO - 从队列获取任务: 54bae645-d1ba-43b3-9e39-07e639563f25, 类型: mask
2025-02-26 18:19:49,858 - INFO - INFO - 完成任务处理: 54bae645-d1ba-43b3-9e39-07e639563f25
2025-02-26 18:20:57,621 - INFO - INFO - 添加任务到队列: b7f8a506-aab4-4cca-9253-b460f43cb667, 类型: mask
2025-02-26 18:20:58,607 - INFO - INFO - 从队列获取任务: b7f8a506-aab4-4cca-9253-b460f43cb667, 类型: mask
2025-02-26 18:21:11,660 - INFO - INFO - 完成任务处理: b7f8a506-aab4-4cca-9253-b460f43cb667
