2025-03-04 18:53:40,889 - INFO - INFO - Embedding模型加载中
2025-03-04 18:53:49,997 - INFO - INFO - Embedding模型加载完成, 模型路径: ./models/embedding
2025-03-04 18:53:51,751 - INFO - INFO - MaskService initialized, embedding model: SentenceTransformer(
  (0): Transformer({'max_seq_length': 512, 'do_lower_case': False}) with Transformer model: BertModel 
  (1): Pooling({'word_embedding_dimension': 1024, 'pooling_mode_cls_token': False, 'pooling_mode_mean_tokens': True, 'pooling_mode_max_tokens': False, 'pooling_mode_mean_sqrt_len_tokens': False, 'pooling_mode_weightedmean_tokens': False, 'pooling_mode_lasttoken': False, 'include_prompt': True})
  (2): Dense({'in_features': 1024, 'out_features': 1792, 'bias': True, 'activation_function': 'torch.nn.modules.linear.Identity'})
)
2025-03-04 18:53:51,751 - INFO - INFO - Rerank模型加载中
2025-03-04 18:54:12,733 - INFO - INFO - Embedding模型加载中
2025-03-04 18:54:20,949 - INFO - INFO - Embedding模型加载完成, 模型路径: ./models/embedding
2025-03-04 18:54:22,794 - INFO - INFO - MaskService initialized, embedding model: SentenceTransformer(
  (0): Transformer({'max_seq_length': 512, 'do_lower_case': False}) with Transformer model: BertModel 
  (1): Pooling({'word_embedding_dimension': 1024, 'pooling_mode_cls_token': False, 'pooling_mode_mean_tokens': True, 'pooling_mode_max_tokens': False, 'pooling_mode_mean_sqrt_len_tokens': False, 'pooling_mode_weightedmean_tokens': False, 'pooling_mode_lasttoken': False, 'include_prompt': True})
  (2): Dense({'in_features': 1024, 'out_features': 1792, 'bias': True, 'activation_function': 'torch.nn.modules.linear.Identity'})
)
2025-03-04 18:54:22,794 - INFO - INFO - Rerank模型加载中
2025-03-04 18:54:24,751 - INFO - INFO - Rerank模型加载完成, 模型路径: /Users/yinbenxin/git/model/gte-multilingual-reranker-base
2025-03-04 18:54:26,430 - INFO - INFO - MaskService initialized, embedding model: None
2025-03-04 18:54:54,694 - INFO - INFO - Received request: {'text': '2024年2月17日，李明在北京参加了第十届世界人工智能峰会。该活动由国际人工智能协会主办，并在国家会议中心举行。', 'mask_type': 'aes', 'mask_model': 'paddle', 'mask_field': ['日期', '姓名', '职业', '地区', '外国人名', '时间']}, task_id: 0e7f052a-92a3-48d2-b3c5-10158b46c7ab, text: 2024年2月17日，李明在北京参加了第..., mask_type: aes, mask_model: paddle, mask_field: ['日期', '姓名', '职业', '地区', '外国人名', '时间'], force_convert: None
2025-03-04 18:54:54,712 - INFO - INFO - Received request: {'text': '2024年2月17日，李明在北京参加了第十届世界人工智能峰会。该活动由国际人工智能协会主办，并在国家会议中心举行。', 'mask_type': 'asterisk', 'mask_model': 'paddle', 'mask_field': ['日期', '姓名', '职业', '地区', '外国人名', '时间']}, task_id: a0ba218e-e065-4496-a752-ef13fe7ec0a4, text: 2024年2月17日，李明在北京参加了第..., mask_type: asterisk, mask_model: paddle, mask_field: ['日期', '姓名', '职业', '地区', '外国人名', '时间'], force_convert: None
2025-03-04 18:54:54,715 - INFO - INFO - Received request: {'text': '2024年2月17日，李明在北京参加了第十届世界人工智能峰会。该活动由国际人工智能协会主办，并在国家会议中心举行。', 'mask_type': 'delete', 'mask_model': 'paddle', 'mask_field': ['日期', '姓名', '职业', '地区', '外国人名', '时间']}, task_id: 990a41cb-d150-4c92-99dd-19915a878efc, text: 2024年2月17日，李明在北京参加了第..., mask_type: delete, mask_model: paddle, mask_field: ['日期', '姓名', '职业', '地区', '外国人名', '时间'], force_convert: None
2025-03-04 18:54:54,720 - INFO - INFO - Received request: {'text': '2024年2月17日，李明在北京参加了第十届世界人工智能峰会。该活动由国际人工智能协会主办，并在国家会议中心举行。', 'mask_type': 'similar', 'mask_model': 'paddle', 'mask_field': ['日期', '姓名', '职业', '地区', '外国人名', '时间'], 'force_convert': [['北京', '上海'], ['人工智能', 'AI']]}, task_id: 705fa0e4-bda5-4f8d-bacd-94bd69e6873f, text: 2024年2月17日，李明在北京参加了第..., mask_type: similar, mask_model: paddle, mask_field: ['日期', '姓名', '职业', '地区', '外国人名', '时间'], force_convert: [['北京', '上海'], ['人工智能', 'AI']]
2025-03-04 18:54:54,724 - INFO - INFO - Received request: {'text': '2024年2月17日，李明在北京参加了第十届世界人工智能峰会。该活动由国际人工智能协会主办，并在国家会议中心举行。', 'mask_type': 'invalid_type', 'mask_model': 'paddle', 'mask_field': ['日期', '姓名', '职业', '地区', '外国人名', '时间']}, task_id: 97963ba4-4b48-44b4-ab0d-e78a8cb758f0, text: 2024年2月17日，李明在北京参加了第..., mask_type: invalid_type, mask_model: paddle, mask_field: ['日期', '姓名', '职业', '地区', '外国人名', '时间'], force_convert: None
2025-03-04 18:54:54,727 - INFO - INFO - Received request: {'text': '2024年2月17日，李明在北京参加了第十届世界人工智能峰会。该活动由国际人工智能协会主办，并在国家会议中心举行。', 'mask_type': 'md5', 'mask_model': 'paddle', 'mask_field': ['日期', '姓名', '职业', '地区', '外国人名', '时间']}, task_id: 5a7ec993-6e64-4145-a0b9-de5a42de0842, text: 2024年2月17日，李明在北京参加了第..., mask_type: md5, mask_model: paddle, mask_field: ['日期', '姓名', '职业', '地区', '外国人名', '时间'], force_convert: None
2025-03-04 18:54:54,731 - INFO - INFO - Received request: {'text': '2024年2月17日，李明在北京参加了第十届世界人工智能峰会。该活动由国际人工智能协会主办，并在国家会议中心举行。', 'mask_type': 'sha256', 'mask_model': 'paddle', 'mask_field': ['日期', '姓名', '职业', '地区', '外国人名', '时间']}, task_id: 00e43872-391a-4e86-a063-80624a982b43, text: 2024年2月17日，李明在北京参加了第..., mask_type: sha256, mask_model: paddle, mask_field: ['日期', '姓名', '职业', '地区', '外国人名', '时间'], force_convert: None
2025-03-04 18:54:54,734 - INFO - INFO - Received request: {'text': '2024年2月17日，李明在北京参加了第十届世界人工智能峰会。该活动由国际人工智能协会主办，并在国家会议中心举行。', 'mask_type': 'similar', 'mask_model': 'paddle', 'mask_field': ['日期', '姓名', '职业', '地区', '外国人名', '时间']}, task_id: b65a2704-53da-417b-a385-f0045026ffb9, text: 2024年2月17日，李明在北京参加了第..., mask_type: similar, mask_model: paddle, mask_field: ['日期', '姓名', '职业', '地区', '外国人名', '时间'], force_convert: None
2025-03-04 18:54:54,737 - INFO - INFO - Received request: {'text': '2024年2月17日，李明在北京参加了第十届世界人工智能峰会。该活动由国际人工智能协会主办，并在国家会议中心举行。', 'mask_type': 'type_replace', 'mask_model': 'paddle', 'mask_field': ['日期', '姓名', '职业', '地区', '外国人名', '时间']}, task_id: 0a2721b2-3bc2-4ee2-972a-63ce51d0a783, text: 2024年2月17日，李明在北京参加了第..., mask_type: type_replace, mask_model: paddle, mask_field: ['日期', '姓名', '职业', '地区', '外国人名', '时间'], force_convert: None
2025-03-04 18:56:22,545 - INFO - INFO - 开始创建Rerank任务，task_id: d21d09df-7e78-4211-85da-d264d19d7151, query: 药品管理, 候选文本数量: 10
2025-03-04 18:56:22,555 - INFO - INFO - 添加任务到队列: d21d09df-7e78-4211-85da-d264d19d7151, 类型: rerank
2025-03-04 18:56:22,564 - INFO - INFO - 从队列获取任务: d21d09df-7e78-4211-85da-d264d19d7151, 任务类型: rerank
2025-03-04 18:56:22,567 - INFO - INFO - 开始处理Rerank任务 d21d09df-7e78-4211-85da-d264d19d7151, 查询文本: 药品管理, 候选文本数量: 10
2025-03-04 18:56:22,567 - INFO - INFO - 正在对查询文本进行重排序: 药品管理, 候选文本数量: 10
2025-03-04 18:56:22,567 - INFO - INFO - 使用设备: cpu
2025-03-04 18:56:22,901 - INFO - INFO - Rerank任务 d21d09df-7e78-4211-85da-d264d19d7151 处理完成
2025-03-04 18:56:22,901 - INFO - INFO - 完成任务处理: d21d09df-7e78-4211-85da-d264d19d7151
2025-03-04 18:56:23,574 - INFO - INFO - 开始创建Rerank任务，task_id: 9faee7b8-b6c7-4168-8019-cae5764a26bf, query: , 候选文本数量: 10
2025-03-04 18:56:23,576 - INFO - INFO - 添加任务到队列: 9faee7b8-b6c7-4168-8019-cae5764a26bf, 类型: rerank
2025-03-04 18:56:23,902 - INFO - INFO - 从队列获取任务: 9faee7b8-b6c7-4168-8019-cae5764a26bf, 任务类型: rerank
2025-03-04 18:56:23,906 - INFO - INFO - 开始处理Rerank任务 9faee7b8-b6c7-4168-8019-cae5764a26bf, 查询文本: , 候选文本数量: 10
2025-03-04 18:56:23,906 - INFO - INFO - 正在对查询文本进行重排序: , 候选文本数量: 10
2025-03-04 18:56:23,906 - INFO - INFO - 使用设备: cpu
2025-03-04 18:56:24,101 - INFO - INFO - Rerank任务 9faee7b8-b6c7-4168-8019-cae5764a26bf 处理完成
2025-03-04 18:56:24,101 - INFO - INFO - 完成任务处理: 9faee7b8-b6c7-4168-8019-cae5764a26bf
2025-03-04 18:56:24,592 - INFO - INFO - 开始创建Rerank任务，task_id: 956ca86e-7520-4b51-9751-8aacf1c20082, query: 药品管理, 候选文本数量: 0
2025-03-04 18:56:24,594 - INFO - INFO - 添加任务到队列: 956ca86e-7520-4b51-9751-8aacf1c20082, 类型: rerank
2025-03-04 18:56:25,103 - INFO - INFO - 从队列获取任务: 956ca86e-7520-4b51-9751-8aacf1c20082, 任务类型: rerank
2025-03-04 18:56:25,110 - INFO - INFO - 开始处理Rerank任务 956ca86e-7520-4b51-9751-8aacf1c20082, 查询文本: 药品管理, 候选文本数量: 0
2025-03-04 18:56:25,110 - INFO - INFO - 正在对查询文本进行重排序: 药品管理, 候选文本数量: 0
2025-03-04 18:56:25,110 - INFO - INFO - 使用设备: cpu
2025-03-04 18:56:25,113 - INFO - INFO - Rerank任务 956ca86e-7520-4b51-9751-8aacf1c20082 处理完成
2025-03-04 18:56:25,113 - INFO - INFO - 完成任务处理: 956ca86e-7520-4b51-9751-8aacf1c20082
2025-03-04 18:56:25,612 - INFO - INFO - 开始创建Rerank任务，task_id: 7eec8856-2a0b-49e9-8c25-d2eee5a33724, query: aaaaaaaaaaaaaaaaaaaaaaaaaaaaaaaaaaaaaaaaaaaaaaaaaa, 候选文本数量: 10
2025-03-04 18:56:25,614 - INFO - INFO - 添加任务到队列: 7eec8856-2a0b-49e9-8c25-d2eee5a33724, 类型: rerank
2025-03-04 18:56:26,114 - INFO - INFO - 从队列获取任务: 7eec8856-2a0b-49e9-8c25-d2eee5a33724, 任务类型: rerank
2025-03-04 18:56:26,121 - INFO - INFO - 开始处理Rerank任务 7eec8856-2a0b-49e9-8c25-d2eee5a33724, 查询文本: aaaaaaaaaaaaaaaaaaaaaaaaaaaaaaaaaaaaaaaaaaaaaaaaaa, 候选文本数量: 10
2025-03-04 18:56:26,121 - INFO - INFO - 正在对查询文本进行重排序: aaaaaaaaaa, 候选文本数量: 10
2025-03-04 18:56:26,121 - INFO - INFO - 使用设备: cpu
2025-03-04 18:56:29,502 - INFO - INFO - Rerank任务 7eec8856-2a0b-49e9-8c25-d2eee5a33724 处理完成
2025-03-04 18:56:29,502 - INFO - INFO - 完成任务处理: 7eec8856-2a0b-49e9-8c25-d2eee5a33724
2025-03-04 18:56:29,507 - INFO - INFO - 开始创建Rerank任务，task_id: 05e35e32-e00a-4cf7-b80c-e0f120ef55f3, query: 药品管理, 候选文本数量: 10
2025-03-04 18:56:29,508 - INFO - INFO - 添加任务到队列: 05e35e32-e00a-4cf7-b80c-e0f120ef55f3, 类型: rerank
2025-03-04 18:56:30,503 - INFO - INFO - 从队列获取任务: 05e35e32-e00a-4cf7-b80c-e0f120ef55f3, 任务类型: rerank
2025-03-04 18:56:30,511 - INFO - INFO - 开始处理Rerank任务 05e35e32-e00a-4cf7-b80c-e0f120ef55f3, 查询文本: 药品管理, 候选文本数量: 10
2025-03-04 18:56:30,512 - INFO - INFO - 正在对查询文本进行重排序: 药品管理, 候选文本数量: 10
2025-03-04 18:56:30,512 - INFO - INFO - 使用设备: cpu
2025-03-04 18:56:30,754 - INFO - INFO - Rerank任务 05e35e32-e00a-4cf7-b80c-e0f120ef55f3 处理完成
2025-03-04 18:56:30,754 - INFO - INFO - 完成任务处理: 05e35e32-e00a-4cf7-b80c-e0f120ef55f3
2025-03-04 18:56:30,759 - INFO - INFO - 开始创建Rerank任务，task_id: b4875f95-6995-4247-8d50-8900c46cb551, query: 药品管理, 候选文本数量: 10
2025-03-04 18:56:30,760 - INFO - INFO - 添加任务到队列: b4875f95-6995-4247-8d50-8900c46cb551, 类型: rerank
2025-03-04 18:56:31,756 - INFO - INFO - 从队列获取任务: b4875f95-6995-4247-8d50-8900c46cb551, 任务类型: rerank
2025-03-04 18:56:31,763 - INFO - INFO - 开始处理Rerank任务 b4875f95-6995-4247-8d50-8900c46cb551, 查询文本: 药品管理, 候选文本数量: 10
2025-03-04 18:56:31,763 - INFO - INFO - 正在对查询文本进行重排序: 药品管理, 候选文本数量: 10
2025-03-04 18:56:31,764 - INFO - INFO - 使用设备: cpu
2025-03-04 18:56:32,005 - INFO - INFO - Rerank任务 b4875f95-6995-4247-8d50-8900c46cb551 处理完成
2025-03-04 18:56:32,005 - INFO - INFO - 完成任务处理: b4875f95-6995-4247-8d50-8900c46cb551
2025-03-04 18:56:40,069 - INFO - INFO - 开始创建Embedding任务， 创建任务 task_id: 09d4d2e1-f69b-453a-87f7-1ce818a7de2a, text: 2edca33b-d，文本长度: 36
2025-03-04 18:56:40,073 - INFO - INFO - 添加任务到队列: 09d4d2e1-f69b-453a-87f7-1ce818a7de2a, 类型: embedding
2025-03-04 18:56:41,015 - INFO - INFO - 从队列获取任务: 09d4d2e1-f69b-453a-87f7-1ce818a7de2a, 任务类型: embedding
2025-03-04 18:56:41,018 - INFO - INFO - 开始处理任务 09d4d2e1-f69b-453a-87f7-1ce818a7de2a, 文本长度: 36
2025-03-04 18:56:41,018 - INFO - INFO - Embedding文本: 2edca33b-dad9-49c3-a441-e5672d6b1429
2025-03-04 18:56:41,760 - INFO - INFO - Embedding任务 09d4d2e1-f69b-453a-87f7-1ce818a7de2a 处理完成
2025-03-04 18:56:41,760 - INFO - INFO - 完成任务处理: 09d4d2e1-f69b-453a-87f7-1ce818a7de2a
2025-03-04 18:56:41,778 - INFO - INFO - 开始创建Embedding任务， 创建任务 task_id: 8fa1373f-2191-4315-a934-79dcc892d757, text: ，文本长度: 0
2025-03-04 18:56:41,781 - INFO - INFO - 添加任务到队列: 8fa1373f-2191-4315-a934-79dcc892d757, 类型: embedding
2025-03-04 18:56:42,761 - INFO - INFO - 从队列获取任务: 8fa1373f-2191-4315-a934-79dcc892d757, 任务类型: embedding
2025-03-04 18:56:42,770 - INFO - INFO - 开始处理任务 8fa1373f-2191-4315-a934-79dcc892d757, 文本长度: 0
2025-03-04 18:56:42,770 - INFO - INFO - Embedding文本: 
2025-03-04 18:56:42,888 - INFO - INFO - Embedding任务 8fa1373f-2191-4315-a934-79dcc892d757 处理完成
2025-03-04 18:56:42,888 - INFO - INFO - 完成任务处理: 8fa1373f-2191-4315-a934-79dcc892d757
2025-03-04 18:57:08,910 - INFO - INFO - Embedding模型加载中
2025-03-04 18:57:16,501 - INFO - INFO - Embedding模型加载完成, 模型路径: ./models/embedding
2025-03-04 18:57:18,241 - INFO - INFO - MaskService initialized, embedding model: SentenceTransformer(
  (0): Transformer({'max_seq_length': 512, 'do_lower_case': False}) with Transformer model: BertModel 
  (1): Pooling({'word_embedding_dimension': 1024, 'pooling_mode_cls_token': False, 'pooling_mode_mean_tokens': True, 'pooling_mode_max_tokens': False, 'pooling_mode_mean_sqrt_len_tokens': False, 'pooling_mode_weightedmean_tokens': False, 'pooling_mode_lasttoken': False, 'include_prompt': True})
  (2): Dense({'in_features': 1024, 'out_features': 1792, 'bias': True, 'activation_function': 'torch.nn.modules.linear.Identity'})
)
2025-03-04 18:57:18,241 - INFO - INFO - Rerank模型加载中
2025-03-04 18:57:20,154 - INFO - INFO - Rerank模型加载完成, 模型路径: /Users/yinbenxin/git/model/gte-multilingual-reranker-base
2025-03-04 18:57:21,730 - INFO - INFO - MaskService initialized, embedding model: None
2025-03-04 18:58:35,511 - INFO - INFO - Embedding模型加载中
2025-03-04 18:58:43,162 - INFO - INFO - Embedding模型加载完成, 模型路径: ./models/embedding
2025-03-04 18:58:45,057 - INFO - INFO - MaskService initialized, embedding model: SentenceTransformer(
  (0): Transformer({'max_seq_length': 512, 'do_lower_case': False}) with Transformer model: BertModel 
  (1): Pooling({'word_embedding_dimension': 1024, 'pooling_mode_cls_token': False, 'pooling_mode_mean_tokens': True, 'pooling_mode_max_tokens': False, 'pooling_mode_mean_sqrt_len_tokens': False, 'pooling_mode_weightedmean_tokens': False, 'pooling_mode_lasttoken': False, 'include_prompt': True})
  (2): Dense({'in_features': 1024, 'out_features': 1792, 'bias': True, 'activation_function': 'torch.nn.modules.linear.Identity'})
)
2025-03-04 18:58:45,057 - INFO - INFO - Rerank模型加载中
2025-03-04 18:58:47,101 - INFO - INFO - Rerank模型加载完成, 模型路径: /Users/yinbenxin/git/model/gte-multilingual-reranker-base
2025-03-04 18:58:48,641 - INFO - INFO - MaskService initialized, embedding model: None
2025-03-04 18:59:11,647 - INFO - INFO - Received request: {'text': '2024年2月17日，李明在北京参加了第十届世界人工智能峰会。该活动由国际人工智能协会主办，并在国家会议中心举行。', 'mask_type': 'aes', 'mask_model': 'paddle', 'mask_field': ['日期', '姓名', '职业', '地区', '外国人名', '时间']}, task_id: 7e7fde57-d292-4427-ba04-45d557599783, text: 2024年2月17日，李明在北京参加了第..., mask_type: aes, mask_model: paddle, mask_field: ['日期', '姓名', '职业', '地区', '外国人名', '时间'], force_convert: None
2025-03-04 18:59:11,663 - INFO - INFO - Received request: {'text': '2024年2月17日，李明在北京参加了第十届世界人工智能峰会。该活动由国际人工智能协会主办，并在国家会议中心举行。', 'mask_type': 'asterisk', 'mask_model': 'paddle', 'mask_field': ['日期', '姓名', '职业', '地区', '外国人名', '时间']}, task_id: 2caf7bc7-228d-4480-9fd3-2ef527977578, text: 2024年2月17日，李明在北京参加了第..., mask_type: asterisk, mask_model: paddle, mask_field: ['日期', '姓名', '职业', '地区', '外国人名', '时间'], force_convert: None
2025-03-04 18:59:11,666 - INFO - INFO - Received request: {'text': '2024年2月17日，李明在北京参加了第十届世界人工智能峰会。该活动由国际人工智能协会主办，并在国家会议中心举行。', 'mask_type': 'delete', 'mask_model': 'paddle', 'mask_field': ['日期', '姓名', '职业', '地区', '外国人名', '时间']}, task_id: 39188295-d883-4a3a-814c-8d92e18e4bcd, text: 2024年2月17日，李明在北京参加了第..., mask_type: delete, mask_model: paddle, mask_field: ['日期', '姓名', '职业', '地区', '外国人名', '时间'], force_convert: None
2025-03-04 18:59:11,670 - INFO - INFO - Received request: {'text': '2024年2月17日，李明在北京参加了第十届世界人工智能峰会。该活动由国际人工智能协会主办，并在国家会议中心举行。', 'mask_type': 'similar', 'mask_model': 'paddle', 'mask_field': ['日期', '姓名', '职业', '地区', '外国人名', '时间'], 'force_convert': [['北京', '上海'], ['人工智能', 'AI']]}, task_id: 3963b06a-ca1a-486e-8ea4-31ace2f2d64e, text: 2024年2月17日，李明在北京参加了第..., mask_type: similar, mask_model: paddle, mask_field: ['日期', '姓名', '职业', '地区', '外国人名', '时间'], force_convert: [['北京', '上海'], ['人工智能', 'AI']]
2025-03-04 18:59:11,673 - INFO - INFO - Received request: {'text': '2024年2月17日，李明在北京参加了第十届世界人工智能峰会。该活动由国际人工智能协会主办，并在国家会议中心举行。', 'mask_type': 'invalid_type', 'mask_model': 'paddle', 'mask_field': ['日期', '姓名', '职业', '地区', '外国人名', '时间']}, task_id: 28d0c6ed-bfaa-4d9a-b969-cdf587429adf, text: 2024年2月17日，李明在北京参加了第..., mask_type: invalid_type, mask_model: paddle, mask_field: ['日期', '姓名', '职业', '地区', '外国人名', '时间'], force_convert: None
2025-03-04 18:59:11,677 - INFO - INFO - Received request: {'text': '2024年2月17日，李明在北京参加了第十届世界人工智能峰会。该活动由国际人工智能协会主办，并在国家会议中心举行。', 'mask_type': 'md5', 'mask_model': 'paddle', 'mask_field': ['日期', '姓名', '职业', '地区', '外国人名', '时间']}, task_id: 39e56c6f-c684-4e3c-8379-85a1724d09d5, text: 2024年2月17日，李明在北京参加了第..., mask_type: md5, mask_model: paddle, mask_field: ['日期', '姓名', '职业', '地区', '外国人名', '时间'], force_convert: None
2025-03-04 18:59:11,680 - INFO - INFO - Received request: {'text': '2024年2月17日，李明在北京参加了第十届世界人工智能峰会。该活动由国际人工智能协会主办，并在国家会议中心举行。', 'mask_type': 'sha256', 'mask_model': 'paddle', 'mask_field': ['日期', '姓名', '职业', '地区', '外国人名', '时间']}, task_id: e6e705cd-6220-440a-912e-0b896a507015, text: 2024年2月17日，李明在北京参加了第..., mask_type: sha256, mask_model: paddle, mask_field: ['日期', '姓名', '职业', '地区', '外国人名', '时间'], force_convert: None
2025-03-04 18:59:11,683 - INFO - INFO - Received request: {'text': '2024年2月17日，李明在北京参加了第十届世界人工智能峰会。该活动由国际人工智能协会主办，并在国家会议中心举行。', 'mask_type': 'similar', 'mask_model': 'paddle', 'mask_field': ['日期', '姓名', '职业', '地区', '外国人名', '时间']}, task_id: 43a666e7-ed96-4a4b-a0ee-8f410458f3b8, text: 2024年2月17日，李明在北京参加了第..., mask_type: similar, mask_model: paddle, mask_field: ['日期', '姓名', '职业', '地区', '外国人名', '时间'], force_convert: None
2025-03-04 18:59:11,686 - INFO - INFO - Received request: {'text': '2024年2月17日，李明在北京参加了第十届世界人工智能峰会。该活动由国际人工智能协会主办，并在国家会议中心举行。', 'mask_type': 'type_replace', 'mask_model': 'paddle', 'mask_field': ['日期', '姓名', '职业', '地区', '外国人名', '时间']}, task_id: 09f9e81e-6941-4f45-a47f-4993174bb897, text: 2024年2月17日，李明在北京参加了第..., mask_type: type_replace, mask_model: paddle, mask_field: ['日期', '姓名', '职业', '地区', '外国人名', '时间'], force_convert: None
2025-03-04 19:12:16,461 - INFO - INFO - Embedding模型加载中
2025-03-04 19:12:24,171 - INFO - INFO - Embedding模型加载完成, 模型路径: ./models/embedding
2025-03-04 19:12:25,988 - INFO - INFO - MaskService initialized, embedding model: SentenceTransformer(
  (0): Transformer({'max_seq_length': 512, 'do_lower_case': False}) with Transformer model: BertModel 
  (1): Pooling({'word_embedding_dimension': 1024, 'pooling_mode_cls_token': False, 'pooling_mode_mean_tokens': True, 'pooling_mode_max_tokens': False, 'pooling_mode_mean_sqrt_len_tokens': False, 'pooling_mode_weightedmean_tokens': False, 'pooling_mode_lasttoken': False, 'include_prompt': True})
  (2): Dense({'in_features': 1024, 'out_features': 1792, 'bias': True, 'activation_function': 'torch.nn.modules.linear.Identity'})
)
2025-03-04 19:12:25,988 - INFO - INFO - Rerank模型加载中
2025-03-04 19:12:27,716 - INFO - INFO - Rerank模型加载完成, 模型路径: /Users/yinbenxin/git/model/gte-multilingual-reranker-base
2025-03-04 19:12:29,381 - INFO - INFO - MaskService initialized, embedding model: None
2025-03-04 19:12:47,672 - INFO - INFO - Received request: {'text': '2024年2月17日，李明在北京参加了第十届世界人工智能峰会。该活动由国际人工智能协会主办，并在国家会议中心举行。', 'mask_type': 'aes', 'mask_model': 'paddle', 'mask_field': ['日期', '姓名', '职业', '地区', '外国人名', '时间']}, task_id: 8a0cb5f9-f6a6-408d-9893-886ad3404905, text: 2024年2月17日，李明在北京参加了第..., mask_type: aes, mask_model: paddle, mask_field: ['日期', '姓名', '职业', '地区', '外国人名', '时间'], force_convert: None
2025-03-04 19:12:47,692 - INFO - INFO - Received request: {'text': '2024年2月17日，李明在北京参加了第十届世界人工智能峰会。该活动由国际人工智能协会主办，并在国家会议中心举行。', 'mask_type': 'asterisk', 'mask_model': 'paddle', 'mask_field': ['日期', '姓名', '职业', '地区', '外国人名', '时间']}, task_id: 823c26b4-ecc2-4953-b8ba-d42757b8bf78, text: 2024年2月17日，李明在北京参加了第..., mask_type: asterisk, mask_model: paddle, mask_field: ['日期', '姓名', '职业', '地区', '外国人名', '时间'], force_convert: None
2025-03-04 19:12:47,707 - INFO - INFO - Received request: {'text': '2024年2月17日，李明在北京参加了第十届世界人工智能峰会。该活动由国际人工智能协会主办，并在国家会议中心举行。', 'mask_type': 'delete', 'mask_model': 'paddle', 'mask_field': ['日期', '姓名', '职业', '地区', '外国人名', '时间']}, task_id: 6c59d915-5d98-4b18-ba84-2e985a8afad7, text: 2024年2月17日，李明在北京参加了第..., mask_type: delete, mask_model: paddle, mask_field: ['日期', '姓名', '职业', '地区', '外国人名', '时间'], force_convert: None
2025-03-04 19:12:47,719 - INFO - INFO - Received request: {'text': '2024年2月17日，李明在北京参加了第十届世界人工智能峰会。该活动由国际人工智能协会主办，并在国家会议中心举行。', 'mask_type': 'similar', 'mask_model': 'paddle', 'mask_field': ['日期', '姓名', '职业', '地区', '外国人名', '时间'], 'force_convert': [['北京', '上海'], ['人工智能', 'AI']]}, task_id: dea62652-889c-4132-9304-650fee75ea73, text: 2024年2月17日，李明在北京参加了第..., mask_type: similar, mask_model: paddle, mask_field: ['日期', '姓名', '职业', '地区', '外国人名', '时间'], force_convert: [['北京', '上海'], ['人工智能', 'AI']]
2025-03-04 19:12:47,724 - INFO - INFO - Received request: {'text': '2024年2月17日，李明在北京参加了第十届世界人工智能峰会。该活动由国际人工智能协会主办，并在国家会议中心举行。', 'mask_type': 'invalid_type', 'mask_model': 'paddle', 'mask_field': ['日期', '姓名', '职业', '地区', '外国人名', '时间']}, task_id: 01030183-26cf-4e59-9f1f-bf4f6d45643c, text: 2024年2月17日，李明在北京参加了第..., mask_type: invalid_type, mask_model: paddle, mask_field: ['日期', '姓名', '职业', '地区', '外国人名', '时间'], force_convert: None
2025-03-04 19:12:47,730 - INFO - INFO - Received request: {'text': '2024年2月17日，李明在北京参加了第十届世界人工智能峰会。该活动由国际人工智能协会主办，并在国家会议中心举行。', 'mask_type': 'md5', 'mask_model': 'paddle', 'mask_field': ['日期', '姓名', '职业', '地区', '外国人名', '时间']}, task_id: f9a777dd-beb9-420d-ae60-c6540af3c697, text: 2024年2月17日，李明在北京参加了第..., mask_type: md5, mask_model: paddle, mask_field: ['日期', '姓名', '职业', '地区', '外国人名', '时间'], force_convert: None
2025-03-04 19:12:47,734 - INFO - INFO - Received request: {'text': '2024年2月17日，李明在北京参加了第十届世界人工智能峰会。该活动由国际人工智能协会主办，并在国家会议中心举行。', 'mask_type': 'sha256', 'mask_model': 'paddle', 'mask_field': ['日期', '姓名', '职业', '地区', '外国人名', '时间']}, task_id: 165f6cdf-53da-417f-b7a7-d7837d3e0aeb, text: 2024年2月17日，李明在北京参加了第..., mask_type: sha256, mask_model: paddle, mask_field: ['日期', '姓名', '职业', '地区', '外国人名', '时间'], force_convert: None
2025-03-04 19:12:47,741 - INFO - INFO - Received request: {'text': '2024年2月17日，李明在北京参加了第十届世界人工智能峰会。该活动由国际人工智能协会主办，并在国家会议中心举行。', 'mask_type': 'similar', 'mask_model': 'paddle', 'mask_field': ['日期', '姓名', '职业', '地区', '外国人名', '时间']}, task_id: c894bd02-5f95-4237-84a7-02bd84a77ca5, text: 2024年2月17日，李明在北京参加了第..., mask_type: similar, mask_model: paddle, mask_field: ['日期', '姓名', '职业', '地区', '外国人名', '时间'], force_convert: None
2025-03-04 19:12:47,747 - INFO - INFO - Received request: {'text': '2024年2月17日，李明在北京参加了第十届世界人工智能峰会。该活动由国际人工智能协会主办，并在国家会议中心举行。', 'mask_type': 'type_replace', 'mask_model': 'paddle', 'mask_field': ['日期', '姓名', '职业', '地区', '外国人名', '时间']}, task_id: 63b42be7-d2b0-4e43-a2b7-3eda17519d8b, text: 2024年2月17日，李明在北京参加了第..., mask_type: type_replace, mask_model: paddle, mask_field: ['日期', '姓名', '职业', '地区', '外国人名', '时间'], force_convert: None
2025-03-04 19:13:38,465 - INFO - INFO - Embedding模型加载中
2025-03-04 19:13:46,012 - INFO - INFO - Embedding模型加载完成, 模型路径: ./models/embedding
2025-03-04 19:13:47,805 - INFO - INFO - MaskService initialized, embedding model: SentenceTransformer(
  (0): Transformer({'max_seq_length': 512, 'do_lower_case': False}) with Transformer model: BertModel 
  (1): Pooling({'word_embedding_dimension': 1024, 'pooling_mode_cls_token': False, 'pooling_mode_mean_tokens': True, 'pooling_mode_max_tokens': False, 'pooling_mode_mean_sqrt_len_tokens': False, 'pooling_mode_weightedmean_tokens': False, 'pooling_mode_lasttoken': False, 'include_prompt': True})
  (2): Dense({'in_features': 1024, 'out_features': 1792, 'bias': True, 'activation_function': 'torch.nn.modules.linear.Identity'})
)
2025-03-04 19:13:47,805 - INFO - INFO - Rerank模型加载中
2025-03-04 19:13:49,562 - INFO - INFO - Rerank模型加载完成, 模型路径: /Users/yinbenxin/git/model/gte-multilingual-reranker-base
2025-03-04 19:13:51,192 - INFO - INFO - MaskService initialized, embedding model: None
2025-03-04 19:13:56,388 - INFO - INFO - Received request: {'text': '2024年2月17日，李明在北京参加了第十届世界人工智能峰会。该活动由国际人工智能协会主办，并在国家会议中心举行。', 'mask_type': 'aes', 'mask_model': 'paddle', 'mask_field': ['日期', '姓名', '职业', '地区', '外国人名', '时间']}, task_id: 70711b47-2776-432b-ac77-bc0a54ba7b52, text: 2024年2月17日，李明在北京参加了第..., mask_type: aes, mask_model: paddle, mask_field: ['日期', '姓名', '职业', '地区', '外国人名', '时间'], force_convert: None
2025-03-04 19:13:56,403 - INFO - INFO - Received request: {'text': '2024年2月17日，李明在北京参加了第十届世界人工智能峰会。该活动由国际人工智能协会主办，并在国家会议中心举行。', 'mask_type': 'asterisk', 'mask_model': 'paddle', 'mask_field': ['日期', '姓名', '职业', '地区', '外国人名', '时间']}, task_id: dc8d5e0b-10ec-4e5b-8bdf-30c88f2ec5a0, text: 2024年2月17日，李明在北京参加了第..., mask_type: asterisk, mask_model: paddle, mask_field: ['日期', '姓名', '职业', '地区', '外国人名', '时间'], force_convert: None
2025-03-04 19:13:56,406 - INFO - INFO - Received request: {'text': '2024年2月17日，李明在北京参加了第十届世界人工智能峰会。该活动由国际人工智能协会主办，并在国家会议中心举行。', 'mask_type': 'delete', 'mask_model': 'paddle', 'mask_field': ['日期', '姓名', '职业', '地区', '外国人名', '时间']}, task_id: a2bbef7b-dc57-4cb5-bde8-1a8cb2e378bc, text: 2024年2月17日，李明在北京参加了第..., mask_type: delete, mask_model: paddle, mask_field: ['日期', '姓名', '职业', '地区', '外国人名', '时间'], force_convert: None
2025-03-04 19:13:56,410 - INFO - INFO - Received request: {'text': '2024年2月17日，李明在北京参加了第十届世界人工智能峰会。该活动由国际人工智能协会主办，并在国家会议中心举行。', 'mask_type': 'similar', 'mask_model': 'paddle', 'mask_field': ['日期', '姓名', '职业', '地区', '外国人名', '时间'], 'force_convert': [['北京', '上海'], ['人工智能', 'AI']]}, task_id: 784d73b1-f805-414d-a0fe-5b1647bdd8ae, text: 2024年2月17日，李明在北京参加了第..., mask_type: similar, mask_model: paddle, mask_field: ['日期', '姓名', '职业', '地区', '外国人名', '时间'], force_convert: [['北京', '上海'], ['人工智能', 'AI']]
2025-03-04 19:13:56,413 - INFO - INFO - Received request: {'text': '2024年2月17日，李明在北京参加了第十届世界人工智能峰会。该活动由国际人工智能协会主办，并在国家会议中心举行。', 'mask_type': 'invalid_type', 'mask_model': 'paddle', 'mask_field': ['日期', '姓名', '职业', '地区', '外国人名', '时间']}, task_id: 9ee468c6-ac78-472f-912e-8a6081bb1ea3, text: 2024年2月17日，李明在北京参加了第..., mask_type: invalid_type, mask_model: paddle, mask_field: ['日期', '姓名', '职业', '地区', '外国人名', '时间'], force_convert: None
2025-03-04 19:13:56,417 - INFO - INFO - Received request: {'text': '2024年2月17日，李明在北京参加了第十届世界人工智能峰会。该活动由国际人工智能协会主办，并在国家会议中心举行。', 'mask_type': 'md5', 'mask_model': 'paddle', 'mask_field': ['日期', '姓名', '职业', '地区', '外国人名', '时间']}, task_id: 45e4b54a-b53c-46f9-b824-d9a91662677d, text: 2024年2月17日，李明在北京参加了第..., mask_type: md5, mask_model: paddle, mask_field: ['日期', '姓名', '职业', '地区', '外国人名', '时间'], force_convert: None
2025-03-04 19:13:56,421 - INFO - INFO - Received request: {'text': '2024年2月17日，李明在北京参加了第十届世界人工智能峰会。该活动由国际人工智能协会主办，并在国家会议中心举行。', 'mask_type': 'sha256', 'mask_model': 'paddle', 'mask_field': ['日期', '姓名', '职业', '地区', '外国人名', '时间']}, task_id: 8950d27c-e721-4658-96b9-7fb23a18793d, text: 2024年2月17日，李明在北京参加了第..., mask_type: sha256, mask_model: paddle, mask_field: ['日期', '姓名', '职业', '地区', '外国人名', '时间'], force_convert: None
2025-03-04 19:13:56,424 - INFO - INFO - Received request: {'text': '2024年2月17日，李明在北京参加了第十届世界人工智能峰会。该活动由国际人工智能协会主办，并在国家会议中心举行。', 'mask_type': 'similar', 'mask_model': 'paddle', 'mask_field': ['日期', '姓名', '职业', '地区', '外国人名', '时间']}, task_id: 0be15ce4-dd76-4053-a7d4-f2f7134a72a4, text: 2024年2月17日，李明在北京参加了第..., mask_type: similar, mask_model: paddle, mask_field: ['日期', '姓名', '职业', '地区', '外国人名', '时间'], force_convert: None
2025-03-04 19:13:56,428 - INFO - INFO - Received request: {'text': '2024年2月17日，李明在北京参加了第十届世界人工智能峰会。该活动由国际人工智能协会主办，并在国家会议中心举行。', 'mask_type': 'type_replace', 'mask_model': 'paddle', 'mask_field': ['日期', '姓名', '职业', '地区', '外国人名', '时间']}, task_id: d055ef9c-8aae-43a9-9535-9e274ab2cf02, text: 2024年2月17日，李明在北京参加了第..., mask_type: type_replace, mask_model: paddle, mask_field: ['日期', '姓名', '职业', '地区', '外国人名', '时间'], force_convert: None
2025-03-04 19:14:59,158 - INFO - INFO - Embedding模型加载中
2025-03-04 19:15:04,177 - INFO - INFO - Embedding模型加载中
2025-03-04 19:15:11,833 - INFO - INFO - Embedding模型加载完成, 模型路径: ./models/embedding
2025-03-04 19:15:13,675 - INFO - INFO - MaskService initialized, embedding model: SentenceTransformer(
  (0): Transformer({'max_seq_length': 512, 'do_lower_case': False}) with Transformer model: BertModel 
  (1): Pooling({'word_embedding_dimension': 1024, 'pooling_mode_cls_token': False, 'pooling_mode_mean_tokens': True, 'pooling_mode_max_tokens': False, 'pooling_mode_mean_sqrt_len_tokens': False, 'pooling_mode_weightedmean_tokens': False, 'pooling_mode_lasttoken': False, 'include_prompt': True})
  (2): Dense({'in_features': 1024, 'out_features': 1792, 'bias': True, 'activation_function': 'torch.nn.modules.linear.Identity'})
)
2025-03-04 19:15:13,675 - INFO - INFO - Rerank模型加载中
2025-03-04 19:15:15,508 - INFO - INFO - Rerank模型加载完成, 模型路径: /Users/yinbenxin/git/model/gte-multilingual-reranker-base
2025-03-04 19:15:17,244 - INFO - INFO - MaskService initialized, embedding model: None
2025-03-04 19:15:21,898 - INFO - INFO - Embedding模型加载中
2025-03-04 19:15:31,711 - INFO - INFO - Embedding模型加载完成, 模型路径: ./models/embedding
2025-03-04 19:15:33,481 - INFO - INFO - MaskService initialized, embedding model: SentenceTransformer(
  (0): Transformer({'max_seq_length': 512, 'do_lower_case': False}) with Transformer model: BertModel 
  (1): Pooling({'word_embedding_dimension': 1024, 'pooling_mode_cls_token': False, 'pooling_mode_mean_tokens': True, 'pooling_mode_max_tokens': False, 'pooling_mode_mean_sqrt_len_tokens': False, 'pooling_mode_weightedmean_tokens': False, 'pooling_mode_lasttoken': False, 'include_prompt': True})
  (2): Dense({'in_features': 1024, 'out_features': 1792, 'bias': True, 'activation_function': 'torch.nn.modules.linear.Identity'})
)
2025-03-04 19:15:33,481 - INFO - INFO - Rerank模型加载中
2025-03-04 19:15:35,689 - INFO - INFO - Rerank模型加载完成, 模型路径: /Users/yinbenxin/git/model/gte-multilingual-reranker-base
2025-03-04 19:15:37,198 - INFO - INFO - MaskService initialized, embedding model: None
2025-03-04 19:16:05,391 - INFO - INFO - Embedding模型加载中
2025-03-04 19:16:17,986 - INFO - INFO - Embedding模型加载完成, 模型路径: ./models/embedding
2025-03-04 19:16:19,629 - INFO - INFO - MaskService initialized, embedding model: SentenceTransformer(
  (0): Transformer({'max_seq_length': 512, 'do_lower_case': False}) with Transformer model: BertModel 
  (1): Pooling({'word_embedding_dimension': 1024, 'pooling_mode_cls_token': False, 'pooling_mode_mean_tokens': True, 'pooling_mode_max_tokens': False, 'pooling_mode_mean_sqrt_len_tokens': False, 'pooling_mode_weightedmean_tokens': False, 'pooling_mode_lasttoken': False, 'include_prompt': True})
)
2025-03-04 19:16:19,629 - INFO - INFO - Rerank模型加载中
2025-03-04 19:16:21,487 - INFO - INFO - Rerank模型加载完成, 模型路径: /Users/yinbenxin/git/model/gte-multilingual-reranker-base
2025-03-04 19:16:23,020 - INFO - INFO - MaskService initialized, embedding model: None
2025-03-04 19:17:34,703 - INFO - INFO - Embedding模型加载中
2025-03-04 19:17:42,189 - INFO - INFO - Embedding模型加载完成, 模型路径: TencentBAC/Conan-embedding-v1
2025-03-04 19:17:44,277 - INFO - INFO - MaskService initialized, embedding model: SentenceTransformer(
  (0): Transformer({'max_seq_length': 512, 'do_lower_case': False}) with Transformer model: BertModel 
  (1): Pooling({'word_embedding_dimension': 1024, 'pooling_mode_cls_token': False, 'pooling_mode_mean_tokens': True, 'pooling_mode_max_tokens': False, 'pooling_mode_mean_sqrt_len_tokens': False, 'pooling_mode_weightedmean_tokens': False, 'pooling_mode_lasttoken': False, 'include_prompt': True})
  (2): Dense({'in_features': 1024, 'out_features': 1792, 'bias': True, 'activation_function': 'torch.nn.modules.linear.Identity'})
)
2025-03-04 19:17:44,278 - INFO - INFO - Rerank模型加载中
2025-03-04 19:17:46,094 - INFO - INFO - Rerank模型加载完成, 模型路径: /Users/yinbenxin/git/model/gte-multilingual-reranker-base
2025-03-04 19:17:47,845 - INFO - INFO - MaskService initialized, embedding model: None
2025-03-04 19:19:14,506 - INFO - INFO - Embedding模型加载中
2025-03-04 19:19:22,070 - INFO - INFO - Embedding模型加载完成, 模型路径: ./models/embedding
2025-03-04 19:19:24,042 - INFO - INFO - MaskService initialized, embedding model: SentenceTransformer(
  (0): Transformer({'max_seq_length': 512, 'do_lower_case': False}) with Transformer model: BertModel 
  (1): Pooling({'word_embedding_dimension': 1024, 'pooling_mode_cls_token': False, 'pooling_mode_mean_tokens': True, 'pooling_mode_max_tokens': False, 'pooling_mode_mean_sqrt_len_tokens': False, 'pooling_mode_weightedmean_tokens': False, 'pooling_mode_lasttoken': False, 'include_prompt': True})
  (2): Dense({'in_features': 1024, 'out_features': 1792, 'bias': True, 'activation_function': 'torch.nn.modules.linear.Identity'})
)
2025-03-04 19:19:24,042 - INFO - INFO - Rerank模型加载中
2025-03-04 19:19:26,009 - INFO - INFO - Rerank模型加载完成, 模型路径: /Users/yinbenxin/git/model/gte-multilingual-reranker-base
2025-03-04 19:19:27,851 - INFO - INFO - MaskService initialized, embedding model: None
2025-03-04 19:19:32,198 - INFO - INFO - Embedding模型加载中
2025-03-04 19:19:45,588 - INFO - INFO - Embedding模型加载完成, 模型路径: ./models/embedding
2025-03-04 19:19:47,188 - INFO - INFO - MaskService initialized, embedding model: SentenceTransformer(
  (0): Transformer({'max_seq_length': 512, 'do_lower_case': False}) with Transformer model: BertModel 
  (1): Pooling({'word_embedding_dimension': 1024, 'pooling_mode_cls_token': False, 'pooling_mode_mean_tokens': True, 'pooling_mode_max_tokens': False, 'pooling_mode_mean_sqrt_len_tokens': False, 'pooling_mode_weightedmean_tokens': False, 'pooling_mode_lasttoken': False, 'include_prompt': True})
)
2025-03-04 19:19:47,188 - INFO - INFO - Rerank模型加载中
2025-03-04 19:19:49,389 - INFO - INFO - Rerank模型加载完成, 模型路径: /Users/yinbenxin/git/model/gte-multilingual-reranker-base
2025-03-04 19:19:50,949 - INFO - INFO - MaskService initialized, embedding model: None
2025-03-04 19:21:09,192 - INFO - INFO - Embedding模型加载中
2025-03-04 19:21:17,018 - INFO - INFO - Embedding模型加载完成, 模型路径: ./models/embedding
2025-03-04 19:21:18,974 - INFO - INFO - MaskService initialized, embedding model: SentenceTransformer(
  (0): Transformer({'max_seq_length': 512, 'do_lower_case': False}) with Transformer model: BertModel 
  (1): Pooling({'word_embedding_dimension': 1024, 'pooling_mode_cls_token': False, 'pooling_mode_mean_tokens': True, 'pooling_mode_max_tokens': False, 'pooling_mode_mean_sqrt_len_tokens': False, 'pooling_mode_weightedmean_tokens': False, 'pooling_mode_lasttoken': False, 'include_prompt': True})
  (2): Dense({'in_features': 1024, 'out_features': 1792, 'bias': True, 'activation_function': 'torch.nn.modules.linear.Identity'})
)
2025-03-04 19:21:18,975 - INFO - INFO - Rerank模型加载中
2025-03-04 19:21:20,799 - INFO - INFO - Rerank模型加载完成, 模型路径: /Users/yinbenxin/git/model/gte-multilingual-reranker-base
2025-03-04 19:21:22,290 - INFO - INFO - MaskService initialized, embedding model: None
2025-03-04 19:22:00,415 - INFO - INFO - Embedding模型加载中
2025-03-04 19:22:08,029 - INFO - INFO - Embedding模型加载完成, 模型路径: ./models/embedding
2025-03-04 19:22:09,985 - INFO - INFO - MaskService initialized, embedding model: SentenceTransformer(
  (0): Transformer({'max_seq_length': 512, 'do_lower_case': False}) with Transformer model: BertModel 
  (1): Pooling({'word_embedding_dimension': 1024, 'pooling_mode_cls_token': False, 'pooling_mode_mean_tokens': True, 'pooling_mode_max_tokens': False, 'pooling_mode_mean_sqrt_len_tokens': False, 'pooling_mode_weightedmean_tokens': False, 'pooling_mode_lasttoken': False, 'include_prompt': True})
  (2): Dense({'in_features': 1024, 'out_features': 1792, 'bias': True, 'activation_function': 'torch.nn.modules.linear.Identity'})
)
2025-03-04 19:22:09,985 - INFO - INFO - Rerank模型加载中
2025-03-04 19:22:11,845 - INFO - INFO - Rerank模型加载完成, 模型路径: /Users/yinbenxin/git/model/gte-multilingual-reranker-base
2025-03-04 19:22:13,510 - INFO - INFO - MaskService initialized, embedding model: None
2025-03-04 19:22:17,905 - INFO - INFO - Embedding模型加载中
2025-03-04 19:22:29,930 - INFO - INFO - Embedding模型加载完成, 模型路径: ./models/embedding
2025-03-04 19:22:31,799 - INFO - INFO - MaskService initialized, embedding model: SentenceTransformer(
  (0): Transformer({'max_seq_length': 512, 'do_lower_case': False}) with Transformer model: BertModel 
  (1): Pooling({'word_embedding_dimension': 1024, 'pooling_mode_cls_token': False, 'pooling_mode_mean_tokens': True, 'pooling_mode_max_tokens': False, 'pooling_mode_mean_sqrt_len_tokens': False, 'pooling_mode_weightedmean_tokens': False, 'pooling_mode_lasttoken': False, 'include_prompt': True})
)
2025-03-04 19:22:31,799 - INFO - INFO - Rerank模型加载中
2025-03-04 19:22:33,586 - INFO - INFO - Rerank模型加载完成, 模型路径: /Users/yinbenxin/git/model/gte-multilingual-reranker-base
2025-03-04 19:22:35,116 - INFO - INFO - MaskService initialized, embedding model: None
