2025-03-12 09:50:26,130 - INFO - INFO - Embedding模型加载中, 模型路径: /tmp/model/Conan-embedding-v1
2025-03-12 09:50:26,299 - INFO - INFO - Embedding模型加载完成, 模型路径: /tmp/model/Conan-embedding-v1
2025-03-12 09:50:26,299 - INFO - INFO - 信息抽取模型加载中, 模型路径: /tmp/model/uie-medium
2025-03-12 09:50:27,874 - INFO - INFO - 信息抽取模型加载完成, 模型路径: /tmp/model/uie-medium
2025-03-12 09:50:27,874 - INFO - INFO - MaskService initialized, embedding model: None
2025-03-12 09:50:27,898 - INFO - INFO - 加载模型：EMBEDDING_SMELL_ZH: /tmp/model/bge-small-zh
2025-03-12 09:50:28,183 - INFO - INFO - 加载模型完成
2025-03-12 09:50:28,365 - INFO - INFO - Rerank模型加载中, 模型路径: /tmp/model/gte-multilingual-reranker-base
2025-03-12 09:50:34,667 - INFO - INFO - Rerank模型加载完成, 模型路径: /tmp/model/gte-multilingual-reranker-base
2025-03-12 09:50:34,672 - INFO - INFO - 信息抽取模型加载中, 模型路径: /tmp/model/uie-medium
2025-03-12 09:50:35,839 - INFO - INFO - 信息抽取模型加载完成, 模型路径: /tmp/model/uie-medium
2025-03-12 09:50:35,839 - INFO - INFO - MaskService initialized, embedding model: None
2025-03-12 09:50:35,840 - INFO - INFO - 加载模型：EMBEDDING_SMELL_ZH: /tmp/model/bge-small-zh
2025-03-12 09:50:35,930 - INFO - INFO - 加载模型完成
2025-03-12 09:53:56,489 - INFO - INFO - Embedding模型加载中, 模型路径: /tmp/model/Conan-embedding-v1
2025-03-12 09:53:56,609 - INFO - INFO - Embedding模型加载完成, 模型路径: /tmp/model/Conan-embedding-v1
2025-03-12 09:53:56,610 - INFO - INFO - 信息抽取模型加载中, 模型路径: /tmp/model/uie-medium
2025-03-12 09:53:58,722 - INFO - INFO - 信息抽取模型加载完成, 模型路径: /tmp/model/uie-medium
2025-03-12 09:53:58,722 - INFO - INFO - MaskService initialized, embedding model: None
2025-03-12 09:53:58,744 - INFO - INFO - 加载模型：EMBEDDING_SMELL_ZH: /tmp/model/bge-small-zh
2025-03-12 09:53:58,898 - INFO - INFO - 加载模型完成
2025-03-12 09:53:59,045 - INFO - INFO - Rerank模型加载中, 模型路径: /tmp/model/gte-multilingual-reranker-base
2025-03-12 09:54:05,017 - INFO - INFO - Rerank模型加载完成, 模型路径: /tmp/model/gte-multilingual-reranker-base
2025-03-12 09:54:05,022 - INFO - INFO - 信息抽取模型加载中, 模型路径: /tmp/model/uie-medium
2025-03-12 09:54:06,194 - INFO - INFO - 信息抽取模型加载完成, 模型路径: /tmp/model/uie-medium
2025-03-12 09:54:06,194 - INFO - INFO - MaskService initialized, embedding model: None
2025-03-12 09:54:06,195 - INFO - INFO - 加载模型：EMBEDDING_SMELL_ZH: /tmp/model/bge-small-zh
2025-03-12 09:54:06,306 - INFO - INFO - 加载模型完成
2025-03-12 09:54:10,882 - INFO - INFO - Embedding模型加载中, 模型路径: /tmp/model/Conan-embedding-v1
2025-03-12 09:54:10,995 - INFO - INFO - Embedding模型加载完成, 模型路径: /tmp/model/Conan-embedding-v1
2025-03-12 09:54:10,995 - INFO - INFO - 信息抽取模型加载中, 模型路径: /tmp/model/uie-medium
2025-03-12 09:54:13,256 - INFO - INFO - 信息抽取模型加载完成, 模型路径: /tmp/model/uie-medium
2025-03-12 09:54:13,256 - INFO - INFO - MaskService initialized, embedding model: None
2025-03-12 09:54:13,280 - INFO - INFO - 加载模型：EMBEDDING_SMELL_ZH: /tmp/model/bge-small-zh
2025-03-12 09:54:13,374 - INFO - INFO - 加载模型完成
2025-03-12 09:54:13,502 - INFO - INFO - Rerank模型加载中, 模型路径: /tmp/model/gte-multilingual-reranker-base
2025-03-12 09:54:16,013 - INFO - INFO - Rerank模型加载完成, 模型路径: /tmp/model/gte-multilingual-reranker-base
2025-03-12 09:54:16,017 - INFO - INFO - 信息抽取模型加载中, 模型路径: /tmp/model/uie-medium
2025-03-12 09:54:17,183 - INFO - INFO - 信息抽取模型加载完成, 模型路径: /tmp/model/uie-medium
2025-03-12 09:54:17,183 - INFO - INFO - MaskService initialized, embedding model: None
2025-03-12 09:54:17,184 - INFO - INFO - 加载模型：EMBEDDING_SMELL_ZH: /tmp/model/bge-small-zh
2025-03-12 09:54:17,277 - INFO - INFO - 加载模型完成
2025-03-12 09:54:27,586 - INFO - INFO - Embedding模型加载中, 模型路径: /tmp/model/Conan-embedding-v1
2025-03-12 09:54:27,700 - INFO - INFO - Embedding模型加载完成, 模型路径: /tmp/model/Conan-embedding-v1
2025-03-12 09:54:27,700 - INFO - INFO - 信息抽取模型加载中, 模型路径: /tmp/model/uie-medium
2025-03-12 09:54:29,664 - INFO - INFO - 信息抽取模型加载完成, 模型路径: /tmp/model/uie-medium
2025-03-12 09:54:29,664 - INFO - INFO - MaskService initialized, embedding model: None
2025-03-12 09:54:29,686 - INFO - INFO - 加载模型：EMBEDDING_SMELL_ZH: /tmp/model/bge-small-zh
2025-03-12 09:54:29,783 - INFO - INFO - 加载模型完成
2025-03-12 09:54:29,909 - INFO - INFO - Rerank模型加载中, 模型路径: /tmp/model/gte-multilingual-reranker-base
2025-03-12 09:54:32,785 - INFO - INFO - Rerank模型加载完成, 模型路径: /tmp/model/gte-multilingual-reranker-base
2025-03-12 09:54:32,788 - INFO - INFO - 信息抽取模型加载中, 模型路径: /tmp/model/uie-medium
2025-03-12 09:54:33,899 - INFO - INFO - 信息抽取模型加载完成, 模型路径: /tmp/model/uie-medium
2025-03-12 09:54:33,899 - INFO - INFO - MaskService initialized, embedding model: None
2025-03-12 09:54:33,900 - INFO - INFO - 加载模型：EMBEDDING_SMELL_ZH: /tmp/model/bge-small-zh
2025-03-12 09:54:33,993 - INFO - INFO - 加载模型完成
2025-03-12 09:54:38,328 - INFO - INFO - Embedding模型加载中, 模型路径: /tmp/model/Conan-embedding-v1
2025-03-12 09:54:38,437 - INFO - INFO - Embedding模型加载完成, 模型路径: /tmp/model/Conan-embedding-v1
2025-03-12 09:54:38,437 - INFO - INFO - 信息抽取模型加载中, 模型路径: /tmp/model/uie-medium
2025-03-12 09:54:39,779 - INFO - INFO - 信息抽取模型加载完成, 模型路径: /tmp/model/uie-medium
2025-03-12 09:54:39,779 - INFO - INFO - MaskService initialized, embedding model: None
2025-03-12 09:54:39,799 - INFO - INFO - 加载模型：EMBEDDING_SMELL_ZH: /tmp/model/bge-small-zh
2025-03-12 09:54:39,899 - INFO - INFO - 加载模型完成
2025-03-12 09:54:40,019 - INFO - INFO - Rerank模型加载中, 模型路径: /tmp/model/gte-multilingual-reranker-base
2025-03-12 09:54:45,844 - INFO - INFO - Rerank模型加载完成, 模型路径: /tmp/model/gte-multilingual-reranker-base
2025-03-12 09:54:45,847 - INFO - INFO - 信息抽取模型加载中, 模型路径: /tmp/model/uie-medium
2025-03-12 09:54:46,924 - INFO - INFO - 信息抽取模型加载完成, 模型路径: /tmp/model/uie-medium
2025-03-12 09:54:46,924 - INFO - INFO - MaskService initialized, embedding model: None
2025-03-12 09:54:46,925 - INFO - INFO - 加载模型：EMBEDDING_SMELL_ZH: /tmp/model/bge-small-zh
2025-03-12 09:54:47,000 - INFO - INFO - 加载模型完成
2025-03-12 09:55:00,052 - INFO - INFO - Embedding模型加载中, 模型路径: /tmp/model/Conan-embedding-v1
2025-03-12 09:55:00,139 - INFO - INFO - Embedding模型加载完成, 模型路径: /tmp/model/Conan-embedding-v1
2025-03-12 09:55:00,140 - INFO - INFO - 信息抽取模型加载中, 模型路径: /tmp/model/uie-medium
2025-03-12 09:55:02,262 - INFO - INFO - 信息抽取模型加载完成, 模型路径: /tmp/model/uie-medium
2025-03-12 09:55:02,262 - INFO - INFO - MaskService initialized, embedding model: None
2025-03-12 09:55:02,278 - INFO - INFO - 加载模型：EMBEDDING_SMELL_ZH: /tmp/model/bge-small-zh
2025-03-12 09:55:02,378 - INFO - INFO - 加载模型完成
2025-03-12 09:55:02,499 - INFO - INFO - Rerank模型加载中, 模型路径: /tmp/model/gte-multilingual-reranker-base
2025-03-12 09:55:04,176 - INFO - INFO - Rerank模型加载完成, 模型路径: /tmp/model/gte-multilingual-reranker-base
2025-03-12 09:55:04,179 - INFO - INFO - 信息抽取模型加载中, 模型路径: /tmp/model/uie-medium
2025-03-12 09:55:05,272 - INFO - INFO - 信息抽取模型加载完成, 模型路径: /tmp/model/uie-medium
2025-03-12 09:55:05,272 - INFO - INFO - MaskService initialized, embedding model: None
2025-03-12 09:55:05,273 - INFO - INFO - 加载模型：EMBEDDING_SMELL_ZH: /tmp/model/bge-small-zh
2025-03-12 09:55:05,345 - INFO - INFO - 加载模型完成
2025-03-12 09:55:45,994 - INFO - INFO - Embedding模型加载中, 模型路径: /tmp/model/Conan-embedding-v1
2025-03-12 09:55:46,083 - INFO - INFO - Embedding模型加载完成, 模型路径: /tmp/model/Conan-embedding-v1
2025-03-12 09:55:46,083 - INFO - INFO - 信息抽取模型加载中, 模型路径: /tmp/model/uie-medium
2025-03-12 09:55:47,791 - INFO - INFO - 信息抽取模型加载完成, 模型路径: /tmp/model/uie-medium
2025-03-12 09:55:47,791 - INFO - INFO - MaskService initialized, embedding model: None
2025-03-12 09:55:47,815 - INFO - INFO - 加载模型：EMBEDDING_SMELL_ZH: /tmp/model/bge-small-zh
2025-03-12 09:55:47,919 - INFO - INFO - 加载模型完成
2025-03-12 09:55:48,041 - INFO - INFO - Rerank模型加载中, 模型路径: /tmp/model/gte-multilingual-reranker-base
2025-03-12 09:55:50,362 - INFO - INFO - Rerank模型加载完成, 模型路径: /tmp/model/gte-multilingual-reranker-base
2025-03-12 09:55:50,365 - INFO - INFO - 信息抽取模型加载中, 模型路径: /tmp/model/uie-medium
2025-03-12 09:55:51,481 - INFO - INFO - 信息抽取模型加载完成, 模型路径: /tmp/model/uie-medium
2025-03-12 09:55:51,481 - INFO - INFO - MaskService initialized, embedding model: None
2025-03-12 09:55:51,482 - INFO - INFO - 加载模型：EMBEDDING_SMELL_ZH: /tmp/model/bge-small-zh
2025-03-12 09:55:51,576 - INFO - INFO - 加载模型完成
2025-03-12 09:56:00,822 - INFO - INFO - Embedding模型加载中, 模型路径: /tmp/model/Conan-embedding-v1
2025-03-12 09:56:00,912 - INFO - INFO - Embedding模型加载完成, 模型路径: /tmp/model/Conan-embedding-v1
2025-03-12 09:56:00,912 - INFO - INFO - 信息抽取模型加载中, 模型路径: /tmp/model/uie-medium
2025-03-12 09:56:03,056 - INFO - INFO - 信息抽取模型加载完成, 模型路径: /tmp/model/uie-medium
2025-03-12 09:56:03,056 - INFO - INFO - MaskService initialized, embedding model: None
2025-03-12 09:56:03,074 - INFO - INFO - 加载模型：EMBEDDING_SMELL_ZH: /tmp/model/bge-small-zh
2025-03-12 09:56:03,174 - INFO - INFO - 加载模型完成
2025-03-12 09:56:03,296 - INFO - INFO - Rerank模型加载中, 模型路径: /tmp/model/gte-multilingual-reranker-base
2025-03-12 09:56:07,088 - INFO - INFO - Rerank模型加载完成, 模型路径: /tmp/model/gte-multilingual-reranker-base
2025-03-12 09:56:07,091 - INFO - INFO - 信息抽取模型加载中, 模型路径: /tmp/model/uie-medium
2025-03-12 09:56:08,218 - INFO - INFO - 信息抽取模型加载完成, 模型路径: /tmp/model/uie-medium
2025-03-12 09:56:08,218 - INFO - INFO - MaskService initialized, embedding model: None
2025-03-12 09:56:08,219 - INFO - INFO - 加载模型：EMBEDDING_SMELL_ZH: /tmp/model/bge-small-zh
2025-03-12 09:56:08,311 - INFO - INFO - 加载模型完成
2025-03-12 09:56:08,445 - INFO - INFO - OCR模型加载完成，使用设备: cpu
2025-03-12 10:00:07,590 - INFO - INFO - Embedding模型加载中, 模型路径: /tmp/model/Conan-embedding-v1
2025-03-12 10:00:07,739 - INFO - INFO - Embedding模型加载完成, 模型路径: /tmp/model/Conan-embedding-v1
2025-03-12 10:00:07,740 - INFO - INFO - 信息抽取模型加载中, 模型路径: /tmp/model/uie-medium
2025-03-12 10:00:09,930 - INFO - INFO - 信息抽取模型加载完成, 模型路径: /tmp/model/uie-medium
2025-03-12 10:00:09,930 - INFO - INFO - MaskService initialized, embedding model: None
2025-03-12 10:00:09,955 - INFO - INFO - 加载模型：EMBEDDING_SMELL_ZH: /tmp/model/bge-small-zh
2025-03-12 10:00:10,235 - INFO - INFO - 加载模型完成
2025-03-12 10:00:10,359 - INFO - INFO - Rerank模型加载中, 模型路径: /tmp/model/gte-multilingual-reranker-base
2025-03-12 10:00:11,986 - INFO - INFO - Rerank模型加载完成, 模型路径: /tmp/model/gte-multilingual-reranker-base
2025-03-12 10:00:11,990 - INFO - INFO - 信息抽取模型加载中, 模型路径: /tmp/model/uie-medium
2025-03-12 10:00:13,180 - INFO - INFO - 信息抽取模型加载完成, 模型路径: /tmp/model/uie-medium
2025-03-12 10:00:13,180 - INFO - INFO - MaskService initialized, embedding model: None
2025-03-12 10:00:13,181 - INFO - INFO - 加载模型：EMBEDDING_SMELL_ZH: /tmp/model/bge-small-zh
2025-03-12 10:00:13,278 - INFO - INFO - 加载模型完成
2025-03-12 10:00:13,389 - INFO - INFO - OCR模型加载完成，使用设备: cpu
2025-03-12 10:00:19,689 - INFO - INFO - Embedding模型加载中, 模型路径: /tmp/model/Conan-embedding-v1
2025-03-12 10:00:19,802 - INFO - INFO - Embedding模型加载完成, 模型路径: /tmp/model/Conan-embedding-v1
2025-03-12 10:00:19,802 - INFO - INFO - 信息抽取模型加载中, 模型路径: /tmp/model/uie-medium
2025-03-12 10:00:22,148 - INFO - INFO - 信息抽取模型加载完成, 模型路径: /tmp/model/uie-medium
2025-03-12 10:00:22,148 - INFO - INFO - MaskService initialized, embedding model: None
2025-03-12 10:00:22,164 - INFO - INFO - 加载模型：EMBEDDING_SMELL_ZH: /tmp/model/bge-small-zh
2025-03-12 10:00:22,261 - INFO - INFO - 加载模型完成
2025-03-12 10:00:22,383 - INFO - INFO - Rerank模型加载中, 模型路径: /tmp/model/gte-multilingual-reranker-base
2025-03-12 10:00:24,027 - INFO - INFO - Rerank模型加载完成, 模型路径: /tmp/model/gte-multilingual-reranker-base
2025-03-12 10:00:24,031 - INFO - INFO - 信息抽取模型加载中, 模型路径: /tmp/model/uie-medium
2025-03-12 10:00:25,166 - INFO - INFO - 信息抽取模型加载完成, 模型路径: /tmp/model/uie-medium
2025-03-12 10:00:25,166 - INFO - INFO - MaskService initialized, embedding model: None
2025-03-12 10:00:25,167 - INFO - INFO - 加载模型：EMBEDDING_SMELL_ZH: /tmp/model/bge-small-zh
2025-03-12 10:00:25,256 - INFO - INFO - 加载模型完成
2025-03-12 10:00:25,367 - INFO - INFO - OCR模型加载完成，使用设备: cpu
2025-03-12 10:18:17,778 - INFO - INFO - Embedding模型加载中, 模型路径: /tmp/model/Conan-embedding-v1
2025-03-12 10:18:17,923 - INFO - INFO - Embedding模型加载完成, 模型路径: /tmp/model/Conan-embedding-v1
2025-03-12 10:18:17,923 - INFO - INFO - 信息抽取模型加载中, 模型路径: /tmp/model/uie-medium
2025-03-12 10:18:19,958 - INFO - INFO - 信息抽取模型加载完成, 模型路径: /tmp/model/uie-medium
2025-03-12 10:18:19,958 - INFO - INFO - MaskService initialized, embedding model: None
2025-03-12 10:18:19,978 - INFO - INFO - 加载模型：EMBEDDING_SMELL_ZH: /tmp/model/bge-small-zh
2025-03-12 10:18:20,288 - INFO - INFO - 加载模型完成
2025-03-12 10:18:20,456 - INFO - INFO - Rerank模型加载中, 模型路径: /tmp/model/gte-multilingual-reranker-base
2025-03-12 10:18:22,575 - INFO - INFO - Rerank模型加载完成, 模型路径: /tmp/model/gte-multilingual-reranker-base
2025-03-12 10:18:22,579 - INFO - INFO - 信息抽取模型加载中, 模型路径: /tmp/model/uie-medium
2025-03-12 10:18:23,760 - INFO - INFO - 信息抽取模型加载完成, 模型路径: /tmp/model/uie-medium
2025-03-12 10:18:23,760 - INFO - INFO - MaskService initialized, embedding model: None
2025-03-12 10:18:23,762 - INFO - INFO - 加载模型：EMBEDDING_SMELL_ZH: /tmp/model/bge-small-zh
2025-03-12 10:18:23,856 - INFO - INFO - 加载模型完成
2025-03-12 10:18:23,974 - INFO - INFO - OCR模型加载完成，使用设备: cpu
2025-03-12 10:18:41,688 - INFO - INFO - 开始处理图片: app/tests/data/ocr发展史.png
2025-03-12 10:18:41,699 - INFO - ERROR - 图片文本提取失败: operands could not be broadcast together with shapes (352,960,4) (1,1,3) 
2025-03-12 10:18:41,699 - INFO - ERROR - 图片处理失败: 图片文本提取失败: operands could not be broadcast together with shapes (352,960,4) (1,1,3) 
2025-03-12 10:18:41,718 - INFO - INFO - 开始处理图片: /path/to/nonexistent/image.jpg
2025-03-12 10:18:41,718 - INFO - ERROR - 无法读取图片: /path/to/nonexistent/image.jpg
2025-03-12 10:18:41,718 - INFO - ERROR - 图片文本提取失败: 无法读取图片，请检查路径是否正确
2025-03-12 10:18:41,718 - INFO - ERROR - 图片处理失败: 图片文本提取失败: 无法读取图片，请检查路径是否正确
2025-03-12 10:21:13,205 - INFO - INFO - Embedding模型加载中, 模型路径: /tmp/model/Conan-embedding-v1
2025-03-12 10:21:13,352 - INFO - INFO - Embedding模型加载完成, 模型路径: /tmp/model/Conan-embedding-v1
2025-03-12 10:21:13,352 - INFO - INFO - 信息抽取模型加载中, 模型路径: /tmp/model/uie-medium
2025-03-12 10:21:14,749 - INFO - INFO - 信息抽取模型加载完成, 模型路径: /tmp/model/uie-medium
2025-03-12 10:21:14,750 - INFO - INFO - MaskService initialized, embedding model: None
2025-03-12 10:21:14,772 - INFO - INFO - 加载模型：EMBEDDING_SMELL_ZH: /tmp/model/bge-small-zh
2025-03-12 10:21:14,886 - INFO - INFO - 加载模型完成
2025-03-12 10:21:15,019 - INFO - INFO - Rerank模型加载中, 模型路径: /tmp/model/gte-multilingual-reranker-base
2025-03-12 10:21:17,112 - INFO - INFO - Rerank模型加载完成, 模型路径: /tmp/model/gte-multilingual-reranker-base
2025-03-12 10:21:17,117 - INFO - INFO - 信息抽取模型加载中, 模型路径: /tmp/model/uie-medium
2025-03-12 10:21:18,277 - INFO - INFO - 信息抽取模型加载完成, 模型路径: /tmp/model/uie-medium
2025-03-12 10:21:18,277 - INFO - INFO - MaskService initialized, embedding model: None
2025-03-12 10:21:18,278 - INFO - INFO - 加载模型：EMBEDDING_SMELL_ZH: /tmp/model/bge-small-zh
2025-03-12 10:21:18,387 - INFO - INFO - 加载模型完成
2025-03-12 10:21:18,501 - INFO - INFO - OCR模型加载完成，使用设备: cpu
2025-03-12 10:21:22,249 - INFO - INFO - Embedding模型加载中, 模型路径: /tmp/model/Conan-embedding-v1
2025-03-12 10:21:22,338 - INFO - INFO - Embedding模型加载完成, 模型路径: /tmp/model/Conan-embedding-v1
2025-03-12 10:21:22,338 - INFO - INFO - 信息抽取模型加载中, 模型路径: /tmp/model/uie-medium
2025-03-12 10:21:25,380 - INFO - INFO - 信息抽取模型加载完成, 模型路径: /tmp/model/uie-medium
2025-03-12 10:21:25,380 - INFO - INFO - MaskService initialized, embedding model: None
2025-03-12 10:21:25,396 - INFO - INFO - 加载模型：EMBEDDING_SMELL_ZH: /tmp/model/bge-small-zh
2025-03-12 10:21:25,495 - INFO - INFO - 加载模型完成
2025-03-12 10:21:25,622 - INFO - INFO - Rerank模型加载中, 模型路径: /tmp/model/gte-multilingual-reranker-base
2025-03-12 10:21:27,779 - INFO - INFO - Rerank模型加载完成, 模型路径: /tmp/model/gte-multilingual-reranker-base
2025-03-12 10:21:27,782 - INFO - INFO - 信息抽取模型加载中, 模型路径: /tmp/model/uie-medium
2025-03-12 10:21:28,899 - INFO - INFO - 信息抽取模型加载完成, 模型路径: /tmp/model/uie-medium
2025-03-12 10:21:28,899 - INFO - INFO - MaskService initialized, embedding model: None
2025-03-12 10:21:28,900 - INFO - INFO - 加载模型：EMBEDDING_SMELL_ZH: /tmp/model/bge-small-zh
2025-03-12 10:21:28,989 - INFO - INFO - 加载模型完成
2025-03-12 10:21:29,099 - INFO - INFO - OCR模型加载完成，使用设备: cpu
2025-03-12 10:21:47,299 - INFO - INFO - Embedding模型加载中, 模型路径: /tmp/model/Conan-embedding-v1
2025-03-12 10:21:47,387 - INFO - INFO - Embedding模型加载完成, 模型路径: /tmp/model/Conan-embedding-v1
2025-03-12 10:21:47,387 - INFO - INFO - 信息抽取模型加载中, 模型路径: /tmp/model/uie-medium
2025-03-12 10:21:51,154 - INFO - INFO - Embedding模型加载中, 模型路径: /tmp/model/Conan-embedding-v1
2025-03-12 10:21:51,286 - INFO - INFO - Embedding模型加载完成, 模型路径: /tmp/model/Conan-embedding-v1
2025-03-12 10:21:51,286 - INFO - INFO - 信息抽取模型加载中, 模型路径: /tmp/model/uie-medium
2025-03-12 10:21:52,875 - INFO - INFO - 信息抽取模型加载完成, 模型路径: /tmp/model/uie-medium
2025-03-12 10:21:52,875 - INFO - INFO - MaskService initialized, embedding model: None
2025-03-12 10:21:52,892 - INFO - INFO - 加载模型：EMBEDDING_SMELL_ZH: /tmp/model/bge-small-zh
2025-03-12 10:21:52,991 - INFO - INFO - 加载模型完成
2025-03-12 10:21:53,126 - INFO - INFO - Rerank模型加载中, 模型路径: /tmp/model/gte-multilingual-reranker-base
2025-03-12 10:21:55,427 - INFO - INFO - Rerank模型加载完成, 模型路径: /tmp/model/gte-multilingual-reranker-base
2025-03-12 10:21:55,431 - INFO - INFO - 信息抽取模型加载中, 模型路径: /tmp/model/uie-medium
2025-03-12 10:21:56,622 - INFO - INFO - 信息抽取模型加载完成, 模型路径: /tmp/model/uie-medium
2025-03-12 10:21:56,622 - INFO - INFO - MaskService initialized, embedding model: None
2025-03-12 10:21:56,623 - INFO - INFO - 加载模型：EMBEDDING_SMELL_ZH: /tmp/model/bge-small-zh
2025-03-12 10:21:56,714 - INFO - INFO - 加载模型完成
2025-03-12 10:22:00,798 - INFO - INFO - Embedding模型加载中, 模型路径: /tmp/model/Conan-embedding-v1
2025-03-12 10:22:00,886 - INFO - INFO - Embedding模型加载完成, 模型路径: /tmp/model/Conan-embedding-v1
2025-03-12 10:22:00,886 - INFO - INFO - 信息抽取模型加载中, 模型路径: /tmp/model/uie-medium
2025-03-12 10:22:04,868 - INFO - INFO - Embedding模型加载中, 模型路径: /tmp/model/Conan-embedding-v1
2025-03-12 10:22:04,999 - INFO - INFO - Embedding模型加载完成, 模型路径: /tmp/model/Conan-embedding-v1
2025-03-12 10:22:04,999 - INFO - INFO - 信息抽取模型加载中, 模型路径: /tmp/model/uie-medium
2025-03-12 10:22:09,885 - INFO - INFO - Embedding模型加载中, 模型路径: /tmp/model/Conan-embedding-v1
2025-03-12 10:22:09,977 - INFO - INFO - Embedding模型加载完成, 模型路径: /tmp/model/Conan-embedding-v1
2025-03-12 10:22:09,977 - INFO - INFO - 信息抽取模型加载中, 模型路径: /tmp/model/uie-medium
2025-03-12 10:22:11,766 - INFO - INFO - 信息抽取模型加载完成, 模型路径: /tmp/model/uie-medium
2025-03-12 10:22:11,766 - INFO - INFO - MaskService initialized, embedding model: None
2025-03-12 10:22:11,789 - INFO - INFO - 加载模型：EMBEDDING_SMELL_ZH: /tmp/model/bge-small-zh
2025-03-12 10:22:11,888 - INFO - INFO - 加载模型完成
2025-03-12 10:22:12,030 - INFO - INFO - Rerank模型加载中, 模型路径: /tmp/model/gte-multilingual-reranker-base
2025-03-12 10:22:14,265 - INFO - INFO - Rerank模型加载完成, 模型路径: /tmp/model/gte-multilingual-reranker-base
2025-03-12 10:22:14,268 - INFO - INFO - 信息抽取模型加载中, 模型路径: /tmp/model/uie-medium
2025-03-12 10:22:15,397 - INFO - INFO - 信息抽取模型加载完成, 模型路径: /tmp/model/uie-medium
2025-03-12 10:22:15,397 - INFO - INFO - MaskService initialized, embedding model: None
2025-03-12 10:22:15,398 - INFO - INFO - 加载模型：EMBEDDING_SMELL_ZH: /tmp/model/bge-small-zh
2025-03-12 10:22:15,487 - INFO - INFO - 加载模型完成
2025-03-12 10:22:15,612 - INFO - INFO - OCR模型加载完成，使用设备: cpu
2025-03-12 10:22:21,627 - INFO - INFO - Embedding模型加载中, 模型路径: /tmp/model/Conan-embedding-v1
2025-03-12 10:22:21,714 - INFO - INFO - Embedding模型加载完成, 模型路径: /tmp/model/Conan-embedding-v1
2025-03-12 10:22:21,714 - INFO - INFO - 信息抽取模型加载中, 模型路径: /tmp/model/uie-medium
2025-03-12 10:22:23,807 - INFO - INFO - 信息抽取模型加载完成, 模型路径: /tmp/model/uie-medium
2025-03-12 10:22:23,807 - INFO - INFO - MaskService initialized, embedding model: None
2025-03-12 10:22:23,823 - INFO - INFO - 加载模型：EMBEDDING_SMELL_ZH: /tmp/model/bge-small-zh
2025-03-12 10:22:23,921 - INFO - INFO - 加载模型完成
2025-03-12 10:22:24,040 - INFO - INFO - Rerank模型加载中, 模型路径: /tmp/model/gte-multilingual-reranker-base
2025-03-12 10:22:26,353 - INFO - INFO - Rerank模型加载完成, 模型路径: /tmp/model/gte-multilingual-reranker-base
2025-03-12 10:22:26,357 - INFO - INFO - 信息抽取模型加载中, 模型路径: /tmp/model/uie-medium
2025-03-12 10:22:27,455 - INFO - INFO - 信息抽取模型加载完成, 模型路径: /tmp/model/uie-medium
2025-03-12 10:22:27,455 - INFO - INFO - MaskService initialized, embedding model: None
2025-03-12 10:22:27,456 - INFO - INFO - 加载模型：EMBEDDING_SMELL_ZH: /tmp/model/bge-small-zh
2025-03-12 10:22:27,525 - INFO - INFO - 加载模型完成
2025-03-12 10:22:27,628 - INFO - INFO - OCR模型加载完成，使用设备: cpu
2025-03-12 10:22:30,872 - INFO - INFO - Embedding模型加载中, 模型路径: /tmp/model/Conan-embedding-v1
2025-03-12 10:22:30,962 - INFO - INFO - Embedding模型加载完成, 模型路径: /tmp/model/Conan-embedding-v1
2025-03-12 10:22:30,963 - INFO - INFO - 信息抽取模型加载中, 模型路径: /tmp/model/uie-medium
2025-03-12 10:22:32,304 - INFO - INFO - 信息抽取模型加载完成, 模型路径: /tmp/model/uie-medium
2025-03-12 10:22:32,304 - INFO - INFO - MaskService initialized, embedding model: None
2025-03-12 10:22:32,322 - INFO - INFO - 加载模型：EMBEDDING_SMELL_ZH: /tmp/model/bge-small-zh
2025-03-12 10:22:32,417 - INFO - INFO - 加载模型完成
2025-03-12 10:22:32,539 - INFO - INFO - Rerank模型加载中, 模型路径: /tmp/model/gte-multilingual-reranker-base
2025-03-12 10:22:35,968 - INFO - INFO - Rerank模型加载完成, 模型路径: /tmp/model/gte-multilingual-reranker-base
2025-03-12 10:22:35,971 - INFO - INFO - 信息抽取模型加载中, 模型路径: /tmp/model/uie-medium
2025-03-12 10:22:37,086 - INFO - INFO - 信息抽取模型加载完成, 模型路径: /tmp/model/uie-medium
2025-03-12 10:22:37,086 - INFO - INFO - MaskService initialized, embedding model: None
2025-03-12 10:22:37,087 - INFO - INFO - 加载模型：EMBEDDING_SMELL_ZH: /tmp/model/bge-small-zh
2025-03-12 10:22:37,155 - INFO - INFO - 加载模型完成
2025-03-12 10:22:37,246 - INFO - INFO - OCR模型加载完成，使用设备: cpu
2025-03-12 10:22:44,672 - INFO - INFO - 开始处理图片: app/tests/data/ocr发展史.png
2025-03-12 10:22:45,426 - INFO - INFO - 图片处理完成: app/tests/data/ocr发展史.png
2025-03-12 10:22:45,429 - INFO - INFO - 开始处理图片: /path/to/nonexistent/image.jpg
2025-03-12 10:22:45,429 - INFO - ERROR - 无法读取图片: /path/to/nonexistent/image.jpg
2025-03-12 10:22:45,429 - INFO - ERROR - 图片文本提取失败: 无法读取图片，请检查路径是否正确
2025-03-12 10:22:45,429 - INFO - ERROR - 图片处理失败: 图片文本提取失败: 无法读取图片，请检查路径是否正确
2025-03-12 10:22:55,274 - INFO - INFO - 开始处理图片: app/tests/data/ocr发展史.png
2025-03-12 10:22:56,010 - INFO - INFO - 图片处理完成: app/tests/data/ocr发展史.png
2025-03-12 10:22:56,012 - INFO - INFO - 开始处理图片: /path/to/nonexistent/image.jpg
2025-03-12 10:22:56,012 - INFO - ERROR - 无法读取图片: /path/to/nonexistent/image.jpg
2025-03-12 10:22:56,013 - INFO - ERROR - 图片文本提取失败: 无法读取图片，请检查路径是否正确
2025-03-12 10:22:56,013 - INFO - ERROR - 图片处理失败: 图片文本提取失败: 无法读取图片，请检查路径是否正确
2025-03-12 10:22:59,579 - INFO - INFO - 开始处理图片: app/tests/data/ocr发展史.png
2025-03-12 10:23:00,311 - INFO - INFO - 图片处理完成: app/tests/data/ocr发展史.png
2025-03-12 10:23:00,314 - INFO - INFO - 开始处理图片: /path/to/nonexistent/image.jpg
2025-03-12 10:23:00,315 - INFO - ERROR - 无法读取图片: /path/to/nonexistent/image.jpg
2025-03-12 10:23:00,315 - INFO - ERROR - 图片文本提取失败: 无法读取图片，请检查路径是否正确
2025-03-12 10:23:00,315 - INFO - ERROR - 图片处理失败: 图片文本提取失败: 无法读取图片，请检查路径是否正确
2025-03-12 10:25:37,044 - INFO - INFO - Embedding模型加载中, 模型路径: /tmp/model/Conan-embedding-v1
2025-03-12 10:25:37,155 - INFO - INFO - Embedding模型加载完成, 模型路径: /tmp/model/Conan-embedding-v1
2025-03-12 10:25:37,155 - INFO - INFO - 信息抽取模型加载中, 模型路径: /tmp/model/uie-medium
2025-03-12 10:25:38,758 - INFO - INFO - 信息抽取模型加载完成, 模型路径: /tmp/model/uie-medium
2025-03-12 10:25:38,758 - INFO - INFO - MaskService initialized, embedding model: None
2025-03-12 10:25:38,778 - INFO - INFO - 加载模型：EMBEDDING_SMELL_ZH: /tmp/model/bge-small-zh
2025-03-12 10:25:38,878 - INFO - INFO - 加载模型完成
2025-03-12 10:25:39,007 - INFO - INFO - Rerank模型加载中, 模型路径: /tmp/model/gte-multilingual-reranker-base
2025-03-12 10:25:41,182 - INFO - INFO - Rerank模型加载完成, 模型路径: /tmp/model/gte-multilingual-reranker-base
2025-03-12 10:25:41,187 - INFO - INFO - 信息抽取模型加载中, 模型路径: /tmp/model/uie-medium
2025-03-12 10:25:42,368 - INFO - INFO - 信息抽取模型加载完成, 模型路径: /tmp/model/uie-medium
2025-03-12 10:25:42,368 - INFO - INFO - MaskService initialized, embedding model: None
2025-03-12 10:25:42,369 - INFO - INFO - 加载模型：EMBEDDING_SMELL_ZH: /tmp/model/bge-small-zh
2025-03-12 10:25:42,459 - INFO - INFO - 加载模型完成
2025-03-12 10:25:42,576 - INFO - INFO - OCR模型加载完成，使用设备: cpu
2025-03-12 10:26:05,420 - INFO - INFO - Embedding模型加载中, 模型路径: /tmp/model/Conan-embedding-v1
2025-03-12 10:26:05,527 - INFO - INFO - Embedding模型加载完成, 模型路径: /tmp/model/Conan-embedding-v1
2025-03-12 10:26:05,527 - INFO - INFO - 信息抽取模型加载中, 模型路径: /tmp/model/uie-medium
2025-03-12 10:26:07,910 - INFO - INFO - 信息抽取模型加载完成, 模型路径: /tmp/model/uie-medium
2025-03-12 10:26:07,913 - INFO - INFO - MaskService initialized, embedding model: None
2025-03-12 10:26:07,957 - INFO - INFO - 加载模型：EMBEDDING_SMELL_ZH: /tmp/model/bge-small-zh
2025-03-12 10:26:08,048 - INFO - INFO - 加载模型完成
2025-03-12 10:26:08,182 - INFO - INFO - Rerank模型加载中, 模型路径: /tmp/model/gte-multilingual-reranker-base
2025-03-12 10:26:11,063 - INFO - INFO - Rerank模型加载完成, 模型路径: /tmp/model/gte-multilingual-reranker-base
2025-03-12 10:26:11,067 - INFO - INFO - 信息抽取模型加载中, 模型路径: /tmp/model/uie-medium
2025-03-12 10:26:12,221 - INFO - INFO - 信息抽取模型加载完成, 模型路径: /tmp/model/uie-medium
2025-03-12 10:26:12,222 - INFO - INFO - MaskService initialized, embedding model: None
2025-03-12 10:26:12,222 - INFO - INFO - 加载模型：EMBEDDING_SMELL_ZH: /tmp/model/bge-small-zh
2025-03-12 10:26:12,317 - INFO - INFO - 加载模型完成
2025-03-12 10:26:12,435 - INFO - INFO - OCR模型加载完成，使用设备: cpu
2025-03-12 10:27:02,560 - INFO - INFO - Embedding模型加载中, 模型路径: /tmp/model/Conan-embedding-v1
2025-03-12 10:27:02,675 - INFO - INFO - Embedding模型加载完成, 模型路径: /tmp/model/Conan-embedding-v1
2025-03-12 10:27:02,675 - INFO - INFO - 信息抽取模型加载中, 模型路径: /tmp/model/uie-medium
2025-03-12 10:27:04,306 - INFO - INFO - 信息抽取模型加载完成, 模型路径: /tmp/model/uie-medium
2025-03-12 10:27:04,306 - INFO - INFO - MaskService initialized, embedding model: None
2025-03-12 10:27:04,322 - INFO - INFO - 加载模型：EMBEDDING_SMELL_ZH: /tmp/model/bge-small-zh
2025-03-12 10:27:04,414 - INFO - INFO - 加载模型完成
2025-03-12 10:27:04,533 - INFO - INFO - Rerank模型加载中, 模型路径: /tmp/model/gte-multilingual-reranker-base
2025-03-12 10:27:06,608 - INFO - INFO - Rerank模型加载完成, 模型路径: /tmp/model/gte-multilingual-reranker-base
2025-03-12 10:27:06,612 - INFO - INFO - 信息抽取模型加载中, 模型路径: /tmp/model/uie-medium
2025-03-12 10:27:07,745 - INFO - INFO - 信息抽取模型加载完成, 模型路径: /tmp/model/uie-medium
2025-03-12 10:27:07,745 - INFO - INFO - MaskService initialized, embedding model: None
2025-03-12 10:27:07,745 - INFO - INFO - 加载模型：EMBEDDING_SMELL_ZH: /tmp/model/bge-small-zh
2025-03-12 10:27:07,824 - INFO - INFO - 加载模型完成
2025-03-12 10:27:07,947 - INFO - INFO - OCR模型加载完成，使用设备: cpu
2025-03-12 10:27:36,820 - INFO - INFO - Embedding模型加载中, 模型路径: /tmp/model/Conan-embedding-v1
2025-03-12 10:27:36,906 - INFO - INFO - Embedding模型加载完成, 模型路径: /tmp/model/Conan-embedding-v1
2025-03-12 10:27:36,906 - INFO - INFO - 信息抽取模型加载中, 模型路径: /tmp/model/uie-medium
2025-03-12 10:27:38,317 - INFO - INFO - 信息抽取模型加载完成, 模型路径: /tmp/model/uie-medium
2025-03-12 10:27:38,317 - INFO - INFO - MaskService initialized, embedding model: None
2025-03-12 10:27:38,333 - INFO - INFO - 加载模型：EMBEDDING_SMELL_ZH: /tmp/model/bge-small-zh
2025-03-12 10:27:38,429 - INFO - INFO - 加载模型完成
2025-03-12 10:27:38,551 - INFO - INFO - Rerank模型加载中, 模型路径: /tmp/model/gte-multilingual-reranker-base
2025-03-12 10:27:40,821 - INFO - INFO - Rerank模型加载完成, 模型路径: /tmp/model/gte-multilingual-reranker-base
2025-03-12 10:27:40,825 - INFO - INFO - 信息抽取模型加载中, 模型路径: /tmp/model/uie-medium
2025-03-12 10:27:42,000 - INFO - INFO - 信息抽取模型加载完成, 模型路径: /tmp/model/uie-medium
2025-03-12 10:27:42,000 - INFO - INFO - MaskService initialized, embedding model: None
2025-03-12 10:27:42,001 - INFO - INFO - 加载模型：EMBEDDING_SMELL_ZH: /tmp/model/bge-small-zh
2025-03-12 10:27:42,096 - INFO - INFO - 加载模型完成
2025-03-12 10:27:42,209 - INFO - INFO - OCR模型加载完成，使用设备: cpu
2025-03-12 10:28:24,446 - INFO - INFO - Embedding模型加载中, 模型路径: /tmp/model/Conan-embedding-v1
2025-03-12 10:28:24,550 - INFO - INFO - Embedding模型加载完成, 模型路径: /tmp/model/Conan-embedding-v1
2025-03-12 10:28:24,550 - INFO - INFO - 信息抽取模型加载中, 模型路径: /tmp/model/uie-medium
2025-03-12 10:28:26,528 - INFO - INFO - 信息抽取模型加载完成, 模型路径: /tmp/model/uie-medium
2025-03-12 10:28:26,528 - INFO - INFO - MaskService initialized, embedding model: None
2025-03-12 10:28:26,547 - INFO - INFO - 加载模型：EMBEDDING_SMELL_ZH: /tmp/model/bge-small-zh
2025-03-12 10:28:26,699 - INFO - INFO - 加载模型完成
2025-03-12 10:28:26,822 - INFO - INFO - Rerank模型加载中, 模型路径: /tmp/model/gte-multilingual-reranker-base
2025-03-12 10:28:30,636 - INFO - INFO - Rerank模型加载完成, 模型路径: /tmp/model/gte-multilingual-reranker-base
2025-03-12 10:28:30,639 - INFO - INFO - 信息抽取模型加载中, 模型路径: /tmp/model/uie-medium
2025-03-12 10:28:31,761 - INFO - INFO - 信息抽取模型加载完成, 模型路径: /tmp/model/uie-medium
2025-03-12 10:28:31,761 - INFO - INFO - MaskService initialized, embedding model: None
2025-03-12 10:28:31,762 - INFO - INFO - 加载模型：EMBEDDING_SMELL_ZH: /tmp/model/bge-small-zh
2025-03-12 10:28:31,853 - INFO - INFO - 加载模型完成
2025-03-12 10:28:31,962 - INFO - INFO - OCR模型加载完成，使用设备: cpu
2025-03-12 10:29:33,585 - INFO - INFO - Embedding模型加载中, 模型路径: /tmp/model/Conan-embedding-v1
2025-03-12 10:29:33,687 - INFO - INFO - Embedding模型加载完成, 模型路径: /tmp/model/Conan-embedding-v1
2025-03-12 10:29:33,687 - INFO - INFO - 信息抽取模型加载中, 模型路径: /tmp/model/uie-medium
2025-03-12 10:29:35,640 - INFO - INFO - 信息抽取模型加载完成, 模型路径: /tmp/model/uie-medium
2025-03-12 10:29:35,640 - INFO - INFO - MaskService initialized, embedding model: None
2025-03-12 10:29:35,657 - INFO - INFO - 加载模型：EMBEDDING_SMELL_ZH: /tmp/model/bge-small-zh
2025-03-12 10:29:35,750 - INFO - INFO - 加载模型完成
2025-03-12 10:29:35,886 - INFO - INFO - Rerank模型加载中, 模型路径: /tmp/model/gte-multilingual-reranker-base
2025-03-12 10:29:38,317 - INFO - INFO - Rerank模型加载完成, 模型路径: /tmp/model/gte-multilingual-reranker-base
2025-03-12 10:29:38,321 - INFO - INFO - 信息抽取模型加载中, 模型路径: /tmp/model/uie-medium
2025-03-12 10:29:39,410 - INFO - INFO - 信息抽取模型加载完成, 模型路径: /tmp/model/uie-medium
2025-03-12 10:29:39,410 - INFO - INFO - MaskService initialized, embedding model: None
2025-03-12 10:29:39,411 - INFO - INFO - 加载模型：EMBEDDING_SMELL_ZH: /tmp/model/bge-small-zh
2025-03-12 10:29:39,489 - INFO - INFO - 加载模型完成
2025-03-12 10:29:39,595 - INFO - INFO - OCR模型加载完成，使用设备: cpu
2025-03-12 10:30:47,604 - INFO - INFO - Embedding模型加载中, 模型路径: /tmp/model/Conan-embedding-v1
2025-03-12 10:30:47,712 - INFO - INFO - Embedding模型加载完成, 模型路径: /tmp/model/Conan-embedding-v1
2025-03-12 10:30:47,712 - INFO - INFO - 信息抽取模型加载中, 模型路径: /tmp/model/uie-medium
2025-03-12 10:30:50,349 - INFO - INFO - 信息抽取模型加载完成, 模型路径: /tmp/model/uie-medium
2025-03-12 10:30:50,350 - INFO - INFO - MaskService initialized, embedding model: None
2025-03-12 10:30:50,369 - INFO - INFO - 加载模型：EMBEDDING_SMELL_ZH: /tmp/model/bge-small-zh
2025-03-12 10:30:50,466 - INFO - INFO - 加载模型完成
2025-03-12 10:30:50,591 - INFO - INFO - Rerank模型加载中, 模型路径: /tmp/model/gte-multilingual-reranker-base
2025-03-12 10:30:52,253 - INFO - INFO - Rerank模型加载完成, 模型路径: /tmp/model/gte-multilingual-reranker-base
2025-03-12 10:30:52,257 - INFO - INFO - 信息抽取模型加载中, 模型路径: /tmp/model/uie-medium
2025-03-12 10:30:53,400 - INFO - INFO - 信息抽取模型加载完成, 模型路径: /tmp/model/uie-medium
2025-03-12 10:30:53,400 - INFO - INFO - MaskService initialized, embedding model: None
2025-03-12 10:30:53,401 - INFO - INFO - 加载模型：EMBEDDING_SMELL_ZH: /tmp/model/bge-small-zh
2025-03-12 10:30:53,486 - INFO - INFO - 加载模型完成
2025-03-12 10:30:53,595 - INFO - INFO - OCR模型加载完成，使用设备: cpu
2025-03-12 10:31:11,086 - INFO - INFO - Embedding模型加载中, 模型路径: /tmp/model/Conan-embedding-v1
2025-03-12 10:31:11,194 - INFO - INFO - Embedding模型加载完成, 模型路径: /tmp/model/Conan-embedding-v1
2025-03-12 10:31:11,194 - INFO - INFO - 信息抽取模型加载中, 模型路径: /tmp/model/uie-medium
2025-03-12 10:31:13,423 - INFO - INFO - 信息抽取模型加载完成, 模型路径: /tmp/model/uie-medium
2025-03-12 10:31:13,423 - INFO - INFO - MaskService initialized, embedding model: None
2025-03-12 10:31:13,447 - INFO - INFO - 加载模型：EMBEDDING_SMELL_ZH: /tmp/model/bge-small-zh
2025-03-12 10:31:13,540 - INFO - INFO - 加载模型完成
2025-03-12 10:31:13,683 - INFO - INFO - Rerank模型加载中, 模型路径: /tmp/model/gte-multilingual-reranker-base
2025-03-12 10:31:16,009 - INFO - INFO - Rerank模型加载完成, 模型路径: /tmp/model/gte-multilingual-reranker-base
2025-03-12 10:31:16,013 - INFO - INFO - 信息抽取模型加载中, 模型路径: /tmp/model/uie-medium
2025-03-12 10:31:17,133 - INFO - INFO - 信息抽取模型加载完成, 模型路径: /tmp/model/uie-medium
2025-03-12 10:31:17,133 - INFO - INFO - MaskService initialized, embedding model: None
2025-03-12 10:31:17,134 - INFO - INFO - 加载模型：EMBEDDING_SMELL_ZH: /tmp/model/bge-small-zh
2025-03-12 10:31:17,206 - INFO - INFO - 加载模型完成
2025-03-12 10:31:17,313 - INFO - INFO - OCR模型加载完成，使用设备: cpu
2025-03-12 10:32:20,046 - INFO - INFO - Embedding模型加载中, 模型路径: /tmp/model/Conan-embedding-v1
2025-03-12 10:32:20,157 - INFO - INFO - Embedding模型加载完成, 模型路径: /tmp/model/Conan-embedding-v1
2025-03-12 10:32:20,157 - INFO - INFO - 信息抽取模型加载中, 模型路径: /tmp/model/uie-medium
2025-03-12 10:32:21,494 - INFO - INFO - 信息抽取模型加载完成, 模型路径: /tmp/model/uie-medium
2025-03-12 10:32:21,494 - INFO - INFO - MaskService initialized, embedding model: None
2025-03-12 10:32:21,514 - INFO - INFO - 加载模型：EMBEDDING_SMELL_ZH: /tmp/model/bge-small-zh
2025-03-12 10:32:21,609 - INFO - INFO - 加载模型完成
2025-03-12 10:32:21,730 - INFO - INFO - Rerank模型加载中, 模型路径: /tmp/model/gte-multilingual-reranker-base
2025-03-12 10:32:24,442 - INFO - INFO - Rerank模型加载完成, 模型路径: /tmp/model/gte-multilingual-reranker-base
2025-03-12 10:32:24,447 - INFO - INFO - 信息抽取模型加载中, 模型路径: /tmp/model/uie-medium
2025-03-12 10:32:25,576 - INFO - INFO - 信息抽取模型加载完成, 模型路径: /tmp/model/uie-medium
2025-03-12 10:32:25,576 - INFO - INFO - MaskService initialized, embedding model: None
2025-03-12 10:32:25,577 - INFO - INFO - 加载模型：EMBEDDING_SMELL_ZH: /tmp/model/bge-small-zh
2025-03-12 10:32:25,667 - INFO - INFO - 加载模型完成
2025-03-12 10:32:25,793 - INFO - INFO - OCR模型加载完成，使用设备: cpu
2025-03-12 10:33:32,494 - INFO - INFO - Embedding模型加载中, 模型路径: /tmp/model/Conan-embedding-v1
2025-03-12 10:33:32,599 - INFO - INFO - Embedding模型加载完成, 模型路径: /tmp/model/Conan-embedding-v1
2025-03-12 10:33:32,599 - INFO - INFO - 信息抽取模型加载中, 模型路径: /tmp/model/uie-medium
2025-03-12 10:33:34,922 - INFO - INFO - 信息抽取模型加载完成, 模型路径: /tmp/model/uie-medium
2025-03-12 10:33:34,922 - INFO - INFO - MaskService initialized, embedding model: None
2025-03-12 10:33:34,942 - INFO - INFO - 加载模型：EMBEDDING_SMELL_ZH: /tmp/model/bge-small-zh
2025-03-12 10:33:35,042 - INFO - INFO - 加载模型完成
2025-03-12 10:33:35,182 - INFO - INFO - Rerank模型加载中, 模型路径: /tmp/model/gte-multilingual-reranker-base
2025-03-12 10:33:39,681 - INFO - INFO - Rerank模型加载完成, 模型路径: /tmp/model/gte-multilingual-reranker-base
2025-03-12 10:33:39,686 - INFO - INFO - 信息抽取模型加载中, 模型路径: /tmp/model/uie-medium
2025-03-12 10:33:40,813 - INFO - INFO - 信息抽取模型加载完成, 模型路径: /tmp/model/uie-medium
2025-03-12 10:33:40,814 - INFO - INFO - MaskService initialized, embedding model: None
2025-03-12 10:33:40,815 - INFO - INFO - 加载模型：EMBEDDING_SMELL_ZH: /tmp/model/bge-small-zh
2025-03-12 10:33:40,900 - INFO - INFO - 加载模型完成
2025-03-12 10:33:41,008 - INFO - INFO - OCR模型加载完成，使用设备: cpu
2025-03-12 10:33:45,278 - INFO - INFO - 开始处理上传的图片: empty.png
2025-03-12 10:33:45,278 - INFO - ERROR - 接收到空的图片数据
2025-03-12 10:33:45,313 - INFO - INFO - 开始处理上传的图片: test_image.png
2025-03-12 10:33:46,044 - INFO - INFO - 图片处理完成
2025-03-12 10:33:46,048 - INFO - INFO - 开始处理上传的图片: invalid.png
2025-03-12 10:33:46,048 - INFO - ERROR - 图片数据验证失败: 无法解析图片数据，请确保上传了有效的图片文件
2025-03-12 10:33:46,048 - INFO - ERROR - 图片数据验证失败: 无法解析图片数据，请确保上传了有效的图片文件
2025-03-12 10:34:31,548 - INFO - INFO - Embedding模型加载中, 模型路径: /tmp/model/Conan-embedding-v1
2025-03-12 10:34:31,652 - INFO - INFO - Embedding模型加载完成, 模型路径: /tmp/model/Conan-embedding-v1
2025-03-12 10:34:31,653 - INFO - INFO - 信息抽取模型加载中, 模型路径: /tmp/model/uie-medium
2025-03-12 10:34:33,840 - INFO - INFO - 信息抽取模型加载完成, 模型路径: /tmp/model/uie-medium
2025-03-12 10:34:33,840 - INFO - INFO - MaskService initialized, embedding model: None
2025-03-12 10:34:33,859 - INFO - INFO - 加载模型：EMBEDDING_SMELL_ZH: /tmp/model/bge-small-zh
2025-03-12 10:34:33,952 - INFO - INFO - 加载模型完成
2025-03-12 10:34:34,070 - INFO - INFO - Rerank模型加载中, 模型路径: /tmp/model/gte-multilingual-reranker-base
2025-03-12 10:34:36,058 - INFO - INFO - Rerank模型加载完成, 模型路径: /tmp/model/gte-multilingual-reranker-base
2025-03-12 10:34:36,062 - INFO - INFO - 信息抽取模型加载中, 模型路径: /tmp/model/uie-medium
2025-03-12 10:34:37,161 - INFO - INFO - 信息抽取模型加载完成, 模型路径: /tmp/model/uie-medium
2025-03-12 10:34:37,161 - INFO - INFO - MaskService initialized, embedding model: None
2025-03-12 10:34:37,162 - INFO - INFO - 加载模型：EMBEDDING_SMELL_ZH: /tmp/model/bge-small-zh
2025-03-12 10:34:37,238 - INFO - INFO - 加载模型完成
2025-03-12 10:34:37,341 - INFO - INFO - OCR模型加载完成，使用设备: cpu
2025-03-12 10:34:37,352 - INFO - INFO - 开始处理上传的图片: empty.png
2025-03-12 10:34:37,352 - INFO - ERROR - 接收到空的图片数据
2025-03-12 10:34:37,385 - INFO - INFO - 开始处理上传的图片: test_image.png
2025-03-12 10:34:38,144 - INFO - INFO - 图片处理完成
2025-03-12 10:34:38,147 - INFO - INFO - 开始处理上传的图片: invalid.png
2025-03-12 10:34:38,147 - INFO - ERROR - 图片数据验证失败: 无法解析图片数据，请确保上传了有效的图片文件
2025-03-12 10:34:38,147 - INFO - ERROR - 图片数据验证失败: 无法解析图片数据，请确保上传了有效的图片文件
2025-03-12 10:34:40,117 - INFO - INFO - 开始处理上传的图片: empty.png
2025-03-12 10:34:40,117 - INFO - ERROR - 接收到空的图片数据
2025-03-12 10:34:40,134 - INFO - INFO - 开始处理上传的图片: test_image.png
2025-03-12 10:34:40,873 - INFO - INFO - 图片处理完成
2025-03-12 10:34:40,875 - INFO - INFO - 开始处理上传的图片: invalid.png
2025-03-12 10:34:40,876 - INFO - ERROR - 图片数据验证失败: 无法解析图片数据，请确保上传了有效的图片文件
2025-03-12 10:34:40,876 - INFO - ERROR - 图片数据验证失败: 无法解析图片数据，请确保上传了有效的图片文件
2025-03-12 10:35:29,697 - INFO - INFO - Embedding模型加载中, 模型路径: /tmp/model/Conan-embedding-v1
2025-03-12 10:35:29,801 - INFO - INFO - Embedding模型加载完成, 模型路径: /tmp/model/Conan-embedding-v1
2025-03-12 10:35:29,801 - INFO - INFO - 信息抽取模型加载中, 模型路径: /tmp/model/uie-medium
2025-03-12 10:35:32,900 - INFO - INFO - 信息抽取模型加载完成, 模型路径: /tmp/model/uie-medium
2025-03-12 10:35:32,900 - INFO - INFO - MaskService initialized, embedding model: None
2025-03-12 10:35:32,918 - INFO - INFO - 加载模型：EMBEDDING_SMELL_ZH: /tmp/model/bge-small-zh
2025-03-12 10:35:33,010 - INFO - INFO - 加载模型完成
2025-03-12 10:35:33,134 - INFO - INFO - Rerank模型加载中, 模型路径: /tmp/model/gte-multilingual-reranker-base
2025-03-12 10:35:36,666 - INFO - INFO - Rerank模型加载完成, 模型路径: /tmp/model/gte-multilingual-reranker-base
2025-03-12 10:35:36,670 - INFO - INFO - 信息抽取模型加载中, 模型路径: /tmp/model/uie-medium
2025-03-12 10:35:37,797 - INFO - INFO - 信息抽取模型加载完成, 模型路径: /tmp/model/uie-medium
2025-03-12 10:35:37,798 - INFO - INFO - MaskService initialized, embedding model: None
2025-03-12 10:35:37,798 - INFO - INFO - 加载模型：EMBEDDING_SMELL_ZH: /tmp/model/bge-small-zh
2025-03-12 10:35:37,870 - INFO - INFO - 加载模型完成
2025-03-12 10:35:37,978 - INFO - INFO - OCR模型加载完成，使用设备: cpu
2025-03-12 10:35:39,865 - INFO - INFO - 开始处理上传的图片: empty.png
2025-03-12 10:35:39,865 - INFO - ERROR - 接收到空的图片数据
2025-03-12 10:35:39,884 - INFO - INFO - 开始处理上传的图片: test_image.png
2025-03-12 10:35:40,622 - INFO - INFO - 图片处理完成
2025-03-12 10:35:40,625 - INFO - INFO - 开始处理上传的图片: invalid.png
2025-03-12 10:35:40,625 - INFO - ERROR - 图片数据验证失败: 无法解析图片数据，请确保上传了有效的图片文件
2025-03-12 10:35:40,625 - INFO - ERROR - 图片数据验证失败: 无法解析图片数据，请确保上传了有效的图片文件
2025-03-12 10:36:24,238 - INFO - INFO - Embedding模型加载中, 模型路径: /tmp/model/Conan-embedding-v1
2025-03-12 10:36:24,346 - INFO - INFO - Embedding模型加载完成, 模型路径: /tmp/model/Conan-embedding-v1
2025-03-12 10:36:24,346 - INFO - INFO - 信息抽取模型加载中, 模型路径: /tmp/model/uie-medium
2025-03-12 10:36:26,755 - INFO - INFO - 信息抽取模型加载完成, 模型路径: /tmp/model/uie-medium
2025-03-12 10:36:26,755 - INFO - INFO - MaskService initialized, embedding model: None
2025-03-12 10:36:26,777 - INFO - INFO - 加载模型：EMBEDDING_SMELL_ZH: /tmp/model/bge-small-zh
2025-03-12 10:36:26,935 - INFO - INFO - 加载模型完成
2025-03-12 10:36:27,065 - INFO - INFO - Rerank模型加载中, 模型路径: /tmp/model/gte-multilingual-reranker-base
2025-03-12 10:36:29,296 - INFO - INFO - Rerank模型加载完成, 模型路径: /tmp/model/gte-multilingual-reranker-base
2025-03-12 10:36:29,300 - INFO - INFO - 信息抽取模型加载中, 模型路径: /tmp/model/uie-medium
2025-03-12 10:36:30,432 - INFO - INFO - 信息抽取模型加载完成, 模型路径: /tmp/model/uie-medium
2025-03-12 10:36:30,432 - INFO - INFO - MaskService initialized, embedding model: None
2025-03-12 10:36:30,433 - INFO - INFO - 加载模型：EMBEDDING_SMELL_ZH: /tmp/model/bge-small-zh
2025-03-12 10:36:30,526 - INFO - INFO - 加载模型完成
2025-03-12 10:36:30,639 - INFO - INFO - OCR模型加载完成，使用设备: cpu
2025-03-12 10:36:36,060 - INFO - INFO - Embedding模型加载中, 模型路径: /tmp/model/Conan-embedding-v1
2025-03-12 10:36:36,166 - INFO - INFO - Embedding模型加载完成, 模型路径: /tmp/model/Conan-embedding-v1
2025-03-12 10:36:36,166 - INFO - INFO - 信息抽取模型加载中, 模型路径: /tmp/model/uie-medium
2025-03-12 10:36:37,551 - INFO - INFO - 信息抽取模型加载完成, 模型路径: /tmp/model/uie-medium
2025-03-12 10:36:37,551 - INFO - INFO - MaskService initialized, embedding model: None
2025-03-12 10:36:37,570 - INFO - INFO - 加载模型：EMBEDDING_SMELL_ZH: /tmp/model/bge-small-zh
2025-03-12 10:36:37,669 - INFO - INFO - 加载模型完成
2025-03-12 10:36:37,794 - INFO - INFO - Rerank模型加载中, 模型路径: /tmp/model/gte-multilingual-reranker-base
2025-03-12 10:36:40,331 - INFO - INFO - Rerank模型加载完成, 模型路径: /tmp/model/gte-multilingual-reranker-base
2025-03-12 10:36:40,334 - INFO - INFO - 信息抽取模型加载中, 模型路径: /tmp/model/uie-medium
2025-03-12 10:36:41,490 - INFO - INFO - 信息抽取模型加载完成, 模型路径: /tmp/model/uie-medium
2025-03-12 10:36:41,491 - INFO - INFO - MaskService initialized, embedding model: None
2025-03-12 10:36:41,491 - INFO - INFO - 加载模型：EMBEDDING_SMELL_ZH: /tmp/model/bge-small-zh
2025-03-12 10:36:41,566 - INFO - INFO - 加载模型完成
2025-03-12 10:36:41,665 - INFO - INFO - OCR模型加载完成，使用设备: cpu
2025-03-12 10:36:41,673 - INFO - INFO - 开始处理上传的图片: empty.png
2025-03-12 10:36:41,673 - INFO - ERROR - 接收到空的图片数据
2025-03-12 10:36:41,692 - INFO - INFO - 开始处理上传的图片: test_image.png
2025-03-12 10:36:42,549 - INFO - INFO - 图片处理完成
2025-03-12 10:36:42,554 - INFO - INFO - 开始处理上传的图片: invalid.png
2025-03-12 10:36:42,555 - INFO - ERROR - 图片数据验证失败: 无法解析图片数据，请确保上传了有效的图片文件
2025-03-12 10:36:42,555 - INFO - ERROR - 图片数据验证失败: 无法解析图片数据，请确保上传了有效的图片文件
2025-03-12 10:37:46,557 - INFO - INFO - Embedding模型加载中, 模型路径: /tmp/model/Conan-embedding-v1
2025-03-12 10:37:46,663 - INFO - INFO - Embedding模型加载完成, 模型路径: /tmp/model/Conan-embedding-v1
2025-03-12 10:37:46,663 - INFO - INFO - 信息抽取模型加载中, 模型路径: /tmp/model/uie-medium
2025-03-12 10:37:49,037 - INFO - INFO - 信息抽取模型加载完成, 模型路径: /tmp/model/uie-medium
2025-03-12 10:37:49,037 - INFO - INFO - MaskService initialized, embedding model: None
2025-03-12 10:37:49,068 - INFO - INFO - 加载模型：EMBEDDING_SMELL_ZH: /tmp/model/bge-small-zh
2025-03-12 10:37:49,207 - INFO - INFO - 加载模型完成
2025-03-12 10:37:49,333 - INFO - INFO - Rerank模型加载中, 模型路径: /tmp/model/gte-multilingual-reranker-base
2025-03-12 10:37:51,655 - INFO - INFO - Rerank模型加载完成, 模型路径: /tmp/model/gte-multilingual-reranker-base
2025-03-12 10:37:51,659 - INFO - INFO - 信息抽取模型加载中, 模型路径: /tmp/model/uie-medium
2025-03-12 10:37:52,816 - INFO - INFO - 信息抽取模型加载完成, 模型路径: /tmp/model/uie-medium
2025-03-12 10:37:52,817 - INFO - INFO - MaskService initialized, embedding model: None
2025-03-12 10:37:52,818 - INFO - INFO - 加载模型：EMBEDDING_SMELL_ZH: /tmp/model/bge-small-zh
2025-03-12 10:37:52,900 - INFO - INFO - 加载模型完成
2025-03-12 10:37:53,010 - INFO - INFO - OCR模型加载完成，使用设备: cpu
2025-03-12 10:38:10,535 - INFO - INFO - 开始处理上传的图片: empty.png
2025-03-12 10:38:10,535 - INFO - ERROR - 接收到空的图片数据
2025-03-12 10:38:10,555 - INFO - INFO - 开始处理上传的图片: test_image.png
2025-03-12 10:38:11,377 - INFO - INFO - 图片处理完成
2025-03-12 10:38:11,380 - INFO - INFO - 开始处理上传的图片: invalid.png
2025-03-12 10:38:11,381 - INFO - ERROR - 图片数据验证失败: 无法解析图片数据，请确保上传了有效的图片文件
2025-03-12 10:38:11,381 - INFO - ERROR - 图片数据验证失败: 无法解析图片数据，请确保上传了有效的图片文件
2025-03-12 10:38:29,639 - INFO - INFO - Embedding模型加载中, 模型路径: /tmp/model/Conan-embedding-v1
2025-03-12 10:38:29,750 - INFO - INFO - Embedding模型加载完成, 模型路径: /tmp/model/Conan-embedding-v1
2025-03-12 10:38:29,750 - INFO - INFO - 信息抽取模型加载中, 模型路径: /tmp/model/uie-medium
2025-03-12 10:38:31,963 - INFO - INFO - 信息抽取模型加载完成, 模型路径: /tmp/model/uie-medium
2025-03-12 10:38:31,963 - INFO - INFO - MaskService initialized, embedding model: None
2025-03-12 10:38:31,983 - INFO - INFO - 加载模型：EMBEDDING_SMELL_ZH: /tmp/model/bge-small-zh
2025-03-12 10:38:32,077 - INFO - INFO - 加载模型完成
2025-03-12 10:38:32,197 - INFO - INFO - Rerank模型加载中, 模型路径: /tmp/model/gte-multilingual-reranker-base
2025-03-12 10:38:34,402 - INFO - INFO - Rerank模型加载完成, 模型路径: /tmp/model/gte-multilingual-reranker-base
2025-03-12 10:38:34,407 - INFO - INFO - 信息抽取模型加载中, 模型路径: /tmp/model/uie-medium
2025-03-12 10:38:35,530 - INFO - INFO - 信息抽取模型加载完成, 模型路径: /tmp/model/uie-medium
2025-03-12 10:38:35,531 - INFO - INFO - MaskService initialized, embedding model: None
2025-03-12 10:38:35,532 - INFO - INFO - 加载模型：EMBEDDING_SMELL_ZH: /tmp/model/bge-small-zh
2025-03-12 10:38:35,628 - INFO - INFO - 加载模型完成
2025-03-12 10:38:35,739 - INFO - INFO - OCR模型加载完成，使用设备: cpu
2025-03-12 10:38:41,266 - INFO - INFO - Embedding模型加载中, 模型路径: /tmp/model/Conan-embedding-v1
2025-03-12 10:38:41,384 - INFO - INFO - Embedding模型加载完成, 模型路径: /tmp/model/Conan-embedding-v1
2025-03-12 10:38:41,384 - INFO - INFO - 信息抽取模型加载中, 模型路径: /tmp/model/uie-medium
2025-03-12 10:38:42,906 - INFO - INFO - 信息抽取模型加载完成, 模型路径: /tmp/model/uie-medium
2025-03-12 10:38:42,906 - INFO - INFO - MaskService initialized, embedding model: None
2025-03-12 10:38:42,926 - INFO - INFO - 加载模型：EMBEDDING_SMELL_ZH: /tmp/model/bge-small-zh
2025-03-12 10:38:43,040 - INFO - INFO - 加载模型完成
2025-03-12 10:38:43,171 - INFO - INFO - Rerank模型加载中, 模型路径: /tmp/model/gte-multilingual-reranker-base
2025-03-12 10:38:47,116 - INFO - INFO - Embedding模型加载中, 模型路径: /tmp/model/Conan-embedding-v1
2025-03-12 10:38:47,203 - INFO - INFO - Embedding模型加载完成, 模型路径: /tmp/model/Conan-embedding-v1
2025-03-12 10:38:47,203 - INFO - INFO - 信息抽取模型加载中, 模型路径: /tmp/model/uie-medium
2025-03-12 10:38:48,678 - INFO - INFO - 信息抽取模型加载完成, 模型路径: /tmp/model/uie-medium
2025-03-12 10:38:48,678 - INFO - INFO - MaskService initialized, embedding model: None
2025-03-12 10:38:48,698 - INFO - INFO - 加载模型：EMBEDDING_SMELL_ZH: /tmp/model/bge-small-zh
2025-03-12 10:38:48,791 - INFO - INFO - 加载模型完成
2025-03-12 10:38:48,915 - INFO - INFO - Rerank模型加载中, 模型路径: /tmp/model/gte-multilingual-reranker-base
2025-03-12 10:38:51,169 - INFO - INFO - Rerank模型加载完成, 模型路径: /tmp/model/gte-multilingual-reranker-base
2025-03-12 10:38:51,173 - INFO - INFO - 信息抽取模型加载中, 模型路径: /tmp/model/uie-medium
2025-03-12 10:38:54,765 - INFO - INFO - Embedding模型加载中, 模型路径: /tmp/model/Conan-embedding-v1
2025-03-12 10:38:54,850 - INFO - INFO - Embedding模型加载完成, 模型路径: /tmp/model/Conan-embedding-v1
2025-03-12 10:38:54,850 - INFO - INFO - 信息抽取模型加载中, 模型路径: /tmp/model/uie-medium
2025-03-12 10:38:56,972 - INFO - INFO - 信息抽取模型加载完成, 模型路径: /tmp/model/uie-medium
2025-03-12 10:38:56,972 - INFO - INFO - MaskService initialized, embedding model: None
2025-03-12 10:38:56,988 - INFO - INFO - 加载模型：EMBEDDING_SMELL_ZH: /tmp/model/bge-small-zh
2025-03-12 10:38:57,091 - INFO - INFO - 加载模型完成
2025-03-12 10:38:57,220 - INFO - INFO - Rerank模型加载中, 模型路径: /tmp/model/gte-multilingual-reranker-base
2025-03-12 10:39:00,148 - INFO - INFO - Rerank模型加载完成, 模型路径: /tmp/model/gte-multilingual-reranker-base
2025-03-12 10:39:00,152 - INFO - INFO - 信息抽取模型加载中, 模型路径: /tmp/model/uie-medium
2025-03-12 10:39:01,236 - INFO - INFO - 信息抽取模型加载完成, 模型路径: /tmp/model/uie-medium
2025-03-12 10:39:01,236 - INFO - INFO - MaskService initialized, embedding model: None
2025-03-12 10:39:01,237 - INFO - INFO - 加载模型：EMBEDDING_SMELL_ZH: /tmp/model/bge-small-zh
2025-03-12 10:39:01,310 - INFO - INFO - 加载模型完成
2025-03-12 10:39:01,419 - INFO - INFO - OCR模型加载完成，使用设备: cpu
2025-03-12 10:39:04,723 - INFO - INFO - Embedding模型加载中, 模型路径: /tmp/model/Conan-embedding-v1
2025-03-12 10:39:04,811 - INFO - INFO - Embedding模型加载完成, 模型路径: /tmp/model/Conan-embedding-v1
2025-03-12 10:39:04,812 - INFO - INFO - 信息抽取模型加载中, 模型路径: /tmp/model/uie-medium
2025-03-12 10:39:06,991 - INFO - INFO - 信息抽取模型加载完成, 模型路径: /tmp/model/uie-medium
2025-03-12 10:39:06,991 - INFO - INFO - MaskService initialized, embedding model: None
2025-03-12 10:39:07,010 - INFO - INFO - 加载模型：EMBEDDING_SMELL_ZH: /tmp/model/bge-small-zh
2025-03-12 10:39:07,111 - INFO - INFO - 加载模型完成
2025-03-12 10:39:07,228 - INFO - INFO - Rerank模型加载中, 模型路径: /tmp/model/gte-multilingual-reranker-base
2025-03-12 10:39:11,172 - INFO - INFO - Rerank模型加载完成, 模型路径: /tmp/model/gte-multilingual-reranker-base
2025-03-12 10:39:11,176 - INFO - INFO - 信息抽取模型加载中, 模型路径: /tmp/model/uie-medium
2025-03-12 10:39:12,278 - INFO - INFO - 信息抽取模型加载完成, 模型路径: /tmp/model/uie-medium
2025-03-12 10:39:12,278 - INFO - INFO - MaskService initialized, embedding model: None
2025-03-12 10:39:12,279 - INFO - INFO - 加载模型：EMBEDDING_SMELL_ZH: /tmp/model/bge-small-zh
2025-03-12 10:39:12,369 - INFO - INFO - 加载模型完成
2025-03-12 10:39:12,495 - INFO - INFO - OCR模型加载完成，使用设备: cpu
2025-03-12 10:39:12,502 - INFO - INFO - 开始处理上传的图片: empty.png
2025-03-12 10:39:12,502 - INFO - ERROR - 接收到空的图片数据
2025-03-12 10:39:12,506 - INFO - INFO - 开始处理上传的图片: test_image.png
2025-03-12 10:39:13,200 - INFO - INFO - 图片处理完成
2025-03-12 10:39:13,203 - INFO - INFO - 开始处理上传的图片: invalid.png
2025-03-12 10:39:13,203 - INFO - ERROR - 图片数据验证失败: 无法解析图片数据，请确保上传了有效的图片文件
2025-03-12 10:39:13,203 - INFO - ERROR - 图片数据验证失败: 无法解析图片数据，请确保上传了有效的图片文件
2025-03-12 10:40:46,307 - INFO - INFO - Embedding模型加载中, 模型路径: /tmp/model/Conan-embedding-v1
2025-03-12 10:40:46,413 - INFO - INFO - Embedding模型加载完成, 模型路径: /tmp/model/Conan-embedding-v1
2025-03-12 10:40:46,413 - INFO - INFO - 信息抽取模型加载中, 模型路径: /tmp/model/uie-medium
2025-03-12 10:40:48,369 - INFO - INFO - 信息抽取模型加载完成, 模型路径: /tmp/model/uie-medium
2025-03-12 10:40:48,369 - INFO - INFO - MaskService initialized, embedding model: None
2025-03-12 10:40:48,388 - INFO - INFO - 加载模型：EMBEDDING_SMELL_ZH: /tmp/model/bge-small-zh
2025-03-12 10:40:48,484 - INFO - INFO - 加载模型完成
2025-03-12 10:40:48,619 - INFO - INFO - Rerank模型加载中, 模型路径: /tmp/model/gte-multilingual-reranker-base
2025-03-12 10:40:50,763 - INFO - INFO - Rerank模型加载完成, 模型路径: /tmp/model/gte-multilingual-reranker-base
2025-03-12 10:40:50,768 - INFO - INFO - 信息抽取模型加载中, 模型路径: /tmp/model/uie-medium
2025-03-12 10:40:51,939 - INFO - INFO - 信息抽取模型加载完成, 模型路径: /tmp/model/uie-medium
2025-03-12 10:40:51,940 - INFO - INFO - MaskService initialized, embedding model: None
2025-03-12 10:40:51,940 - INFO - INFO - 加载模型：EMBEDDING_SMELL_ZH: /tmp/model/bge-small-zh
2025-03-12 10:40:52,025 - INFO - INFO - 加载模型完成
2025-03-12 10:40:52,137 - INFO - INFO - OCR模型加载完成，使用设备: cpu
2025-03-12 10:41:45,616 - INFO - INFO - Embedding模型加载中, 模型路径: /tmp/model/Conan-embedding-v1
2025-03-12 10:41:45,722 - INFO - INFO - Embedding模型加载完成, 模型路径: /tmp/model/Conan-embedding-v1
2025-03-12 10:41:45,722 - INFO - INFO - 信息抽取模型加载中, 模型路径: /tmp/model/uie-medium
2025-03-12 10:41:47,527 - INFO - INFO - 信息抽取模型加载完成, 模型路径: /tmp/model/uie-medium
2025-03-12 10:41:47,527 - INFO - INFO - MaskService initialized, embedding model: None
2025-03-12 10:41:47,546 - INFO - INFO - 加载模型：EMBEDDING_SMELL_ZH: /tmp/model/bge-small-zh
2025-03-12 10:41:47,639 - INFO - INFO - 加载模型完成
2025-03-12 10:41:47,760 - INFO - INFO - Rerank模型加载中, 模型路径: /tmp/model/gte-multilingual-reranker-base
2025-03-12 10:41:49,995 - INFO - INFO - Rerank模型加载完成, 模型路径: /tmp/model/gte-multilingual-reranker-base
2025-03-12 10:41:50,000 - INFO - INFO - 信息抽取模型加载中, 模型路径: /tmp/model/uie-medium
2025-03-12 10:41:51,115 - INFO - INFO - 信息抽取模型加载完成, 模型路径: /tmp/model/uie-medium
2025-03-12 10:41:51,115 - INFO - INFO - MaskService initialized, embedding model: None
2025-03-12 10:41:51,116 - INFO - INFO - 加载模型：EMBEDDING_SMELL_ZH: /tmp/model/bge-small-zh
2025-03-12 10:41:51,203 - INFO - INFO - 加载模型完成
2025-03-12 10:41:51,329 - INFO - INFO - OCR模型加载完成，使用设备: cpu
2025-03-12 10:43:47,707 - INFO - INFO - Embedding模型加载中, 模型路径: /tmp/model/Conan-embedding-v1
2025-03-12 10:43:47,812 - INFO - INFO - Embedding模型加载完成, 模型路径: /tmp/model/Conan-embedding-v1
2025-03-12 10:43:47,812 - INFO - INFO - 信息抽取模型加载中, 模型路径: /tmp/model/uie-medium
2025-03-12 10:43:50,048 - INFO - INFO - 信息抽取模型加载完成, 模型路径: /tmp/model/uie-medium
2025-03-12 10:43:50,048 - INFO - INFO - MaskService initialized, embedding model: None
2025-03-12 10:43:50,068 - INFO - INFO - 加载模型：EMBEDDING_SMELL_ZH: /tmp/model/bge-small-zh
2025-03-12 10:43:50,174 - INFO - INFO - 加载模型完成
2025-03-12 10:43:50,302 - INFO - INFO - Rerank模型加载中, 模型路径: /tmp/model/gte-multilingual-reranker-base
2025-03-12 10:43:53,227 - INFO - INFO - Rerank模型加载完成, 模型路径: /tmp/model/gte-multilingual-reranker-base
2025-03-12 10:43:53,232 - INFO - INFO - 信息抽取模型加载中, 模型路径: /tmp/model/uie-medium
2025-03-12 10:43:54,411 - INFO - INFO - 信息抽取模型加载完成, 模型路径: /tmp/model/uie-medium
2025-03-12 10:43:54,411 - INFO - INFO - MaskService initialized, embedding model: None
2025-03-12 10:43:54,412 - INFO - INFO - 加载模型：EMBEDDING_SMELL_ZH: /tmp/model/bge-small-zh
2025-03-12 10:43:54,497 - INFO - INFO - 加载模型完成
2025-03-12 10:43:54,609 - INFO - INFO - OCR模型加载完成，使用设备: cpu
2025-03-12 10:46:18,297 - INFO - INFO - Embedding模型加载中, 模型路径: /tmp/model/Conan-embedding-v1
2025-03-12 10:46:18,410 - INFO - INFO - Embedding模型加载完成, 模型路径: /tmp/model/Conan-embedding-v1
2025-03-12 10:46:18,410 - INFO - INFO - 信息抽取模型加载中, 模型路径: /tmp/model/uie-medium
2025-03-12 10:46:20,486 - INFO - INFO - 信息抽取模型加载完成, 模型路径: /tmp/model/uie-medium
2025-03-12 10:46:20,486 - INFO - INFO - MaskService initialized, embedding model: None
2025-03-12 10:46:20,505 - INFO - INFO - 加载模型：EMBEDDING_SMELL_ZH: /tmp/model/bge-small-zh
2025-03-12 10:46:20,608 - INFO - INFO - 加载模型完成
2025-03-12 10:46:20,728 - INFO - INFO - Rerank模型加载中, 模型路径: /tmp/model/gte-multilingual-reranker-base
2025-03-12 10:46:24,481 - INFO - INFO - Rerank模型加载完成, 模型路径: /tmp/model/gte-multilingual-reranker-base
2025-03-12 10:46:24,484 - INFO - INFO - 信息抽取模型加载中, 模型路径: /tmp/model/uie-medium
2025-03-12 10:46:25,643 - INFO - INFO - 信息抽取模型加载完成, 模型路径: /tmp/model/uie-medium
2025-03-12 10:46:25,643 - INFO - INFO - MaskService initialized, embedding model: None
2025-03-12 10:46:25,644 - INFO - INFO - 加载模型：EMBEDDING_SMELL_ZH: /tmp/model/bge-small-zh
2025-03-12 10:46:25,752 - INFO - INFO - 加载模型完成
2025-03-12 10:46:25,859 - INFO - INFO - OCR模型加载完成，使用设备: cpu
2025-03-12 10:46:56,461 - INFO - INFO - Embedding模型加载中, 模型路径: /tmp/model/Conan-embedding-v1
2025-03-12 10:46:56,572 - INFO - INFO - Embedding模型加载完成, 模型路径: /tmp/model/Conan-embedding-v1
2025-03-12 10:46:56,572 - INFO - INFO - 信息抽取模型加载中, 模型路径: /tmp/model/uie-medium
2025-03-12 10:46:57,988 - INFO - INFO - 信息抽取模型加载完成, 模型路径: /tmp/model/uie-medium
2025-03-12 10:46:57,988 - INFO - INFO - MaskService initialized, embedding model: None
2025-03-12 10:46:58,011 - INFO - INFO - 加载模型：EMBEDDING_SMELL_ZH: /tmp/model/bge-small-zh
2025-03-12 10:46:58,109 - INFO - INFO - 加载模型完成
2025-03-12 10:46:58,236 - INFO - INFO - Rerank模型加载中, 模型路径: /tmp/model/gte-multilingual-reranker-base
2025-03-12 10:47:00,937 - INFO - INFO - Rerank模型加载完成, 模型路径: /tmp/model/gte-multilingual-reranker-base
2025-03-12 10:47:00,941 - INFO - INFO - 信息抽取模型加载中, 模型路径: /tmp/model/uie-medium
2025-03-12 10:47:02,101 - INFO - INFO - 信息抽取模型加载完成, 模型路径: /tmp/model/uie-medium
2025-03-12 10:47:02,101 - INFO - INFO - MaskService initialized, embedding model: None
2025-03-12 10:47:02,102 - INFO - INFO - 加载模型：EMBEDDING_SMELL_ZH: /tmp/model/bge-small-zh
2025-03-12 10:47:02,192 - INFO - INFO - 加载模型完成
2025-03-12 10:47:02,369 - INFO - INFO - OCR模型加载完成，使用设备: cpu
2025-03-12 10:47:23,411 - INFO - INFO - 开始处理上传的图片数据
2025-03-12 10:47:23,411 - INFO - ERROR - 图片数据验证失败: 无法解析图片数据，请确保上传了有效的图片文件
2025-03-12 10:47:23,412 - INFO - ERROR - 图片数据验证失败: 无法解析图片数据，请确保上传了有效的图片文件
2025-03-12 10:47:23,429 - INFO - INFO - 开始处理上传的图片数据
2025-03-12 10:47:24,178 - INFO - INFO - 图片处理完成
2025-03-12 10:47:24,182 - INFO - INFO - 开始处理上传的图片数据
2025-03-12 10:47:24,182 - INFO - ERROR - 图片数据验证失败: 无法解析图片数据，请确保上传了有效的图片文件
2025-03-12 10:47:24,182 - INFO - ERROR - 图片数据验证失败: 无法解析图片数据，请确保上传了有效的图片文件
2025-03-12 10:48:51,914 - INFO - INFO - Embedding模型加载中, 模型路径: /tmp/model/Conan-embedding-v1
2025-03-12 10:48:52,021 - INFO - INFO - Embedding模型加载完成, 模型路径: /tmp/model/Conan-embedding-v1
2025-03-12 10:48:52,021 - INFO - INFO - 信息抽取模型加载中, 模型路径: /tmp/model/uie-medium
2025-03-12 10:48:53,386 - INFO - INFO - 信息抽取模型加载完成, 模型路径: /tmp/model/uie-medium
2025-03-12 10:48:53,386 - INFO - INFO - MaskService initialized, embedding model: None
2025-03-12 10:48:53,407 - INFO - INFO - 加载模型：EMBEDDING_SMELL_ZH: /tmp/model/bge-small-zh
2025-03-12 10:48:53,501 - INFO - INFO - 加载模型完成
2025-03-12 10:48:53,624 - INFO - INFO - Rerank模型加载中, 模型路径: /tmp/model/gte-multilingual-reranker-base
2025-03-12 10:48:55,755 - INFO - INFO - Rerank模型加载完成, 模型路径: /tmp/model/gte-multilingual-reranker-base
2025-03-12 10:48:55,760 - INFO - INFO - 信息抽取模型加载中, 模型路径: /tmp/model/uie-medium
2025-03-12 10:48:56,921 - INFO - INFO - 信息抽取模型加载完成, 模型路径: /tmp/model/uie-medium
2025-03-12 10:48:56,921 - INFO - INFO - MaskService initialized, embedding model: None
2025-03-12 10:48:56,922 - INFO - INFO - 加载模型：EMBEDDING_SMELL_ZH: /tmp/model/bge-small-zh
2025-03-12 10:48:57,028 - INFO - INFO - 加载模型完成
2025-03-12 10:48:57,141 - INFO - INFO - OCR模型加载完成，使用设备: cpu
2025-03-12 10:49:10,675 - INFO - INFO - 开始处理上传的图片数据
2025-03-12 10:49:10,675 - INFO - ERROR - 接收到空的图片数据
2025-03-12 10:49:10,677 - INFO - INFO - 开始处理上传的图片数据
2025-03-12 10:49:11,473 - INFO - INFO - 图片处理完成
2025-03-12 10:49:11,476 - INFO - INFO - 开始处理上传的图片数据
2025-03-12 10:49:11,476 - INFO - ERROR - 图片数据验证失败: 无法解析图片数据，请确保上传了有效的图片文件
2025-03-12 10:49:11,476 - INFO - ERROR - 图片数据验证失败: 无法解析图片数据，请确保上传了有效的图片文件
2025-03-12 10:55:09,134 - INFO - INFO - Embedding模型加载中, 模型路径: /tmp/model/Conan-embedding-v1
2025-03-12 10:55:11,241 - INFO - INFO - Embedding模型加载完成, 模型路径: /tmp/model/Conan-embedding-v1
2025-03-12 10:55:11,241 - INFO - INFO - 信息抽取模型加载中, 模型路径: /tmp/model/uie-medium
2025-03-12 10:55:13,250 - INFO - INFO - 信息抽取模型加载完成, 模型路径: /tmp/model/uie-medium
2025-03-12 10:55:13,250 - INFO - INFO - MaskService initialized, embedding model: None
2025-03-12 10:55:13,277 - INFO - INFO - 加载模型：EMBEDDING_SMELL_ZH: /tmp/model/bge-small-zh
2025-03-12 10:55:13,549 - INFO - INFO - 加载模型完成
2025-03-12 10:55:13,921 - INFO - INFO - Rerank模型加载中, 模型路径: /tmp/model/gte-multilingual-reranker-base
2025-03-12 11:01:42,014 - INFO - INFO - Embedding模型加载中, 模型路径: /tmp/model/Conan-embedding-v1
2025-03-12 11:01:44,465 - INFO - INFO - Embedding模型加载完成, 模型路径: /tmp/model/Conan-embedding-v1
2025-03-12 11:01:44,465 - INFO - INFO - 信息抽取模型加载中, 模型路径: /tmp/model/uie-medium
2025-03-12 11:01:46,434 - INFO - INFO - 信息抽取模型加载完成, 模型路径: /tmp/model/uie-medium
2025-03-12 11:01:46,434 - INFO - INFO - MaskService initialized, embedding model: None
2025-03-12 11:01:46,458 - INFO - INFO - 加载模型：EMBEDDING_SMELL_ZH: /tmp/model/bge-small-zh
2025-03-12 11:01:46,714 - INFO - INFO - 加载模型完成
2025-03-12 11:01:47,069 - INFO - INFO - Rerank模型加载中, 模型路径: /tmp/model/gte-multilingual-reranker-base
2025-03-12 11:07:18,226 - INFO - INFO - Embedding模型加载中, 模型路径: /tmp/model/Conan-embedding-v1
2025-03-12 11:07:18,364 - INFO - INFO - Embedding模型加载完成, 模型路径: /tmp/model/Conan-embedding-v1
2025-03-12 11:07:18,364 - INFO - INFO - 信息抽取模型加载中, 模型路径: /tmp/model/uie-medium
2025-03-12 11:07:19,759 - INFO - INFO - 信息抽取模型加载完成, 模型路径: /tmp/model/uie-medium
2025-03-12 11:07:19,759 - INFO - INFO - MaskService initialized, embedding model: None
2025-03-12 11:07:19,779 - INFO - INFO - 加载模型：EMBEDDING_SMELL_ZH: /tmp/model/bge-small-zh
2025-03-12 11:07:19,967 - INFO - INFO - 加载模型完成
2025-03-12 11:07:20,124 - INFO - INFO - Rerank模型加载中, 模型路径: /tmp/model/gte-multilingual-reranker-base
2025-03-12 11:07:20,966 - INFO - INFO - Rerank模型加载完成, 模型路径: /tmp/model/gte-multilingual-reranker-base
2025-03-12 11:07:20,971 - INFO - INFO - 信息抽取模型加载中, 模型路径: /tmp/model/uie-medium
2025-03-12 11:07:22,137 - INFO - INFO - 信息抽取模型加载完成, 模型路径: /tmp/model/uie-medium
2025-03-12 11:07:22,137 - INFO - INFO - MaskService initialized, embedding model: None
2025-03-12 11:07:22,138 - INFO - INFO - 加载模型：EMBEDDING_SMELL_ZH: /tmp/model/bge-small-zh
2025-03-12 11:07:22,305 - INFO - INFO - 加载模型完成
2025-03-12 11:07:22,417 - INFO - INFO - OCR模型加载完成，使用设备: cpu
2025-03-12 11:19:38,454 - INFO - INFO - Embedding模型加载中, 模型路径: /tmp/model/Conan-embedding-v1
2025-03-12 11:19:38,575 - INFO - INFO - Embedding模型加载完成, 模型路径: /tmp/model/Conan-embedding-v1
2025-03-12 11:19:38,575 - INFO - INFO - 信息抽取模型加载中, 模型路径: /tmp/model/uie-medium
2025-03-12 11:19:40,542 - INFO - INFO - 信息抽取模型加载完成, 模型路径: /tmp/model/uie-medium
2025-03-12 11:19:40,542 - INFO - INFO - MaskService initialized, embedding model: None
2025-03-12 11:19:40,561 - INFO - INFO - 加载模型：EMBEDDING_SMELL_ZH: /tmp/model/bge-small-zh
2025-03-12 11:19:40,803 - INFO - INFO - 加载模型完成
2025-03-12 11:19:41,217 - INFO - INFO - Rerank模型加载中, 模型路径: /tmp/model/gte-multilingual-reranker-base
2025-03-12 11:19:43,362 - INFO - INFO - Rerank模型加载完成, 模型路径: /tmp/model/gte-multilingual-reranker-base
2025-03-12 11:19:43,368 - INFO - INFO - 信息抽取模型加载中, 模型路径: /tmp/model/uie-medium
2025-03-12 11:19:44,547 - INFO - INFO - 信息抽取模型加载完成, 模型路径: /tmp/model/uie-medium
2025-03-12 11:19:44,547 - INFO - INFO - MaskService initialized, embedding model: None
2025-03-12 11:19:44,548 - INFO - INFO - 加载模型：EMBEDDING_SMELL_ZH: /tmp/model/bge-small-zh
2025-03-12 11:19:44,645 - INFO - INFO - 加载模型完成
2025-03-12 11:22:04,881 - INFO - INFO - Embedding模型加载中, 模型路径: /tmp/model/Conan-embedding-v1
2025-03-12 11:22:05,017 - INFO - INFO - Embedding模型加载完成, 模型路径: /tmp/model/Conan-embedding-v1
2025-03-12 11:22:05,017 - INFO - INFO - 信息抽取模型加载中, 模型路径: /tmp/model/uie-medium
2025-03-12 11:22:07,201 - INFO - INFO - 信息抽取模型加载完成, 模型路径: /tmp/model/uie-medium
2025-03-12 11:22:07,201 - INFO - INFO - MaskService initialized, embedding model: None
2025-03-12 11:22:07,226 - INFO - INFO - 加载模型：EMBEDDING_SMELL_ZH: /tmp/model/bge-small-zh
2025-03-12 11:22:07,408 - INFO - INFO - 加载模型完成
2025-03-12 11:22:07,554 - INFO - INFO - Rerank模型加载中, 模型路径: /tmp/model/gte-multilingual-reranker-base
2025-03-12 11:22:14,260 - INFO - INFO - Rerank模型加载完成, 模型路径: /tmp/model/gte-multilingual-reranker-base
2025-03-12 11:22:14,264 - INFO - INFO - 信息抽取模型加载中, 模型路径: /tmp/model/uie-medium
2025-03-12 11:22:15,445 - INFO - INFO - 信息抽取模型加载完成, 模型路径: /tmp/model/uie-medium
2025-03-12 11:22:15,445 - INFO - INFO - MaskService initialized, embedding model: None
2025-03-12 11:22:15,445 - INFO - INFO - 加载模型：EMBEDDING_SMELL_ZH: /tmp/model/bge-small-zh
2025-03-12 11:22:15,544 - INFO - INFO - 加载模型完成
2025-03-12 11:22:49,312 - INFO - INFO - Embedding模型加载中, 模型路径: /tmp/model/Conan-embedding-v1
2025-03-12 11:22:49,418 - INFO - INFO - Embedding模型加载完成, 模型路径: /tmp/model/Conan-embedding-v1
2025-03-12 11:22:49,418 - INFO - INFO - 信息抽取模型加载中, 模型路径: /tmp/model/uie-medium
2025-03-12 11:22:51,314 - INFO - INFO - 信息抽取模型加载完成, 模型路径: /tmp/model/uie-medium
2025-03-12 11:22:51,314 - INFO - INFO - MaskService initialized, embedding model: None
2025-03-12 11:22:51,333 - INFO - INFO - 加载模型：EMBEDDING_SMELL_ZH: /tmp/model/bge-small-zh
2025-03-12 11:22:51,429 - INFO - INFO - 加载模型完成
2025-03-12 11:22:51,545 - INFO - INFO - Rerank模型加载中, 模型路径: /tmp/model/gte-multilingual-reranker-base
2025-03-12 11:22:52,973 - INFO - INFO - Rerank模型加载完成, 模型路径: /tmp/model/gte-multilingual-reranker-base
2025-03-12 11:22:52,976 - INFO - INFO - 信息抽取模型加载中, 模型路径: /tmp/model/uie-medium
2025-03-12 11:22:54,181 - INFO - INFO - 信息抽取模型加载完成, 模型路径: /tmp/model/uie-medium
2025-03-12 11:22:54,181 - INFO - INFO - MaskService initialized, embedding model: None
2025-03-12 11:22:54,182 - INFO - INFO - 加载模型：EMBEDDING_SMELL_ZH: /tmp/model/bge-small-zh
2025-03-12 11:22:54,281 - INFO - INFO - 加载模型完成
2025-03-12 13:33:22,308 - INFO - INFO - Embedding模型加载中, 模型路径: /tmp/model/Conan-embedding-v1
2025-03-12 13:33:22,480 - INFO - INFO - Embedding模型加载完成, 模型路径: /tmp/model/Conan-embedding-v1
2025-03-12 13:33:22,480 - INFO - INFO - 信息抽取模型加载中, 模型路径: /tmp/model/uie-medium
2025-03-12 13:33:24,003 - INFO - INFO - 信息抽取模型加载完成, 模型路径: /tmp/model/uie-medium
2025-03-12 13:33:24,003 - INFO - INFO - MaskService initialized, embedding model: None
2025-03-12 13:33:24,024 - INFO - INFO - 加载模型：EMBEDDING_SMELL_ZH: /tmp/model/bge-small-zh
2025-03-12 13:33:24,305 - INFO - INFO - 加载模型完成
2025-03-12 13:33:24,490 - INFO - INFO - Rerank模型加载中, 模型路径: /tmp/model/gte-multilingual-reranker-base
2025-03-12 13:36:36,648 - INFO - INFO - Embedding模型加载中, 模型路径: /tmp/model/Conan-embedding-v1
2025-03-12 13:36:36,807 - INFO - INFO - Embedding模型加载完成, 模型路径: /tmp/model/Conan-embedding-v1
2025-03-12 13:36:36,807 - INFO - INFO - 信息抽取模型加载中, 模型路径: /tmp/model/uie-medium
2025-03-12 13:36:38,400 - INFO - INFO - 信息抽取模型加载完成, 模型路径: /tmp/model/uie-medium
2025-03-12 13:36:38,400 - INFO - INFO - MaskService initialized, embedding model: None
2025-03-12 13:36:38,422 - INFO - INFO - 加载模型：EMBEDDING_SMELL_ZH: /tmp/model/bge-small-zh
2025-03-12 13:36:38,678 - INFO - INFO - 加载模型完成
2025-03-12 13:36:38,831 - INFO - INFO - Rerank模型加载中, 模型路径: /tmp/model/gte-multilingual-reranker-base
2025-03-12 13:36:39,501 - INFO - INFO - Rerank模型加载完成, 模型路径: /tmp/model/gte-multilingual-reranker-base
2025-03-12 13:36:39,507 - INFO - INFO - 信息抽取模型加载中, 模型路径: /tmp/model/uie-medium
2025-03-12 13:36:40,684 - INFO - INFO - 信息抽取模型加载完成, 模型路径: /tmp/model/uie-medium
2025-03-12 13:36:40,684 - INFO - INFO - MaskService initialized, embedding model: None
2025-03-12 13:36:40,685 - INFO - INFO - 加载模型：EMBEDDING_SMELL_ZH: /tmp/model/bge-small-zh
2025-03-12 13:36:40,786 - INFO - INFO - 加载模型完成
2025-03-12 13:36:41,037 - INFO - INFO - OCR模型加载完成，使用设备: cpu
